[0.840s] DEBUG:colcon:Command line arguments: ['/usr/bin/colcon', 'build']
[0.840s] DEBUG:colcon:Parsed command line arguments: Namespace(log_base=None, log_level=None, verb_name='build', build_base='build', install_base='install', merge_install=False, symlink_install=False, test_result_base=None, continue_on_error=False, executor='parallel', parallel_workers=6, event_handlers=None, ignore_user_meta=False, metas=['./colcon.meta'], base_paths=['.'], packages_ignore=None, packages_ignore_regex=None, paths=None, packages_up_to=None, packages_up_to_regex=None, packages_above=None, packages_above_and_dependencies=None, packages_above_depth=None, packages_select_by_dep=None, packages_skip_by_dep=None, packages_skip_up_to=None, packages_select_build_failed=False, packages_skip_build_finished=False, packages_select_test_failures=False, packages_skip_test_passed=False, packages_select=None, packages_skip=None, packages_select_regex=None, packages_skip_regex=None, packages_start=None, packages_end=None, allow_overriding=[], cmake_args=None, cmake_target=None, cmake_target_skip_unavailable=False, cmake_clean_cache=False, cmake_clean_first=False, cmake_force_configure=False, ament_cmake_args=None, catkin_cmake_args=None, catkin_skip_building_tests=False, verb_parser=<colcon_defaults.argument_parser.defaults.DefaultArgumentsDecorator object at 0x7fa379d37ca0>, verb_extension=<colcon_core.verb.build.BuildVerb object at 0x7fa379d49090>, main=<bound method BuildVerb.main of <colcon_core.verb.build.BuildVerb object at 0x7fa379d49090>>)
[0.878s] Level 1:colcon.colcon_core.package_discovery:discover_packages(colcon_meta) check parameters
[0.878s] Level 1:colcon.colcon_core.package_discovery:discover_packages(recursive) check parameters
[0.878s] Level 1:colcon.colcon_core.package_discovery:discover_packages(ignore) check parameters
[0.878s] Level 1:colcon.colcon_core.package_discovery:discover_packages(path) check parameters
[0.878s] Level 1:colcon.colcon_core.package_discovery:discover_packages(colcon_meta) discover
[0.878s] Level 1:colcon.colcon_core.package_discovery:discover_packages(recursive) discover
[0.878s] INFO:colcon.colcon_core.package_discovery:Crawling recursively for packages in '/home/blank/projects/path-planning'
[0.878s] Level 1:colcon.colcon_core.package_identification:_identify(.) by extensions ['ignore', 'ignore_ament_install']
[0.878s] Level 1:colcon.colcon_core.package_identification:_identify(.) by extension 'ignore'
[0.879s] Level 1:colcon.colcon_core.package_identification:_identify(.) by extension 'ignore_ament_install'
[0.879s] Level 1:colcon.colcon_core.package_identification:_identify(.) by extensions ['colcon_pkg']
[0.879s] Level 1:colcon.colcon_core.package_identification:_identify(.) by extension 'colcon_pkg'
[0.879s] Level 1:colcon.colcon_core.package_identification:_identify(.) by extensions ['colcon_meta']
[0.879s] Level 1:colcon.colcon_core.package_identification:_identify(.) by extension 'colcon_meta'
[0.879s] Level 1:colcon.colcon_core.package_identification:_identify(.) by extensions ['ros']
[0.879s] Level 1:colcon.colcon_core.package_identification:_identify(.) by extension 'ros'
[0.888s] Level 1:colcon.colcon_core.package_identification:_identify(.) by extensions ['cmake', 'python']
[0.888s] Level 1:colcon.colcon_core.package_identification:_identify(.) by extension 'cmake'
[0.888s] Level 1:colcon.colcon_core.package_identification:_identify(.) by extension 'python'
[0.888s] Level 1:colcon.colcon_core.package_identification:_identify(.) by extensions ['python_setup_py']
[0.888s] Level 1:colcon.colcon_core.package_identification:_identify(.) by extension 'python_setup_py'
[0.888s] Level 1:colcon.colcon_core.package_identification:_identify(build) by extensions ['ignore', 'ignore_ament_install']
[0.888s] Level 1:colcon.colcon_core.package_identification:_identify(build) by extension 'ignore'
[0.888s] Level 1:colcon.colcon_core.package_identification:_identify(build) ignored
[0.888s] Level 1:colcon.colcon_core.package_identification:_identify(install) by extensions ['ignore', 'ignore_ament_install']
[0.888s] Level 1:colcon.colcon_core.package_identification:_identify(install) by extension 'ignore'
[0.888s] Level 1:colcon.colcon_core.package_identification:_identify(install) ignored
[0.888s] Level 1:colcon.colcon_core.package_identification:_identify(log) by extensions ['ignore', 'ignore_ament_install']
[0.888s] Level 1:colcon.colcon_core.package_identification:_identify(log) by extension 'ignore'
[0.888s] Level 1:colcon.colcon_core.package_identification:_identify(log) ignored
[0.888s] Level 1:colcon.colcon_core.package_identification:_identify(src) by extensions ['ignore', 'ignore_ament_install']
[0.889s] Level 1:colcon.colcon_core.package_identification:_identify(src) by extension 'ignore'
[0.889s] Level 1:colcon.colcon_core.package_identification:_identify(src) by extension 'ignore_ament_install'
[0.889s] Level 1:colcon.colcon_core.package_identification:_identify(src) by extensions ['colcon_pkg']
[0.889s] Level 1:colcon.colcon_core.package_identification:_identify(src) by extension 'colcon_pkg'
[0.889s] Level 1:colcon.colcon_core.package_identification:_identify(src) by extensions ['colcon_meta']
[0.889s] Level 1:colcon.colcon_core.package_identification:_identify(src) by extension 'colcon_meta'
[0.889s] Level 1:colcon.colcon_core.package_identification:_identify(src) by extensions ['ros']
[0.889s] Level 1:colcon.colcon_core.package_identification:_identify(src) by extension 'ros'
[0.889s] Level 1:colcon.colcon_core.package_identification:_identify(src) by extensions ['cmake', 'python']
[0.889s] Level 1:colcon.colcon_core.package_identification:_identify(src) by extension 'cmake'
[0.889s] Level 1:colcon.colcon_core.package_identification:_identify(src) by extension 'python'
[0.889s] Level 1:colcon.colcon_core.package_identification:_identify(src) by extensions ['python_setup_py']
[0.889s] Level 1:colcon.colcon_core.package_identification:_identify(src) by extension 'python_setup_py'
[0.889s] Level 1:colcon.colcon_core.package_identification:_identify(src/roverrobotics_ros2) by extensions ['ignore', 'ignore_ament_install']
[0.889s] Level 1:colcon.colcon_core.package_identification:_identify(src/roverrobotics_ros2) by extension 'ignore'
[0.889s] Level 1:colcon.colcon_core.package_identification:_identify(src/roverrobotics_ros2) by extension 'ignore_ament_install'
[0.889s] Level 1:colcon.colcon_core.package_identification:_identify(src/roverrobotics_ros2) by extensions ['colcon_pkg']
[0.889s] Level 1:colcon.colcon_core.package_identification:_identify(src/roverrobotics_ros2) by extension 'colcon_pkg'
[0.889s] Level 1:colcon.colcon_core.package_identification:_identify(src/roverrobotics_ros2) by extensions ['colcon_meta']
[0.889s] Level 1:colcon.colcon_core.package_identification:_identify(src/roverrobotics_ros2) by extension 'colcon_meta'
[0.889s] Level 1:colcon.colcon_core.package_identification:_identify(src/roverrobotics_ros2) by extensions ['ros']
[0.889s] Level 1:colcon.colcon_core.package_identification:_identify(src/roverrobotics_ros2) by extension 'ros'
[0.889s] Level 1:colcon.colcon_core.package_identification:_identify(src/roverrobotics_ros2) by extensions ['cmake', 'python']
[0.889s] Level 1:colcon.colcon_core.package_identification:_identify(src/roverrobotics_ros2) by extension 'cmake'
[0.889s] Level 1:colcon.colcon_core.package_identification:_identify(src/roverrobotics_ros2) by extension 'python'
[0.889s] Level 1:colcon.colcon_core.package_identification:_identify(src/roverrobotics_ros2) by extensions ['python_setup_py']
[0.889s] Level 1:colcon.colcon_core.package_identification:_identify(src/roverrobotics_ros2) by extension 'python_setup_py'
[0.890s] Level 1:colcon.colcon_core.package_identification:_identify(src/roverrobotics_ros2/roverrobotics_description) by extensions ['ignore', 'ignore_ament_install']
[0.890s] Level 1:colcon.colcon_core.package_identification:_identify(src/roverrobotics_ros2/roverrobotics_description) by extension 'ignore'
[0.890s] Level 1:colcon.colcon_core.package_identification:_identify(src/roverrobotics_ros2/roverrobotics_description) by extension 'ignore_ament_install'
[0.890s] Level 1:colcon.colcon_core.package_identification:_identify(src/roverrobotics_ros2/roverrobotics_description) by extensions ['colcon_pkg']
[0.890s] Level 1:colcon.colcon_core.package_identification:_identify(src/roverrobotics_ros2/roverrobotics_description) by extension 'colcon_pkg'
[0.890s] Level 1:colcon.colcon_core.package_identification:_identify(src/roverrobotics_ros2/roverrobotics_description) by extensions ['colcon_meta']
[0.890s] Level 1:colcon.colcon_core.package_identification:_identify(src/roverrobotics_ros2/roverrobotics_description) by extension 'colcon_meta'
[0.890s] Level 1:colcon.colcon_core.package_identification:_identify(src/roverrobotics_ros2/roverrobotics_description) by extensions ['ros']
[0.890s] Level 1:colcon.colcon_core.package_identification:_identify(src/roverrobotics_ros2/roverrobotics_description) by extension 'ros'
[0.892s] DEBUG:colcon.colcon_core.package_identification:Package 'src/roverrobotics_ros2/roverrobotics_description' with type 'ros.ament_cmake' and name 'roverrobotics_description'
[0.892s] Level 1:colcon.colcon_core.package_identification:_identify(src/roverrobotics_ros2/roverrobotics_driver) by extensions ['ignore', 'ignore_ament_install']
[0.892s] Level 1:colcon.colcon_core.package_identification:_identify(src/roverrobotics_ros2/roverrobotics_driver) by extension 'ignore'
[0.892s] Level 1:colcon.colcon_core.package_identification:_identify(src/roverrobotics_ros2/roverrobotics_driver) by extension 'ignore_ament_install'
[0.892s] Level 1:colcon.colcon_core.package_identification:_identify(src/roverrobotics_ros2/roverrobotics_driver) by extensions ['colcon_pkg']
[0.892s] Level 1:colcon.colcon_core.package_identification:_identify(src/roverrobotics_ros2/roverrobotics_driver) by extension 'colcon_pkg'
[0.892s] Level 1:colcon.colcon_core.package_identification:_identify(src/roverrobotics_ros2/roverrobotics_driver) by extensions ['colcon_meta']
[0.892s] Level 1:colcon.colcon_core.package_identification:_identify(src/roverrobotics_ros2/roverrobotics_driver) by extension 'colcon_meta'
[0.892s] Level 1:colcon.colcon_core.package_identification:_identify(src/roverrobotics_ros2/roverrobotics_driver) by extensions ['ros']
[0.892s] Level 1:colcon.colcon_core.package_identification:_identify(src/roverrobotics_ros2/roverrobotics_driver) by extension 'ros'
[0.893s] DEBUG:colcon.colcon_core.package_identification:Package 'src/roverrobotics_ros2/roverrobotics_driver' with type 'ros.ament_cmake' and name 'roverrobotics_driver'
[0.893s] Level 1:colcon.colcon_core.package_identification:_identify(src/roverrobotics_ros2/roverrobotics_gazebo) by extensions ['ignore', 'ignore_ament_install']
[0.893s] Level 1:colcon.colcon_core.package_identification:_identify(src/roverrobotics_ros2/roverrobotics_gazebo) by extension 'ignore'
[0.893s] Level 1:colcon.colcon_core.package_identification:_identify(src/roverrobotics_ros2/roverrobotics_gazebo) by extension 'ignore_ament_install'
[0.893s] Level 1:colcon.colcon_core.package_identification:_identify(src/roverrobotics_ros2/roverrobotics_gazebo) by extensions ['colcon_pkg']
[0.893s] Level 1:colcon.colcon_core.package_identification:_identify(src/roverrobotics_ros2/roverrobotics_gazebo) by extension 'colcon_pkg'
[0.893s] Level 1:colcon.colcon_core.package_identification:_identify(src/roverrobotics_ros2/roverrobotics_gazebo) by extensions ['colcon_meta']
[0.893s] Level 1:colcon.colcon_core.package_identification:_identify(src/roverrobotics_ros2/roverrobotics_gazebo) by extension 'colcon_meta'
[0.893s] Level 1:colcon.colcon_core.package_identification:_identify(src/roverrobotics_ros2/roverrobotics_gazebo) by extensions ['ros']
[0.893s] Level 1:colcon.colcon_core.package_identification:_identify(src/roverrobotics_ros2/roverrobotics_gazebo) by extension 'ros'
[0.894s] DEBUG:colcon.colcon_core.package_identification:Package 'src/roverrobotics_ros2/roverrobotics_gazebo' with type 'ros.ament_cmake' and name 'roverrobotics_gazebo'
[0.894s] Level 1:colcon.colcon_core.package_identification:_identify(src/roverrobotics_ros2/roverrobotics_input_manager) by extensions ['ignore', 'ignore_ament_install']
[0.894s] Level 1:colcon.colcon_core.package_identification:_identify(src/roverrobotics_ros2/roverrobotics_input_manager) by extension 'ignore'
[0.894s] Level 1:colcon.colcon_core.package_identification:_identify(src/roverrobotics_ros2/roverrobotics_input_manager) by extension 'ignore_ament_install'
[0.894s] Level 1:colcon.colcon_core.package_identification:_identify(src/roverrobotics_ros2/roverrobotics_input_manager) by extensions ['colcon_pkg']
[0.894s] Level 1:colcon.colcon_core.package_identification:_identify(src/roverrobotics_ros2/roverrobotics_input_manager) by extension 'colcon_pkg'
[0.894s] Level 1:colcon.colcon_core.package_identification:_identify(src/roverrobotics_ros2/roverrobotics_input_manager) by extensions ['colcon_meta']
[0.894s] Level 1:colcon.colcon_core.package_identification:_identify(src/roverrobotics_ros2/roverrobotics_input_manager) by extension 'colcon_meta'
[0.894s] Level 1:colcon.colcon_core.package_identification:_identify(src/roverrobotics_ros2/roverrobotics_input_manager) by extensions ['ros']
[0.894s] Level 1:colcon.colcon_core.package_identification:_identify(src/roverrobotics_ros2/roverrobotics_input_manager) by extension 'ros'
[0.894s] DEBUG:colcon.colcon_core.package_identification:Package 'src/roverrobotics_ros2/roverrobotics_input_manager' with type 'ros.ament_cmake' and name 'roverrobotics_input_manager'
[0.894s] Level 1:colcon.colcon_core.package_discovery:discover_packages(recursive) using defaults
[0.894s] Level 1:colcon.colcon_core.package_discovery:discover_packages(ignore) discover
[0.895s] Level 1:colcon.colcon_core.package_discovery:discover_packages(ignore) using defaults
[0.895s] Level 1:colcon.colcon_core.package_discovery:discover_packages(path) discover
[0.895s] Level 1:colcon.colcon_core.package_discovery:discover_packages(path) using defaults
[0.972s] Level 1:colcon.colcon_core.package_discovery:discover_packages(prefix_path) check parameters
[0.972s] Level 1:colcon.colcon_core.package_discovery:discover_packages(prefix_path) discover
[0.998s] DEBUG:colcon.colcon_installed_package_information.package_discovery:Found 4 installed packages in /home/blank/projects/path-planning/install
[1.011s] DEBUG:colcon.colcon_installed_package_information.package_discovery:Found 283 installed packages in /opt/ros/humble
[1.012s] Level 1:colcon.colcon_core.package_discovery:discover_packages(prefix_path) using defaults
[1.094s] Level 5:colcon.colcon_core.verb:set package 'roverrobotics_description' build argument 'cmake_args' from command line to 'None'
[1.094s] Level 5:colcon.colcon_core.verb:set package 'roverrobotics_description' build argument 'cmake_target' from command line to 'None'
[1.094s] Level 5:colcon.colcon_core.verb:set package 'roverrobotics_description' build argument 'cmake_target_skip_unavailable' from command line to 'False'
[1.094s] Level 5:colcon.colcon_core.verb:set package 'roverrobotics_description' build argument 'cmake_clean_cache' from command line to 'False'
[1.094s] Level 5:colcon.colcon_core.verb:set package 'roverrobotics_description' build argument 'cmake_clean_first' from command line to 'False'
[1.094s] Level 5:colcon.colcon_core.verb:set package 'roverrobotics_description' build argument 'cmake_force_configure' from command line to 'False'
[1.094s] Level 5:colcon.colcon_core.verb:set package 'roverrobotics_description' build argument 'ament_cmake_args' from command line to 'None'
[1.094s] Level 5:colcon.colcon_core.verb:set package 'roverrobotics_description' build argument 'catkin_cmake_args' from command line to 'None'
[1.094s] Level 5:colcon.colcon_core.verb:set package 'roverrobotics_description' build argument 'catkin_skip_building_tests' from command line to 'False'
[1.094s] DEBUG:colcon.colcon_core.verb:Building package 'roverrobotics_description' with the following arguments: {'ament_cmake_args': None, 'build_base': '/home/blank/projects/path-planning/build/roverrobotics_description', 'catkin_cmake_args': None, 'catkin_skip_building_tests': False, 'cmake_args': None, 'cmake_clean_cache': False, 'cmake_clean_first': False, 'cmake_force_configure': False, 'cmake_target': None, 'cmake_target_skip_unavailable': False, 'install_base': '/home/blank/projects/path-planning/install/roverrobotics_description', 'merge_install': False, 'path': '/home/blank/projects/path-planning/src/roverrobotics_ros2/roverrobotics_description', 'symlink_install': False, 'test_result_base': None}
[1.107s] Level 5:colcon.colcon_core.verb:set package 'roverrobotics_driver' build argument 'cmake_args' from command line to 'None'
[1.107s] Level 5:colcon.colcon_core.verb:set package 'roverrobotics_driver' build argument 'cmake_target' from command line to 'None'
[1.107s] Level 5:colcon.colcon_core.verb:set package 'roverrobotics_driver' build argument 'cmake_target_skip_unavailable' from command line to 'False'
[1.107s] Level 5:colcon.colcon_core.verb:set package 'roverrobotics_driver' build argument 'cmake_clean_cache' from command line to 'False'
[1.107s] Level 5:colcon.colcon_core.verb:set package 'roverrobotics_driver' build argument 'cmake_clean_first' from command line to 'False'
[1.107s] Level 5:colcon.colcon_core.verb:set package 'roverrobotics_driver' build argument 'cmake_force_configure' from command line to 'False'
[1.107s] Level 5:colcon.colcon_core.verb:set package 'roverrobotics_driver' build argument 'ament_cmake_args' from command line to 'None'
[1.107s] Level 5:colcon.colcon_core.verb:set package 'roverrobotics_driver' build argument 'catkin_cmake_args' from command line to 'None'
[1.107s] Level 5:colcon.colcon_core.verb:set package 'roverrobotics_driver' build argument 'catkin_skip_building_tests' from command line to 'False'
[1.107s] DEBUG:colcon.colcon_core.verb:Building package 'roverrobotics_driver' with the following arguments: {'ament_cmake_args': None, 'build_base': '/home/blank/projects/path-planning/build/roverrobotics_driver', 'catkin_cmake_args': None, 'catkin_skip_building_tests': False, 'cmake_args': None, 'cmake_clean_cache': False, 'cmake_clean_first': False, 'cmake_force_configure': False, 'cmake_target': None, 'cmake_target_skip_unavailable': False, 'install_base': '/home/blank/projects/path-planning/install/roverrobotics_driver', 'merge_install': False, 'path': '/home/blank/projects/path-planning/src/roverrobotics_ros2/roverrobotics_driver', 'symlink_install': False, 'test_result_base': None}
[1.119s] Level 5:colcon.colcon_core.verb:set package 'roverrobotics_input_manager' build argument 'cmake_args' from command line to 'None'
[1.119s] Level 5:colcon.colcon_core.verb:set package 'roverrobotics_input_manager' build argument 'cmake_target' from command line to 'None'
[1.120s] Level 5:colcon.colcon_core.verb:set package 'roverrobotics_input_manager' build argument 'cmake_target_skip_unavailable' from command line to 'False'
[1.120s] Level 5:colcon.colcon_core.verb:set package 'roverrobotics_input_manager' build argument 'cmake_clean_cache' from command line to 'False'
[1.120s] Level 5:colcon.colcon_core.verb:set package 'roverrobotics_input_manager' build argument 'cmake_clean_first' from command line to 'False'
[1.120s] Level 5:colcon.colcon_core.verb:set package 'roverrobotics_input_manager' build argument 'cmake_force_configure' from command line to 'False'
[1.120s] Level 5:colcon.colcon_core.verb:set package 'roverrobotics_input_manager' build argument 'ament_cmake_args' from command line to 'None'
[1.120s] Level 5:colcon.colcon_core.verb:set package 'roverrobotics_input_manager' build argument 'catkin_cmake_args' from command line to 'None'
[1.120s] Level 5:colcon.colcon_core.verb:set package 'roverrobotics_input_manager' build argument 'catkin_skip_building_tests' from command line to 'False'
[1.120s] DEBUG:colcon.colcon_core.verb:Building package 'roverrobotics_input_manager' with the following arguments: {'ament_cmake_args': None, 'build_base': '/home/blank/projects/path-planning/build/roverrobotics_input_manager', 'catkin_cmake_args': None, 'catkin_skip_building_tests': False, 'cmake_args': None, 'cmake_clean_cache': False, 'cmake_clean_first': False, 'cmake_force_configure': False, 'cmake_target': None, 'cmake_target_skip_unavailable': False, 'install_base': '/home/blank/projects/path-planning/install/roverrobotics_input_manager', 'merge_install': False, 'path': '/home/blank/projects/path-planning/src/roverrobotics_ros2/roverrobotics_input_manager', 'symlink_install': False, 'test_result_base': None}
[1.132s] Level 5:colcon.colcon_core.verb:set package 'roverrobotics_gazebo' build argument 'cmake_args' from command line to 'None'
[1.132s] Level 5:colcon.colcon_core.verb:set package 'roverrobotics_gazebo' build argument 'cmake_target' from command line to 'None'
[1.132s] Level 5:colcon.colcon_core.verb:set package 'roverrobotics_gazebo' build argument 'cmake_target_skip_unavailable' from command line to 'False'
[1.132s] Level 5:colcon.colcon_core.verb:set package 'roverrobotics_gazebo' build argument 'cmake_clean_cache' from command line to 'False'
[1.132s] Level 5:colcon.colcon_core.verb:set package 'roverrobotics_gazebo' build argument 'cmake_clean_first' from command line to 'False'
[1.132s] Level 5:colcon.colcon_core.verb:set package 'roverrobotics_gazebo' build argument 'cmake_force_configure' from command line to 'False'
[1.132s] Level 5:colcon.colcon_core.verb:set package 'roverrobotics_gazebo' build argument 'ament_cmake_args' from command line to 'None'
[1.132s] Level 5:colcon.colcon_core.verb:set package 'roverrobotics_gazebo' build argument 'catkin_cmake_args' from command line to 'None'
[1.132s] Level 5:colcon.colcon_core.verb:set package 'roverrobotics_gazebo' build argument 'catkin_skip_building_tests' from command line to 'False'
[1.133s] DEBUG:colcon.colcon_core.verb:Building package 'roverrobotics_gazebo' with the following arguments: {'ament_cmake_args': None, 'build_base': '/home/blank/projects/path-planning/build/roverrobotics_gazebo', 'catkin_cmake_args': None, 'catkin_skip_building_tests': False, 'cmake_args': None, 'cmake_clean_cache': False, 'cmake_clean_first': False, 'cmake_force_configure': False, 'cmake_target': None, 'cmake_target_skip_unavailable': False, 'install_base': '/home/blank/projects/path-planning/install/roverrobotics_gazebo', 'merge_install': False, 'path': '/home/blank/projects/path-planning/src/roverrobotics_ros2/roverrobotics_gazebo', 'symlink_install': False, 'test_result_base': None}
[1.145s] INFO:colcon.colcon_core.executor:Executing jobs using 'parallel' executor
[1.158s] DEBUG:colcon.colcon_parallel_executor.executor.parallel:run_until_complete
[1.158s] INFO:colcon.colcon_ros.task.ament_cmake.build:Building ROS package in '/home/blank/projects/path-planning/src/roverrobotics_ros2/roverrobotics_description' with build type 'ament_cmake'
[1.158s] INFO:colcon.colcon_cmake.task.cmake.build:Building CMake package in '/home/blank/projects/path-planning/src/roverrobotics_ros2/roverrobotics_description'
[1.172s] INFO:colcon.colcon_core.plugin_system:Skipping extension 'colcon_core.shell.bat': Not used on non-Windows systems
[1.172s] INFO:colcon.colcon_core.shell:Skip shell extension 'powershell' for command environment: Not usable outside of PowerShell
[1.173s] DEBUG:colcon.colcon_core.shell:Skip shell extension 'dsv' for command environment
[1.212s] INFO:colcon.colcon_ros.task.ament_cmake.build:Building ROS package in '/home/blank/projects/path-planning/src/roverrobotics_ros2/roverrobotics_driver' with build type 'ament_cmake'
[1.212s] INFO:colcon.colcon_cmake.task.cmake.build:Building CMake package in '/home/blank/projects/path-planning/src/roverrobotics_ros2/roverrobotics_driver'
[1.225s] INFO:colcon.colcon_core.shell:Skip shell extension 'powershell' for command environment: Not usable outside of PowerShell
[1.225s] DEBUG:colcon.colcon_core.shell:Skip shell extension 'dsv' for command environment
[1.265s] INFO:colcon.colcon_ros.task.ament_cmake.build:Building ROS package in '/home/blank/projects/path-planning/src/roverrobotics_ros2/roverrobotics_input_manager' with build type 'ament_cmake'
[1.265s] INFO:colcon.colcon_cmake.task.cmake.build:Building CMake package in '/home/blank/projects/path-planning/src/roverrobotics_ros2/roverrobotics_input_manager'
[1.278s] INFO:colcon.colcon_core.shell:Skip shell extension 'powershell' for command environment: Not usable outside of PowerShell
[1.278s] DEBUG:colcon.colcon_core.shell:Skip shell extension 'dsv' for command environment
[1.322s] DEBUG:colcon.colcon_core.event_handler.log_command:Invoking command in '/home/blank/projects/path-planning/build/roverrobotics_description': CMAKE_PREFIX_PATH=${CMAKE_PREFIX_PATH}:/opt/ros/humble CONDA_PROMPT_MODIFIER=(base) /usr/bin/cmake --build /home/blank/projects/path-planning/build/roverrobotics_description -- -j6 -l6
[1.323s] DEBUG:colcon.colcon_core.event_handler.log_command:Invoking command in '/home/blank/projects/path-planning/build/roverrobotics_driver': CMAKE_PREFIX_PATH=${CMAKE_PREFIX_PATH}:/opt/ros/humble CONDA_PROMPT_MODIFIER=(base) /usr/bin/cmake --build /home/blank/projects/path-planning/build/roverrobotics_driver -- -j6 -l6
[1.326s] DEBUG:colcon.colcon_core.event_handler.log_command:Invoking command in '/home/blank/projects/path-planning/build/roverrobotics_input_manager': CMAKE_PREFIX_PATH=${CMAKE_PREFIX_PATH}:/opt/ros/humble CONDA_PROMPT_MODIFIER=(base) /usr/bin/cmake --build /home/blank/projects/path-planning/build/roverrobotics_input_manager -- -j6 -l6
[1.348s] DEBUG:colcon.colcon_core.event_handler.log_command:Invoked command in '/home/blank/projects/path-planning/build/roverrobotics_description' returned '0': CMAKE_PREFIX_PATH=${CMAKE_PREFIX_PATH}:/opt/ros/humble CONDA_PROMPT_MODIFIER=(base) /usr/bin/cmake --build /home/blank/projects/path-planning/build/roverrobotics_description -- -j6 -l6
[1.353s] DEBUG:colcon.colcon_core.event_handler.log_command:Invoked command in '/home/blank/projects/path-planning/build/roverrobotics_input_manager' returned '0': CMAKE_PREFIX_PATH=${CMAKE_PREFIX_PATH}:/opt/ros/humble CONDA_PROMPT_MODIFIER=(base) /usr/bin/cmake --build /home/blank/projects/path-planning/build/roverrobotics_input_manager -- -j6 -l6
[1.368s] DEBUG:colcon.colcon_core.event_handler.log_command:Invoking command in '/home/blank/projects/path-planning/build/roverrobotics_description': CMAKE_PREFIX_PATH=${CMAKE_PREFIX_PATH}:/opt/ros/humble CONDA_PROMPT_MODIFIER=(base) /usr/bin/cmake --install /home/blank/projects/path-planning/build/roverrobotics_description
[1.370s] DEBUG:colcon.colcon_core.event_handler.log_command:Invoking command in '/home/blank/projects/path-planning/build/roverrobotics_input_manager': CMAKE_PREFIX_PATH=${CMAKE_PREFIX_PATH}:/opt/ros/humble CONDA_PROMPT_MODIFIER=(base) /usr/bin/cmake --install /home/blank/projects/path-planning/build/roverrobotics_input_manager
[1.377s] Level 1:colcon.colcon_core.environment:create_environment_scripts_only(roverrobotics_description)
[1.380s] DEBUG:colcon.colcon_core.event_handler.log_command:Invoked command in '/home/blank/projects/path-planning/build/roverrobotics_description' returned '0': CMAKE_PREFIX_PATH=${CMAKE_PREFIX_PATH}:/opt/ros/humble CONDA_PROMPT_MODIFIER=(base) /usr/bin/cmake --install /home/blank/projects/path-planning/build/roverrobotics_description
[1.394s] Level 1:colcon.colcon_core.environment:checking '/home/blank/projects/path-planning/install/roverrobotics_description' for CMake module files
[1.394s] Level 1:colcon.colcon_core.environment:checking '/home/blank/projects/path-planning/install/roverrobotics_description' for CMake config files
[1.394s] Level 1:colcon.colcon_core.shell:create_environment_hook('roverrobotics_description', 'cmake_prefix_path')
[1.407s] INFO:colcon.colcon_core.shell:Creating environment hook '/home/blank/projects/path-planning/install/roverrobotics_description/share/roverrobotics_description/hook/cmake_prefix_path.ps1'
[1.407s] INFO:colcon.colcon_core.shell:Creating environment descriptor '/home/blank/projects/path-planning/install/roverrobotics_description/share/roverrobotics_description/hook/cmake_prefix_path.dsv'
[1.408s] INFO:colcon.colcon_core.shell:Creating environment hook '/home/blank/projects/path-planning/install/roverrobotics_description/share/roverrobotics_description/hook/cmake_prefix_path.sh'
[1.408s] Level 1:colcon.colcon_core.environment:checking '/home/blank/projects/path-planning/install/roverrobotics_description/bin'
[1.408s] Level 1:colcon.colcon_core.environment:checking '/home/blank/projects/path-planning/install/roverrobotics_description/lib/pkgconfig/roverrobotics_description.pc'
[1.409s] Level 1:colcon.colcon_core.environment:checking '/home/blank/projects/path-planning/install/roverrobotics_description/lib/python3.10/site-packages'
[1.409s] Level 1:colcon.colcon_core.environment:checking '/home/blank/projects/path-planning/install/roverrobotics_description/bin'
[1.421s] INFO:colcon.colcon_core.shell:Creating package script '/home/blank/projects/path-planning/install/roverrobotics_description/share/roverrobotics_description/package.ps1'
[1.422s] INFO:colcon.colcon_core.shell:Creating package descriptor '/home/blank/projects/path-planning/install/roverrobotics_description/share/roverrobotics_description/package.dsv'
[1.422s] INFO:colcon.colcon_core.shell:Creating package script '/home/blank/projects/path-planning/install/roverrobotics_description/share/roverrobotics_description/package.sh'
[1.423s] INFO:colcon.colcon_core.shell:Creating package script '/home/blank/projects/path-planning/install/roverrobotics_description/share/roverrobotics_description/package.bash'
[1.423s] INFO:colcon.colcon_core.shell:Creating package script '/home/blank/projects/path-planning/install/roverrobotics_description/share/roverrobotics_description/package.zsh'
[1.424s] Level 1:colcon.colcon_core.environment:create_file_with_runtime_dependencies(/home/blank/projects/path-planning/install/roverrobotics_description/share/colcon-core/packages/roverrobotics_description)
[1.425s] DEBUG:colcon.colcon_core.event_handler.log_command:Invoked command in '/home/blank/projects/path-planning/build/roverrobotics_driver' returned '0': CMAKE_PREFIX_PATH=${CMAKE_PREFIX_PATH}:/opt/ros/humble CONDA_PROMPT_MODIFIER=(base) /usr/bin/cmake --build /home/blank/projects/path-planning/build/roverrobotics_driver -- -j6 -l6
[1.426s] Level 1:colcon.colcon_core.environment:create_environment_scripts_only(roverrobotics_input_manager)
[1.426s] DEBUG:colcon.colcon_core.event_handler.log_command:Invoked command in '/home/blank/projects/path-planning/build/roverrobotics_input_manager' returned '0': CMAKE_PREFIX_PATH=${CMAKE_PREFIX_PATH}:/opt/ros/humble CONDA_PROMPT_MODIFIER=(base) /usr/bin/cmake --install /home/blank/projects/path-planning/build/roverrobotics_input_manager
[1.441s] Level 1:colcon.colcon_core.environment:checking '/home/blank/projects/path-planning/install/roverrobotics_input_manager' for CMake module files
[1.441s] Level 1:colcon.colcon_core.environment:checking '/home/blank/projects/path-planning/install/roverrobotics_input_manager' for CMake config files
[1.442s] Level 1:colcon.colcon_core.shell:create_environment_hook('roverrobotics_input_manager', 'cmake_prefix_path')
[1.455s] INFO:colcon.colcon_core.shell:Creating environment hook '/home/blank/projects/path-planning/install/roverrobotics_input_manager/share/roverrobotics_input_manager/hook/cmake_prefix_path.ps1'
[1.456s] INFO:colcon.colcon_core.shell:Creating environment descriptor '/home/blank/projects/path-planning/install/roverrobotics_input_manager/share/roverrobotics_input_manager/hook/cmake_prefix_path.dsv'
[1.456s] INFO:colcon.colcon_core.shell:Creating environment hook '/home/blank/projects/path-planning/install/roverrobotics_input_manager/share/roverrobotics_input_manager/hook/cmake_prefix_path.sh'
[1.456s] Level 1:colcon.colcon_core.environment:checking '/home/blank/projects/path-planning/install/roverrobotics_input_manager/lib'
[1.456s] Level 1:colcon.colcon_core.environment:checking '/home/blank/projects/path-planning/install/roverrobotics_input_manager/bin'
[1.456s] Level 1:colcon.colcon_core.environment:checking '/home/blank/projects/path-planning/install/roverrobotics_input_manager/lib/pkgconfig/roverrobotics_input_manager.pc'
[1.457s] Level 1:colcon.colcon_core.environment:checking '/home/blank/projects/path-planning/install/roverrobotics_input_manager/lib/python3.10/site-packages'
[1.457s] Level 1:colcon.colcon_core.environment:checking '/home/blank/projects/path-planning/install/roverrobotics_input_manager/bin'
[1.470s] INFO:colcon.colcon_core.shell:Creating package script '/home/blank/projects/path-planning/install/roverrobotics_input_manager/share/roverrobotics_input_manager/package.ps1'
[1.470s] INFO:colcon.colcon_core.shell:Creating package descriptor '/home/blank/projects/path-planning/install/roverrobotics_input_manager/share/roverrobotics_input_manager/package.dsv'
[1.471s] INFO:colcon.colcon_core.shell:Creating package script '/home/blank/projects/path-planning/install/roverrobotics_input_manager/share/roverrobotics_input_manager/package.sh'
[1.471s] INFO:colcon.colcon_core.shell:Creating package script '/home/blank/projects/path-planning/install/roverrobotics_input_manager/share/roverrobotics_input_manager/package.bash'
[1.471s] INFO:colcon.colcon_core.shell:Creating package script '/home/blank/projects/path-planning/install/roverrobotics_input_manager/share/roverrobotics_input_manager/package.zsh'
[1.471s] Level 1:colcon.colcon_core.environment:create_file_with_runtime_dependencies(/home/blank/projects/path-planning/install/roverrobotics_input_manager/share/colcon-core/packages/roverrobotics_input_manager)
[1.485s] Level 1:colcon.colcon_core.environment:create_environment_scripts_only(roverrobotics_description)
[1.499s] Level 1:colcon.colcon_core.environment:checking '/home/blank/projects/path-planning/install/roverrobotics_description' for CMake module files
[1.499s] Level 1:colcon.colcon_core.environment:checking '/home/blank/projects/path-planning/install/roverrobotics_description' for CMake config files
[1.499s] Level 1:colcon.colcon_core.shell:create_environment_hook('roverrobotics_description', 'cmake_prefix_path')
[1.512s] INFO:colcon.colcon_core.shell:Creating environment hook '/home/blank/projects/path-planning/install/roverrobotics_description/share/roverrobotics_description/hook/cmake_prefix_path.ps1'
[1.512s] INFO:colcon.colcon_core.shell:Creating environment descriptor '/home/blank/projects/path-planning/install/roverrobotics_description/share/roverrobotics_description/hook/cmake_prefix_path.dsv'
[1.512s] INFO:colcon.colcon_core.shell:Creating environment hook '/home/blank/projects/path-planning/install/roverrobotics_description/share/roverrobotics_description/hook/cmake_prefix_path.sh'
[1.513s] Level 1:colcon.colcon_core.environment:checking '/home/blank/projects/path-planning/install/roverrobotics_description/bin'
[1.513s] Level 1:colcon.colcon_core.environment:checking '/home/blank/projects/path-planning/install/roverrobotics_description/lib/pkgconfig/roverrobotics_description.pc'
[1.513s] Level 1:colcon.colcon_core.environment:checking '/home/blank/projects/path-planning/install/roverrobotics_description/lib/python3.10/site-packages'
[1.513s] Level 1:colcon.colcon_core.environment:checking '/home/blank/projects/path-planning/install/roverrobotics_description/bin'
[1.526s] INFO:colcon.colcon_core.shell:Creating package script '/home/blank/projects/path-planning/install/roverrobotics_description/share/roverrobotics_description/package.ps1'
[1.526s] INFO:colcon.colcon_core.shell:Creating package descriptor '/home/blank/projects/path-planning/install/roverrobotics_description/share/roverrobotics_description/package.dsv'
[1.526s] INFO:colcon.colcon_core.shell:Creating package script '/home/blank/projects/path-planning/install/roverrobotics_description/share/roverrobotics_description/package.sh'
[1.527s] INFO:colcon.colcon_core.shell:Creating package script '/home/blank/projects/path-planning/install/roverrobotics_description/share/roverrobotics_description/package.bash'
[1.527s] INFO:colcon.colcon_core.shell:Creating package script '/home/blank/projects/path-planning/install/roverrobotics_description/share/roverrobotics_description/package.zsh'
[1.527s] Level 1:colcon.colcon_core.environment:create_file_with_runtime_dependencies(/home/blank/projects/path-planning/install/roverrobotics_description/share/colcon-core/packages/roverrobotics_description)
[1.528s] INFO:colcon.colcon_ros.task.ament_cmake.build:Building ROS package in '/home/blank/projects/path-planning/src/roverrobotics_ros2/roverrobotics_gazebo' with build type 'ament_cmake'
[1.528s] INFO:colcon.colcon_cmake.task.cmake.build:Building CMake package in '/home/blank/projects/path-planning/src/roverrobotics_ros2/roverrobotics_gazebo'
[1.529s] DEBUG:colcon.colcon_core.event_handler.log_command:Invoking command in '/home/blank/projects/path-planning/build/roverrobotics_driver': CMAKE_PREFIX_PATH=${CMAKE_PREFIX_PATH}:/opt/ros/humble CONDA_PROMPT_MODIFIER=(base) /usr/bin/cmake --install /home/blank/projects/path-planning/build/roverrobotics_driver
[1.541s] INFO:colcon.colcon_core.shell:Skip shell extension 'powershell' for command environment: Not usable outside of PowerShell
[1.541s] DEBUG:colcon.colcon_core.shell:Skip shell extension 'dsv' for command environment
[1.598s] Level 1:colcon.colcon_core.environment:create_environment_scripts_only(roverrobotics_input_manager)
[1.611s] Level 1:colcon.colcon_core.environment:checking '/home/blank/projects/path-planning/install/roverrobotics_input_manager' for CMake module files
[1.611s] Level 1:colcon.colcon_core.environment:checking '/home/blank/projects/path-planning/install/roverrobotics_input_manager' for CMake config files
[1.611s] Level 1:colcon.colcon_core.shell:create_environment_hook('roverrobotics_input_manager', 'cmake_prefix_path')
[1.624s] INFO:colcon.colcon_core.shell:Creating environment hook '/home/blank/projects/path-planning/install/roverrobotics_input_manager/share/roverrobotics_input_manager/hook/cmake_prefix_path.ps1'
[1.624s] INFO:colcon.colcon_core.shell:Creating environment descriptor '/home/blank/projects/path-planning/install/roverrobotics_input_manager/share/roverrobotics_input_manager/hook/cmake_prefix_path.dsv'
[1.624s] INFO:colcon.colcon_core.shell:Creating environment hook '/home/blank/projects/path-planning/install/roverrobotics_input_manager/share/roverrobotics_input_manager/hook/cmake_prefix_path.sh'
[1.625s] Level 1:colcon.colcon_core.environment:checking '/home/blank/projects/path-planning/install/roverrobotics_input_manager/lib'
[1.625s] Level 1:colcon.colcon_core.environment:checking '/home/blank/projects/path-planning/install/roverrobotics_input_manager/bin'
[1.625s] Level 1:colcon.colcon_core.environment:checking '/home/blank/projects/path-planning/install/roverrobotics_input_manager/lib/pkgconfig/roverrobotics_input_manager.pc'
[1.625s] Level 1:colcon.colcon_core.environment:checking '/home/blank/projects/path-planning/install/roverrobotics_input_manager/lib/python3.10/site-packages'
[1.625s] Level 1:colcon.colcon_core.environment:checking '/home/blank/projects/path-planning/install/roverrobotics_input_manager/bin'
[1.638s] INFO:colcon.colcon_core.shell:Creating package script '/home/blank/projects/path-planning/install/roverrobotics_input_manager/share/roverrobotics_input_manager/package.ps1'
[1.638s] INFO:colcon.colcon_core.shell:Creating package descriptor '/home/blank/projects/path-planning/install/roverrobotics_input_manager/share/roverrobotics_input_manager/package.dsv'
[1.638s] INFO:colcon.colcon_core.shell:Creating package script '/home/blank/projects/path-planning/install/roverrobotics_input_manager/share/roverrobotics_input_manager/package.sh'
[1.639s] INFO:colcon.colcon_core.shell:Creating package script '/home/blank/projects/path-planning/install/roverrobotics_input_manager/share/roverrobotics_input_manager/package.bash'
[1.639s] INFO:colcon.colcon_core.shell:Creating package script '/home/blank/projects/path-planning/install/roverrobotics_input_manager/share/roverrobotics_input_manager/package.zsh'
[1.639s] Level 1:colcon.colcon_core.environment:create_file_with_runtime_dependencies(/home/blank/projects/path-planning/install/roverrobotics_input_manager/share/colcon-core/packages/roverrobotics_input_manager)
[1.640s] Level 1:colcon.colcon_core.environment:create_environment_scripts_only(roverrobotics_driver)
[1.640s] DEBUG:colcon.colcon_core.event_handler.log_command:Invoked command in '/home/blank/projects/path-planning/build/roverrobotics_driver' returned '0': CMAKE_PREFIX_PATH=${CMAKE_PREFIX_PATH}:/opt/ros/humble CONDA_PROMPT_MODIFIER=(base) /usr/bin/cmake --install /home/blank/projects/path-planning/build/roverrobotics_driver
[1.653s] Level 1:colcon.colcon_core.environment:checking '/home/blank/projects/path-planning/install/roverrobotics_driver' for CMake module files
[1.654s] Level 1:colcon.colcon_core.environment:checking '/home/blank/projects/path-planning/install/roverrobotics_driver' for CMake config files
[1.654s] Level 1:colcon.colcon_core.shell:create_environment_hook('roverrobotics_driver', 'cmake_prefix_path')
[1.667s] INFO:colcon.colcon_core.shell:Creating environment hook '/home/blank/projects/path-planning/install/roverrobotics_driver/share/roverrobotics_driver/hook/cmake_prefix_path.ps1'
[1.668s] INFO:colcon.colcon_core.shell:Creating environment descriptor '/home/blank/projects/path-planning/install/roverrobotics_driver/share/roverrobotics_driver/hook/cmake_prefix_path.dsv'
[1.668s] INFO:colcon.colcon_core.shell:Creating environment hook '/home/blank/projects/path-planning/install/roverrobotics_driver/share/roverrobotics_driver/hook/cmake_prefix_path.sh'
[1.668s] Level 1:colcon.colcon_core.environment:checking '/home/blank/projects/path-planning/install/roverrobotics_driver/lib'
[1.668s] Level 1:colcon.colcon_core.environment:checking '/home/blank/projects/path-planning/install/roverrobotics_driver/bin'
[1.668s] Level 1:colcon.colcon_core.environment:checking '/home/blank/projects/path-planning/install/roverrobotics_driver/lib/pkgconfig/roverrobotics_driver.pc'
[1.668s] Level 1:colcon.colcon_core.environment:checking '/home/blank/projects/path-planning/install/roverrobotics_driver/lib/python3.10/site-packages'
[1.669s] Level 1:colcon.colcon_core.environment:checking '/home/blank/projects/path-planning/install/roverrobotics_driver/bin'
[1.682s] INFO:colcon.colcon_core.shell:Creating package script '/home/blank/projects/path-planning/install/roverrobotics_driver/share/roverrobotics_driver/package.ps1'
[1.682s] INFO:colcon.colcon_core.shell:Creating package descriptor '/home/blank/projects/path-planning/install/roverrobotics_driver/share/roverrobotics_driver/package.dsv'
[1.682s] INFO:colcon.colcon_core.shell:Creating package script '/home/blank/projects/path-planning/install/roverrobotics_driver/share/roverrobotics_driver/package.sh'
[1.683s] INFO:colcon.colcon_core.shell:Creating package script '/home/blank/projects/path-planning/install/roverrobotics_driver/share/roverrobotics_driver/package.bash'
[1.683s] INFO:colcon.colcon_core.shell:Creating package script '/home/blank/projects/path-planning/install/roverrobotics_driver/share/roverrobotics_driver/package.zsh'
[1.683s] Level 1:colcon.colcon_core.environment:create_file_with_runtime_dependencies(/home/blank/projects/path-planning/install/roverrobotics_driver/share/colcon-core/packages/roverrobotics_driver)
[1.686s] DEBUG:colcon.colcon_core.event_handler.log_command:Invoking command in '/home/blank/projects/path-planning/build/roverrobotics_gazebo': CMAKE_PREFIX_PATH=/home/blank/projects/path-planning/install/roverrobotics_description:/home/blank/projects/path-planning/install/roverrobotics_input_manager:/home/blank/projects/path-planning/install/roverrobotics_gazebo:/home/blank/projects/path-planning/install/roverrobotics_driver:/opt/ros/humble CONDA_PROMPT_MODIFIER=(base) /usr/bin/cmake --build /home/blank/projects/path-planning/build/roverrobotics_gazebo -- -j6 -l6
[1.723s] Level 1:colcon.colcon_core.environment:create_environment_scripts_only(roverrobotics_driver)
[1.736s] Level 1:colcon.colcon_core.environment:checking '/home/blank/projects/path-planning/install/roverrobotics_driver' for CMake module files
[1.736s] Level 1:colcon.colcon_core.environment:checking '/home/blank/projects/path-planning/install/roverrobotics_driver' for CMake config files
[1.736s] Level 1:colcon.colcon_core.shell:create_environment_hook('roverrobotics_driver', 'cmake_prefix_path')
[1.749s] INFO:colcon.colcon_core.shell:Creating environment hook '/home/blank/projects/path-planning/install/roverrobotics_driver/share/roverrobotics_driver/hook/cmake_prefix_path.ps1'
[1.749s] INFO:colcon.colcon_core.shell:Creating environment descriptor '/home/blank/projects/path-planning/install/roverrobotics_driver/share/roverrobotics_driver/hook/cmake_prefix_path.dsv'
[1.750s] INFO:colcon.colcon_core.shell:Creating environment hook '/home/blank/projects/path-planning/install/roverrobotics_driver/share/roverrobotics_driver/hook/cmake_prefix_path.sh'
[1.750s] Level 1:colcon.colcon_core.environment:checking '/home/blank/projects/path-planning/install/roverrobotics_driver/lib'
[1.750s] Level 1:colcon.colcon_core.environment:checking '/home/blank/projects/path-planning/install/roverrobotics_driver/bin'
[1.750s] Level 1:colcon.colcon_core.environment:checking '/home/blank/projects/path-planning/install/roverrobotics_driver/lib/pkgconfig/roverrobotics_driver.pc'
[1.750s] Level 1:colcon.colcon_core.environment:checking '/home/blank/projects/path-planning/install/roverrobotics_driver/lib/python3.10/site-packages'
[1.750s] Level 1:colcon.colcon_core.environment:checking '/home/blank/projects/path-planning/install/roverrobotics_driver/bin'
[1.763s] INFO:colcon.colcon_core.shell:Creating package script '/home/blank/projects/path-planning/install/roverrobotics_driver/share/roverrobotics_driver/package.ps1'
[1.764s] INFO:colcon.colcon_core.shell:Creating package descriptor '/home/blank/projects/path-planning/install/roverrobotics_driver/share/roverrobotics_driver/package.dsv'
[1.764s] INFO:colcon.colcon_core.shell:Creating package script '/home/blank/projects/path-planning/install/roverrobotics_driver/share/roverrobotics_driver/package.sh'
[1.764s] INFO:colcon.colcon_core.shell:Creating package script '/home/blank/projects/path-planning/install/roverrobotics_driver/share/roverrobotics_driver/package.bash'
[1.764s] INFO:colcon.colcon_core.shell:Creating package script '/home/blank/projects/path-planning/install/roverrobotics_driver/share/roverrobotics_driver/package.zsh'
[1.765s] Level 1:colcon.colcon_core.environment:create_file_with_runtime_dependencies(/home/blank/projects/path-planning/install/roverrobotics_driver/share/colcon-core/packages/roverrobotics_driver)
[1.766s] DEBUG:colcon.colcon_core.event_handler.log_command:Invoked command in '/home/blank/projects/path-planning/build/roverrobotics_gazebo' returned '0': CMAKE_PREFIX_PATH=/home/blank/projects/path-planning/install/roverrobotics_description:/home/blank/projects/path-planning/install/roverrobotics_input_manager:/home/blank/projects/path-planning/install/roverrobotics_gazebo:/home/blank/projects/path-planning/install/roverrobotics_driver:/opt/ros/humble CONDA_PROMPT_MODIFIER=(base) /usr/bin/cmake --build /home/blank/projects/path-planning/build/roverrobotics_gazebo -- -j6 -l6
[1.780s] DEBUG:colcon.colcon_core.event_handler.log_command:Invoking command in '/home/blank/projects/path-planning/build/roverrobotics_gazebo': CMAKE_PREFIX_PATH=/home/blank/projects/path-planning/install/roverrobotics_description:/home/blank/projects/path-planning/install/roverrobotics_input_manager:/home/blank/projects/path-planning/install/roverrobotics_gazebo:/home/blank/projects/path-planning/install/roverrobotics_driver:/opt/ros/humble CONDA_PROMPT_MODIFIER=(base) /usr/bin/cmake --install /home/blank/projects/path-planning/build/roverrobotics_gazebo
[1.787s] Level 1:colcon.colcon_core.environment:create_environment_scripts_only(roverrobotics_gazebo)
[1.787s] DEBUG:colcon.colcon_core.event_handler.log_command:Invoked command in '/home/blank/projects/path-planning/build/roverrobotics_gazebo' returned '0': CMAKE_PREFIX_PATH=/home/blank/projects/path-planning/install/roverrobotics_description:/home/blank/projects/path-planning/install/roverrobotics_input_manager:/home/blank/projects/path-planning/install/roverrobotics_gazebo:/home/blank/projects/path-planning/install/roverrobotics_driver:/opt/ros/humble CONDA_PROMPT_MODIFIER=(base) /usr/bin/cmake --install /home/blank/projects/path-planning/build/roverrobotics_gazebo
[1.800s] Level 1:colcon.colcon_core.environment:checking '/home/blank/projects/path-planning/install/roverrobotics_gazebo' for CMake module files
[1.800s] Level 1:colcon.colcon_core.environment:checking '/home/blank/projects/path-planning/install/roverrobotics_gazebo' for CMake config files
[1.800s] Level 1:colcon.colcon_core.shell:create_environment_hook('roverrobotics_gazebo', 'cmake_prefix_path')
[1.812s] INFO:colcon.colcon_core.shell:Creating environment hook '/home/blank/projects/path-planning/install/roverrobotics_gazebo/share/roverrobotics_gazebo/hook/cmake_prefix_path.ps1'
[1.813s] INFO:colcon.colcon_core.shell:Creating environment descriptor '/home/blank/projects/path-planning/install/roverrobotics_gazebo/share/roverrobotics_gazebo/hook/cmake_prefix_path.dsv'
[1.813s] INFO:colcon.colcon_core.shell:Creating environment hook '/home/blank/projects/path-planning/install/roverrobotics_gazebo/share/roverrobotics_gazebo/hook/cmake_prefix_path.sh'
[1.813s] Level 1:colcon.colcon_core.environment:checking '/home/blank/projects/path-planning/install/roverrobotics_gazebo/bin'
[1.813s] Level 1:colcon.colcon_core.environment:checking '/home/blank/projects/path-planning/install/roverrobotics_gazebo/lib/pkgconfig/roverrobotics_gazebo.pc'
[1.814s] Level 1:colcon.colcon_core.environment:checking '/home/blank/projects/path-planning/install/roverrobotics_gazebo/lib/python3.10/site-packages'
[1.814s] Level 1:colcon.colcon_core.environment:checking '/home/blank/projects/path-planning/install/roverrobotics_gazebo/bin'
[1.826s] INFO:colcon.colcon_core.shell:Creating package script '/home/blank/projects/path-planning/install/roverrobotics_gazebo/share/roverrobotics_gazebo/package.ps1'
[1.827s] INFO:colcon.colcon_core.shell:Creating package descriptor '/home/blank/projects/path-planning/install/roverrobotics_gazebo/share/roverrobotics_gazebo/package.dsv'
[1.827s] INFO:colcon.colcon_core.shell:Creating package script '/home/blank/projects/path-planning/install/roverrobotics_gazebo/share/roverrobotics_gazebo/package.sh'
[1.827s] INFO:colcon.colcon_core.shell:Creating package script '/home/blank/projects/path-planning/install/roverrobotics_gazebo/share/roverrobotics_gazebo/package.bash'
[1.827s] INFO:colcon.colcon_core.shell:Creating package script '/home/blank/projects/path-planning/install/roverrobotics_gazebo/share/roverrobotics_gazebo/package.zsh'
[1.827s] Level 1:colcon.colcon_core.environment:create_file_with_runtime_dependencies(/home/blank/projects/path-planning/install/roverrobotics_gazebo/share/colcon-core/packages/roverrobotics_gazebo)
[1.853s] Level 1:colcon.colcon_core.environment:create_environment_scripts_only(roverrobotics_gazebo)
[1.866s] Level 1:colcon.colcon_core.environment:checking '/home/blank/projects/path-planning/install/roverrobotics_gazebo' for CMake module files
[1.866s] Level 1:colcon.colcon_core.environment:checking '/home/blank/projects/path-planning/install/roverrobotics_gazebo' for CMake config files
[1.867s] Level 1:colcon.colcon_core.shell:create_environment_hook('roverrobotics_gazebo', 'cmake_prefix_path')
[1.879s] INFO:colcon.colcon_core.shell:Creating environment hook '/home/blank/projects/path-planning/install/roverrobotics_gazebo/share/roverrobotics_gazebo/hook/cmake_prefix_path.ps1'
[1.879s] INFO:colcon.colcon_core.shell:Creating environment descriptor '/home/blank/projects/path-planning/install/roverrobotics_gazebo/share/roverrobotics_gazebo/hook/cmake_prefix_path.dsv'
[1.880s] INFO:colcon.colcon_core.shell:Creating environment hook '/home/blank/projects/path-planning/install/roverrobotics_gazebo/share/roverrobotics_gazebo/hook/cmake_prefix_path.sh'
[1.880s] Level 1:colcon.colcon_core.environment:checking '/home/blank/projects/path-planning/install/roverrobotics_gazebo/bin'
[1.880s] Level 1:colcon.colcon_core.environment:checking '/home/blank/projects/path-planning/install/roverrobotics_gazebo/lib/pkgconfig/roverrobotics_gazebo.pc'
[1.880s] Level 1:colcon.colcon_core.environment:checking '/home/blank/projects/path-planning/install/roverrobotics_gazebo/lib/python3.10/site-packages'
[1.880s] Level 1:colcon.colcon_core.environment:checking '/home/blank/projects/path-planning/install/roverrobotics_gazebo/bin'
[1.893s] INFO:colcon.colcon_core.shell:Creating package script '/home/blank/projects/path-planning/install/roverrobotics_gazebo/share/roverrobotics_gazebo/package.ps1'
[1.893s] INFO:colcon.colcon_core.shell:Creating package descriptor '/home/blank/projects/path-planning/install/roverrobotics_gazebo/share/roverrobotics_gazebo/package.dsv'
[1.893s] INFO:colcon.colcon_core.shell:Creating package script '/home/blank/projects/path-planning/install/roverrobotics_gazebo/share/roverrobotics_gazebo/package.sh'
[1.894s] INFO:colcon.colcon_core.shell:Creating package script '/home/blank/projects/path-planning/install/roverrobotics_gazebo/share/roverrobotics_gazebo/package.bash'
[1.894s] INFO:colcon.colcon_core.shell:Creating package script '/home/blank/projects/path-planning/install/roverrobotics_gazebo/share/roverrobotics_gazebo/package.zsh'
[1.894s] Level 1:colcon.colcon_core.environment:create_file_with_runtime_dependencies(/home/blank/projects/path-planning/install/roverrobotics_gazebo/share/colcon-core/packages/roverrobotics_gazebo)
[1.894s] DEBUG:colcon.colcon_parallel_executor.executor.parallel:closing loop
[1.895s] DEBUG:colcon.colcon_parallel_executor.executor.parallel:loop closed
[1.895s] DEBUG:colcon.colcon_parallel_executor.executor.parallel:run_until_complete finished with '0'
[1.895s] DEBUG:colcon.colcon_core.event_reactor:joining thread
[1.911s] INFO:colcon.colcon_core.plugin_system:Skipping extension 'colcon_notification.desktop_notification.terminal_notifier': Not used on non-Darwin systems
[1.911s] INFO:colcon.colcon_core.plugin_system:Skipping extension 'colcon_notification.desktop_notification.win32': Not used on non-Windows systems
[1.911s] INFO:colcon.colcon_notification.desktop_notification:Sending desktop notification using 'notify2'
[1.919s] DEBUG:colcon.colcon_core.event_reactor:joined thread
[1.931s] INFO:colcon.colcon_core.shell:Creating prefix script '/home/blank/projects/path-planning/install/local_setup.ps1'
[1.932s] INFO:colcon.colcon_core.shell:Creating prefix util module '/home/blank/projects/path-planning/install/_local_setup_util_ps1.py'
[1.933s] INFO:colcon.colcon_core.shell:Creating prefix chain script '/home/blank/projects/path-planning/install/setup.ps1'
[1.946s] INFO:colcon.colcon_core.shell:Creating prefix script '/home/blank/projects/path-planning/install/local_setup.sh'
[1.946s] INFO:colcon.colcon_core.shell:Creating prefix util module '/home/blank/projects/path-planning/install/_local_setup_util_sh.py'
[1.947s] INFO:colcon.colcon_core.shell:Creating prefix chain script '/home/blank/projects/path-planning/install/setup.sh'
[1.969s] INFO:colcon.colcon_core.shell:Creating prefix script '/home/blank/projects/path-planning/install/local_setup.bash'
[1.970s] INFO:colcon.colcon_core.shell:Creating prefix chain script '/home/blank/projects/path-planning/install/setup.bash'
[1.983s] INFO:colcon.colcon_core.shell:Creating prefix script '/home/blank/projects/path-planning/install/local_setup.zsh'
[1.983s] INFO:colcon.colcon_core.shell:Creating prefix chain script '/home/blank/projects/path-planning/install/setup.zsh'
