[0.109s] Invoking command in '/home/blank/projects/path-planning/build/roverrobotics_gazebo': CMAKE_PREFIX_PATH=/home/blank/projects/path-planning/install/roverrobotics_description:/home/blank/projects/path-planning/install/roverrobotics_input_manager:/home/blank/projects/path-planning/install/roverrobotics_gazebo:/home/blank/projects/path-planning/install/roverrobotics_driver:/opt/ros/humble CONDA_PROMPT_MODIFIER=(base) /usr/bin/cmake --build /home/blank/projects/path-planning/build/roverrobotics_gazebo -- -j6 -l6
[0.160s] Invoked command in '/home/blank/projects/path-planning/build/roverrobotics_gazebo' returned '0': CMAKE_PREFIX_PATH=/home/blank/projects/path-planning/install/roverrobotics_description:/home/blank/projects/path-planning/install/roverrobotics_input_manager:/home/blank/projects/path-planning/install/roverrobotics_gazebo:/home/blank/projects/path-planning/install/roverrobotics_driver:/opt/ros/humble CONDA_PROMPT_MODIFIER=(base) /usr/bin/cmake --build /home/blank/projects/path-planning/build/roverrobotics_gazebo -- -j6 -l6
[0.175s] Invoking command in '/home/blank/projects/path-planning/build/roverrobotics_gazebo': CMAKE_PREFIX_PATH=/home/blank/projects/path-planning/install/roverrobotics_description:/home/blank/projects/path-planning/install/roverrobotics_input_manager:/home/blank/projects/path-planning/install/roverrobotics_gazebo:/home/blank/projects/path-planning/install/roverrobotics_driver:/opt/ros/humble CONDA_PROMPT_MODIFIER=(base) /usr/bin/cmake --install /home/blank/projects/path-planning/build/roverrobotics_gazebo
[0.180s] -- Install configuration: ""
[0.180s] -- Up-to-date: /home/blank/projects/path-planning/install/roverrobotics_gazebo/share/roverrobotics_gazebo/launch
[0.180s] -- Up-to-date: /home/blank/projects/path-planning/install/roverrobotics_gazebo/share/roverrobotics_gazebo/launch/mini_gazebo.launch.py
[0.180s] -- Up-to-date: /home/blank/projects/path-planning/install/roverrobotics_gazebo/share/roverrobotics_gazebo/launch/4wd_rover_gazebo.launch.py
[0.180s] -- Up-to-date: /home/blank/projects/path-planning/install/roverrobotics_gazebo/share/roverrobotics_gazebo/launch/flipper_gazebo.launch.py
[0.180s] -- Up-to-date: /home/blank/projects/path-planning/install/roverrobotics_gazebo/share/roverrobotics_gazebo/launch/miti_gazebo.launch.py
[0.181s] -- Up-to-date: /home/blank/projects/path-planning/install/roverrobotics_gazebo/share/roverrobotics_gazebo/launch/indoor_miti_gazebo.launch.py
[0.181s] -- Up-to-date: /home/blank/projects/path-planning/install/roverrobotics_gazebo/share/roverrobotics_gazebo/launch/2wd_rover_gazebo.launch.py
[0.181s] -- Up-to-date: /home/blank/projects/path-planning/install/roverrobotics_gazebo/share/roverrobotics_gazebo/worlds
[0.181s] -- Up-to-date: /home/blank/projects/path-planning/install/roverrobotics_gazebo/share/roverrobotics_gazebo/worlds/warehouse.sdf
[0.181s] -- Up-to-date: /home/blank/projects/path-planning/install/roverrobotics_gazebo/share/roverrobotics_gazebo/worlds/depot.sdf
[0.181s] -- Up-to-date: /home/blank/projects/path-planning/install/roverrobotics_gazebo/share/roverrobotics_gazebo/worlds/maze.sdf
[0.181s] -- Up-to-date: /home/blank/projects/path-planning/install/roverrobotics_gazebo/share/ament_index/resource_index/package_run_dependencies/roverrobotics_gazebo
[0.181s] -- Up-to-date: /home/blank/projects/path-planning/install/roverrobotics_gazebo/share/ament_index/resource_index/parent_prefix_path/roverrobotics_gazebo
[0.181s] -- Up-to-date: /home/blank/projects/path-planning/install/roverrobotics_gazebo/share/roverrobotics_gazebo/environment/ament_prefix_path.sh
[0.181s] -- Up-to-date: /home/blank/projects/path-planning/install/roverrobotics_gazebo/share/roverrobotics_gazebo/environment/ament_prefix_path.dsv
[0.181s] -- Up-to-date: /home/blank/projects/path-planning/install/roverrobotics_gazebo/share/roverrobotics_gazebo/environment/path.sh
[0.181s] -- Up-to-date: /home/blank/projects/path-planning/install/roverrobotics_gazebo/share/roverrobotics_gazebo/environment/path.dsv
[0.181s] -- Up-to-date: /home/blank/projects/path-planning/install/roverrobotics_gazebo/share/roverrobotics_gazebo/local_setup.bash
[0.182s] -- Up-to-date: /home/blank/projects/path-planning/install/roverrobotics_gazebo/share/roverrobotics_gazebo/local_setup.sh
[0.182s] -- Up-to-date: /home/blank/projects/path-planning/install/roverrobotics_gazebo/share/roverrobotics_gazebo/local_setup.zsh
[0.182s] -- Up-to-date: /home/blank/projects/path-planning/install/roverrobotics_gazebo/share/roverrobotics_gazebo/local_setup.dsv
[0.182s] -- Installing: /home/blank/projects/path-planning/install/roverrobotics_gazebo/share/roverrobotics_gazebo/package.dsv
[0.182s] -- Up-to-date: /home/blank/projects/path-planning/install/roverrobotics_gazebo/share/ament_index/resource_index/packages/roverrobotics_gazebo
[0.182s] -- Up-to-date: /home/blank/projects/path-planning/install/roverrobotics_gazebo/share/roverrobotics_gazebo/cmake/roverrobotics_gazeboConfig.cmake
[0.182s] -- Up-to-date: /home/blank/projects/path-planning/install/roverrobotics_gazebo/share/roverrobotics_gazebo/cmake/roverrobotics_gazeboConfig-version.cmake
[0.182s] -- Up-to-date: /home/blank/projects/path-planning/install/roverrobotics_gazebo/share/roverrobotics_gazebo/package.xml
[0.183s] Invoked command in '/home/blank/projects/path-planning/build/roverrobotics_gazebo' returned '0': CMAKE_PREFIX_PATH=/home/blank/projects/path-planning/install/roverrobotics_description:/home/blank/projects/path-planning/install/roverrobotics_input_manager:/home/blank/projects/path-planning/install/roverrobotics_gazebo:/home/blank/projects/path-planning/install/roverrobotics_driver:/opt/ros/humble CONDA_PROMPT_MODIFIER=(base) /usr/bin/cmake --install /home/blank/projects/path-planning/build/roverrobotics_gazebo
