[0.853s] DEBUG:colcon:Command line arguments: ['/usr/bin/colcon', 'build']
[0.853s] DEBUG:colcon:Parsed command line arguments: Namespace(log_base=None, log_level=None, verb_name='build', build_base='build', install_base='install', merge_install=False, symlink_install=False, test_result_base=None, continue_on_error=False, executor='parallel', parallel_workers=6, event_handlers=None, ignore_user_meta=False, metas=['./colcon.meta'], base_paths=['.'], packages_ignore=None, packages_ignore_regex=None, paths=None, packages_up_to=None, packages_up_to_regex=None, packages_above=None, packages_above_and_dependencies=None, packages_above_depth=None, packages_select_by_dep=None, packages_skip_by_dep=None, packages_skip_up_to=None, packages_select_build_failed=False, packages_skip_build_finished=False, packages_select_test_failures=False, packages_skip_test_passed=False, packages_select=None, packages_skip=None, packages_select_regex=None, packages_skip_regex=None, packages_start=None, packages_end=None, allow_overriding=[], cmake_args=None, cmake_target=None, cmake_target_skip_unavailable=False, cmake_clean_cache=False, cmake_clean_first=False, cmake_force_configure=False, ament_cmake_args=None, catkin_cmake_args=None, catkin_skip_building_tests=False, verb_parser=<colcon_defaults.argument_parser.defaults.DefaultArgumentsDecorator object at 0x7f741fdc9b40>, verb_extension=<colcon_core.verb.build.BuildVerb object at 0x7f741fd7cf70>, main=<bound method BuildVerb.main of <colcon_core.verb.build.BuildVerb object at 0x7f741fd7cf70>>)
[0.892s] Level 1:colcon.colcon_core.package_discovery:discover_packages(colcon_meta) check parameters
[0.892s] Level 1:colcon.colcon_core.package_discovery:discover_packages(recursive) check parameters
[0.892s] Level 1:colcon.colcon_core.package_discovery:discover_packages(ignore) check parameters
[0.892s] Level 1:colcon.colcon_core.package_discovery:discover_packages(path) check parameters
[0.892s] Level 1:colcon.colcon_core.package_discovery:discover_packages(colcon_meta) discover
[0.892s] Level 1:colcon.colcon_core.package_discovery:discover_packages(recursive) discover
[0.892s] INFO:colcon.colcon_core.package_discovery:Crawling recursively for packages in '/home/blank/projects/path-planning'
[0.892s] Level 1:colcon.colcon_core.package_identification:_identify(.) by extensions ['ignore', 'ignore_ament_install']
[0.892s] Level 1:colcon.colcon_core.package_identification:_identify(.) by extension 'ignore'
[0.892s] Level 1:colcon.colcon_core.package_identification:_identify(.) by extension 'ignore_ament_install'
[0.892s] Level 1:colcon.colcon_core.package_identification:_identify(.) by extensions ['colcon_pkg']
[0.893s] Level 1:colcon.colcon_core.package_identification:_identify(.) by extension 'colcon_pkg'
[0.893s] Level 1:colcon.colcon_core.package_identification:_identify(.) by extensions ['colcon_meta']
[0.893s] Level 1:colcon.colcon_core.package_identification:_identify(.) by extension 'colcon_meta'
[0.893s] Level 1:colcon.colcon_core.package_identification:_identify(.) by extensions ['ros']
[0.893s] Level 1:colcon.colcon_core.package_identification:_identify(.) by extension 'ros'
[0.901s] Level 1:colcon.colcon_core.package_identification:_identify(.) by extensions ['cmake', 'python']
[0.901s] Level 1:colcon.colcon_core.package_identification:_identify(.) by extension 'cmake'
[0.901s] Level 1:colcon.colcon_core.package_identification:_identify(.) by extension 'python'
[0.901s] Level 1:colcon.colcon_core.package_identification:_identify(.) by extensions ['python_setup_py']
[0.901s] Level 1:colcon.colcon_core.package_identification:_identify(.) by extension 'python_setup_py'
[0.901s] Level 1:colcon.colcon_core.package_identification:_identify(build) by extensions ['ignore', 'ignore_ament_install']
[0.901s] Level 1:colcon.colcon_core.package_identification:_identify(build) by extension 'ignore'
[0.901s] Level 1:colcon.colcon_core.package_identification:_identify(build) ignored
[0.901s] Level 1:colcon.colcon_core.package_identification:_identify(install) by extensions ['ignore', 'ignore_ament_install']
[0.901s] Level 1:colcon.colcon_core.package_identification:_identify(install) by extension 'ignore'
[0.902s] Level 1:colcon.colcon_core.package_identification:_identify(install) ignored
[0.902s] Level 1:colcon.colcon_core.package_identification:_identify(log) by extensions ['ignore', 'ignore_ament_install']
[0.902s] Level 1:colcon.colcon_core.package_identification:_identify(log) by extension 'ignore'
[0.902s] Level 1:colcon.colcon_core.package_identification:_identify(log) ignored
[0.902s] Level 1:colcon.colcon_core.package_identification:_identify(src) by extensions ['ignore', 'ignore_ament_install']
[0.902s] Level 1:colcon.colcon_core.package_identification:_identify(src) by extension 'ignore'
[0.902s] Level 1:colcon.colcon_core.package_identification:_identify(src) by extension 'ignore_ament_install'
[0.902s] Level 1:colcon.colcon_core.package_identification:_identify(src) by extensions ['colcon_pkg']
[0.902s] Level 1:colcon.colcon_core.package_identification:_identify(src) by extension 'colcon_pkg'
[0.902s] Level 1:colcon.colcon_core.package_identification:_identify(src) by extensions ['colcon_meta']
[0.902s] Level 1:colcon.colcon_core.package_identification:_identify(src) by extension 'colcon_meta'
[0.902s] Level 1:colcon.colcon_core.package_identification:_identify(src) by extensions ['ros']
[0.902s] Level 1:colcon.colcon_core.package_identification:_identify(src) by extension 'ros'
[0.902s] Level 1:colcon.colcon_core.package_identification:_identify(src) by extensions ['cmake', 'python']
[0.902s] Level 1:colcon.colcon_core.package_identification:_identify(src) by extension 'cmake'
[0.902s] Level 1:colcon.colcon_core.package_identification:_identify(src) by extension 'python'
[0.902s] Level 1:colcon.colcon_core.package_identification:_identify(src) by extensions ['python_setup_py']
[0.902s] Level 1:colcon.colcon_core.package_identification:_identify(src) by extension 'python_setup_py'
[0.902s] Level 1:colcon.colcon_core.package_identification:_identify(src/roverrobotics_ros2) by extensions ['ignore', 'ignore_ament_install']
[0.902s] Level 1:colcon.colcon_core.package_identification:_identify(src/roverrobotics_ros2) by extension 'ignore'
[0.902s] Level 1:colcon.colcon_core.package_identification:_identify(src/roverrobotics_ros2) by extension 'ignore_ament_install'
[0.902s] Level 1:colcon.colcon_core.package_identification:_identify(src/roverrobotics_ros2) by extensions ['colcon_pkg']
[0.902s] Level 1:colcon.colcon_core.package_identification:_identify(src/roverrobotics_ros2) by extension 'colcon_pkg'
[0.903s] Level 1:colcon.colcon_core.package_identification:_identify(src/roverrobotics_ros2) by extensions ['colcon_meta']
[0.903s] Level 1:colcon.colcon_core.package_identification:_identify(src/roverrobotics_ros2) by extension 'colcon_meta'
[0.903s] Level 1:colcon.colcon_core.package_identification:_identify(src/roverrobotics_ros2) by extensions ['ros']
[0.903s] Level 1:colcon.colcon_core.package_identification:_identify(src/roverrobotics_ros2) by extension 'ros'
[0.903s] Level 1:colcon.colcon_core.package_identification:_identify(src/roverrobotics_ros2) by extensions ['cmake', 'python']
[0.903s] Level 1:colcon.colcon_core.package_identification:_identify(src/roverrobotics_ros2) by extension 'cmake'
[0.903s] Level 1:colcon.colcon_core.package_identification:_identify(src/roverrobotics_ros2) by extension 'python'
[0.903s] Level 1:colcon.colcon_core.package_identification:_identify(src/roverrobotics_ros2) by extensions ['python_setup_py']
[0.903s] Level 1:colcon.colcon_core.package_identification:_identify(src/roverrobotics_ros2) by extension 'python_setup_py'
[0.903s] Level 1:colcon.colcon_core.package_identification:_identify(src/roverrobotics_ros2/roverrobotics_description) by extensions ['ignore', 'ignore_ament_install']
[0.903s] Level 1:colcon.colcon_core.package_identification:_identify(src/roverrobotics_ros2/roverrobotics_description) by extension 'ignore'
[0.903s] Level 1:colcon.colcon_core.package_identification:_identify(src/roverrobotics_ros2/roverrobotics_description) by extension 'ignore_ament_install'
[0.903s] Level 1:colcon.colcon_core.package_identification:_identify(src/roverrobotics_ros2/roverrobotics_description) by extensions ['colcon_pkg']
[0.903s] Level 1:colcon.colcon_core.package_identification:_identify(src/roverrobotics_ros2/roverrobotics_description) by extension 'colcon_pkg'
[0.903s] Level 1:colcon.colcon_core.package_identification:_identify(src/roverrobotics_ros2/roverrobotics_description) by extensions ['colcon_meta']
[0.903s] Level 1:colcon.colcon_core.package_identification:_identify(src/roverrobotics_ros2/roverrobotics_description) by extension 'colcon_meta'
[0.903s] Level 1:colcon.colcon_core.package_identification:_identify(src/roverrobotics_ros2/roverrobotics_description) by extensions ['ros']
[0.903s] Level 1:colcon.colcon_core.package_identification:_identify(src/roverrobotics_ros2/roverrobotics_description) by extension 'ros'
[0.905s] DEBUG:colcon.colcon_core.package_identification:Package 'src/roverrobotics_ros2/roverrobotics_description' with type 'ros.ament_cmake' and name 'roverrobotics_description'
[0.905s] Level 1:colcon.colcon_core.package_identification:_identify(src/roverrobotics_ros2/roverrobotics_driver) by extensions ['ignore', 'ignore_ament_install']
[0.905s] Level 1:colcon.colcon_core.package_identification:_identify(src/roverrobotics_ros2/roverrobotics_driver) by extension 'ignore'
[0.905s] Level 1:colcon.colcon_core.package_identification:_identify(src/roverrobotics_ros2/roverrobotics_driver) by extension 'ignore_ament_install'
[0.905s] Level 1:colcon.colcon_core.package_identification:_identify(src/roverrobotics_ros2/roverrobotics_driver) by extensions ['colcon_pkg']
[0.905s] Level 1:colcon.colcon_core.package_identification:_identify(src/roverrobotics_ros2/roverrobotics_driver) by extension 'colcon_pkg'
[0.905s] Level 1:colcon.colcon_core.package_identification:_identify(src/roverrobotics_ros2/roverrobotics_driver) by extensions ['colcon_meta']
[0.905s] Level 1:colcon.colcon_core.package_identification:_identify(src/roverrobotics_ros2/roverrobotics_driver) by extension 'colcon_meta'
[0.905s] Level 1:colcon.colcon_core.package_identification:_identify(src/roverrobotics_ros2/roverrobotics_driver) by extensions ['ros']
[0.905s] Level 1:colcon.colcon_core.package_identification:_identify(src/roverrobotics_ros2/roverrobotics_driver) by extension 'ros'
[0.906s] DEBUG:colcon.colcon_core.package_identification:Package 'src/roverrobotics_ros2/roverrobotics_driver' with type 'ros.ament_cmake' and name 'roverrobotics_driver'
[0.906s] Level 1:colcon.colcon_core.package_identification:_identify(src/roverrobotics_ros2/roverrobotics_gazebo) by extensions ['ignore', 'ignore_ament_install']
[0.906s] Level 1:colcon.colcon_core.package_identification:_identify(src/roverrobotics_ros2/roverrobotics_gazebo) by extension 'ignore'
[0.906s] Level 1:colcon.colcon_core.package_identification:_identify(src/roverrobotics_ros2/roverrobotics_gazebo) by extension 'ignore_ament_install'
[0.906s] Level 1:colcon.colcon_core.package_identification:_identify(src/roverrobotics_ros2/roverrobotics_gazebo) by extensions ['colcon_pkg']
[0.906s] Level 1:colcon.colcon_core.package_identification:_identify(src/roverrobotics_ros2/roverrobotics_gazebo) by extension 'colcon_pkg'
[0.907s] Level 1:colcon.colcon_core.package_identification:_identify(src/roverrobotics_ros2/roverrobotics_gazebo) by extensions ['colcon_meta']
[0.907s] Level 1:colcon.colcon_core.package_identification:_identify(src/roverrobotics_ros2/roverrobotics_gazebo) by extension 'colcon_meta'
[0.907s] Level 1:colcon.colcon_core.package_identification:_identify(src/roverrobotics_ros2/roverrobotics_gazebo) by extensions ['ros']
[0.907s] Level 1:colcon.colcon_core.package_identification:_identify(src/roverrobotics_ros2/roverrobotics_gazebo) by extension 'ros'
[0.907s] DEBUG:colcon.colcon_core.package_identification:Package 'src/roverrobotics_ros2/roverrobotics_gazebo' with type 'ros.ament_cmake' and name 'roverrobotics_gazebo'
[0.907s] Level 1:colcon.colcon_core.package_identification:_identify(src/roverrobotics_ros2/roverrobotics_input_manager) by extensions ['ignore', 'ignore_ament_install']
[0.907s] Level 1:colcon.colcon_core.package_identification:_identify(src/roverrobotics_ros2/roverrobotics_input_manager) by extension 'ignore'
[0.907s] Level 1:colcon.colcon_core.package_identification:_identify(src/roverrobotics_ros2/roverrobotics_input_manager) by extension 'ignore_ament_install'
[0.907s] Level 1:colcon.colcon_core.package_identification:_identify(src/roverrobotics_ros2/roverrobotics_input_manager) by extensions ['colcon_pkg']
[0.907s] Level 1:colcon.colcon_core.package_identification:_identify(src/roverrobotics_ros2/roverrobotics_input_manager) by extension 'colcon_pkg'
[0.907s] Level 1:colcon.colcon_core.package_identification:_identify(src/roverrobotics_ros2/roverrobotics_input_manager) by extensions ['colcon_meta']
[0.907s] Level 1:colcon.colcon_core.package_identification:_identify(src/roverrobotics_ros2/roverrobotics_input_manager) by extension 'colcon_meta'
[0.907s] Level 1:colcon.colcon_core.package_identification:_identify(src/roverrobotics_ros2/roverrobotics_input_manager) by extensions ['ros']
[0.907s] Level 1:colcon.colcon_core.package_identification:_identify(src/roverrobotics_ros2/roverrobotics_input_manager) by extension 'ros'
[0.908s] DEBUG:colcon.colcon_core.package_identification:Package 'src/roverrobotics_ros2/roverrobotics_input_manager' with type 'ros.ament_cmake' and name 'roverrobotics_input_manager'
[0.908s] Level 1:colcon.colcon_core.package_discovery:discover_packages(recursive) using defaults
[0.908s] Level 1:colcon.colcon_core.package_discovery:discover_packages(ignore) discover
[0.908s] Level 1:colcon.colcon_core.package_discovery:discover_packages(ignore) using defaults
[0.908s] Level 1:colcon.colcon_core.package_discovery:discover_packages(path) discover
[0.908s] Level 1:colcon.colcon_core.package_discovery:discover_packages(path) using defaults
[0.987s] Level 1:colcon.colcon_core.package_discovery:discover_packages(prefix_path) check parameters
[0.987s] Level 1:colcon.colcon_core.package_discovery:discover_packages(prefix_path) discover
[1.014s] DEBUG:colcon.colcon_installed_package_information.package_discovery:Found 293 installed packages in /opt/ros/humble
[1.015s] Level 1:colcon.colcon_core.package_discovery:discover_packages(prefix_path) using defaults
[1.099s] Level 5:colcon.colcon_core.verb:set package 'roverrobotics_description' build argument 'cmake_args' from command line to 'None'
[1.099s] Level 5:colcon.colcon_core.verb:set package 'roverrobotics_description' build argument 'cmake_target' from command line to 'None'
[1.099s] Level 5:colcon.colcon_core.verb:set package 'roverrobotics_description' build argument 'cmake_target_skip_unavailable' from command line to 'False'
[1.099s] Level 5:colcon.colcon_core.verb:set package 'roverrobotics_description' build argument 'cmake_clean_cache' from command line to 'False'
[1.099s] Level 5:colcon.colcon_core.verb:set package 'roverrobotics_description' build argument 'cmake_clean_first' from command line to 'False'
[1.099s] Level 5:colcon.colcon_core.verb:set package 'roverrobotics_description' build argument 'cmake_force_configure' from command line to 'False'
[1.099s] Level 5:colcon.colcon_core.verb:set package 'roverrobotics_description' build argument 'ament_cmake_args' from command line to 'None'
[1.099s] Level 5:colcon.colcon_core.verb:set package 'roverrobotics_description' build argument 'catkin_cmake_args' from command line to 'None'
[1.099s] Level 5:colcon.colcon_core.verb:set package 'roverrobotics_description' build argument 'catkin_skip_building_tests' from command line to 'False'
[1.099s] DEBUG:colcon.colcon_core.verb:Building package 'roverrobotics_description' with the following arguments: {'ament_cmake_args': None, 'build_base': '/home/blank/projects/path-planning/build/roverrobotics_description', 'catkin_cmake_args': None, 'catkin_skip_building_tests': False, 'cmake_args': None, 'cmake_clean_cache': False, 'cmake_clean_first': False, 'cmake_force_configure': False, 'cmake_target': None, 'cmake_target_skip_unavailable': False, 'install_base': '/home/blank/projects/path-planning/install/roverrobotics_description', 'merge_install': False, 'path': '/home/blank/projects/path-planning/src/roverrobotics_ros2/roverrobotics_description', 'symlink_install': False, 'test_result_base': None}
[1.112s] Level 5:colcon.colcon_core.verb:set package 'roverrobotics_driver' build argument 'cmake_args' from command line to 'None'
[1.112s] Level 5:colcon.colcon_core.verb:set package 'roverrobotics_driver' build argument 'cmake_target' from command line to 'None'
[1.112s] Level 5:colcon.colcon_core.verb:set package 'roverrobotics_driver' build argument 'cmake_target_skip_unavailable' from command line to 'False'
[1.112s] Level 5:colcon.colcon_core.verb:set package 'roverrobotics_driver' build argument 'cmake_clean_cache' from command line to 'False'
[1.113s] Level 5:colcon.colcon_core.verb:set package 'roverrobotics_driver' build argument 'cmake_clean_first' from command line to 'False'
[1.113s] Level 5:colcon.colcon_core.verb:set package 'roverrobotics_driver' build argument 'cmake_force_configure' from command line to 'False'
[1.113s] Level 5:colcon.colcon_core.verb:set package 'roverrobotics_driver' build argument 'ament_cmake_args' from command line to 'None'
[1.113s] Level 5:colcon.colcon_core.verb:set package 'roverrobotics_driver' build argument 'catkin_cmake_args' from command line to 'None'
[1.113s] Level 5:colcon.colcon_core.verb:set package 'roverrobotics_driver' build argument 'catkin_skip_building_tests' from command line to 'False'
[1.113s] DEBUG:colcon.colcon_core.verb:Building package 'roverrobotics_driver' with the following arguments: {'ament_cmake_args': None, 'build_base': '/home/blank/projects/path-planning/build/roverrobotics_driver', 'catkin_cmake_args': None, 'catkin_skip_building_tests': False, 'cmake_args': None, 'cmake_clean_cache': False, 'cmake_clean_first': False, 'cmake_force_configure': False, 'cmake_target': None, 'cmake_target_skip_unavailable': False, 'install_base': '/home/blank/projects/path-planning/install/roverrobotics_driver', 'merge_install': False, 'path': '/home/blank/projects/path-planning/src/roverrobotics_ros2/roverrobotics_driver', 'symlink_install': False, 'test_result_base': None}
[1.125s] Level 5:colcon.colcon_core.verb:set package 'roverrobotics_input_manager' build argument 'cmake_args' from command line to 'None'
[1.126s] Level 5:colcon.colcon_core.verb:set package 'roverrobotics_input_manager' build argument 'cmake_target' from command line to 'None'
[1.126s] Level 5:colcon.colcon_core.verb:set package 'roverrobotics_input_manager' build argument 'cmake_target_skip_unavailable' from command line to 'False'
[1.126s] Level 5:colcon.colcon_core.verb:set package 'roverrobotics_input_manager' build argument 'cmake_clean_cache' from command line to 'False'
[1.126s] Level 5:colcon.colcon_core.verb:set package 'roverrobotics_input_manager' build argument 'cmake_clean_first' from command line to 'False'
[1.126s] Level 5:colcon.colcon_core.verb:set package 'roverrobotics_input_manager' build argument 'cmake_force_configure' from command line to 'False'
[1.126s] Level 5:colcon.colcon_core.verb:set package 'roverrobotics_input_manager' build argument 'ament_cmake_args' from command line to 'None'
[1.126s] Level 5:colcon.colcon_core.verb:set package 'roverrobotics_input_manager' build argument 'catkin_cmake_args' from command line to 'None'
[1.126s] Level 5:colcon.colcon_core.verb:set package 'roverrobotics_input_manager' build argument 'catkin_skip_building_tests' from command line to 'False'
[1.126s] DEBUG:colcon.colcon_core.verb:Building package 'roverrobotics_input_manager' with the following arguments: {'ament_cmake_args': None, 'build_base': '/home/blank/projects/path-planning/build/roverrobotics_input_manager', 'catkin_cmake_args': None, 'catkin_skip_building_tests': False, 'cmake_args': None, 'cmake_clean_cache': False, 'cmake_clean_first': False, 'cmake_force_configure': False, 'cmake_target': None, 'cmake_target_skip_unavailable': False, 'install_base': '/home/blank/projects/path-planning/install/roverrobotics_input_manager', 'merge_install': False, 'path': '/home/blank/projects/path-planning/src/roverrobotics_ros2/roverrobotics_input_manager', 'symlink_install': False, 'test_result_base': None}
[1.139s] Level 5:colcon.colcon_core.verb:set package 'roverrobotics_gazebo' build argument 'cmake_args' from command line to 'None'
[1.139s] Level 5:colcon.colcon_core.verb:set package 'roverrobotics_gazebo' build argument 'cmake_target' from command line to 'None'
[1.139s] Level 5:colcon.colcon_core.verb:set package 'roverrobotics_gazebo' build argument 'cmake_target_skip_unavailable' from command line to 'False'
[1.139s] Level 5:colcon.colcon_core.verb:set package 'roverrobotics_gazebo' build argument 'cmake_clean_cache' from command line to 'False'
[1.139s] Level 5:colcon.colcon_core.verb:set package 'roverrobotics_gazebo' build argument 'cmake_clean_first' from command line to 'False'
[1.139s] Level 5:colcon.colcon_core.verb:set package 'roverrobotics_gazebo' build argument 'cmake_force_configure' from command line to 'False'
[1.139s] Level 5:colcon.colcon_core.verb:set package 'roverrobotics_gazebo' build argument 'ament_cmake_args' from command line to 'None'
[1.139s] Level 5:colcon.colcon_core.verb:set package 'roverrobotics_gazebo' build argument 'catkin_cmake_args' from command line to 'None'
[1.139s] Level 5:colcon.colcon_core.verb:set package 'roverrobotics_gazebo' build argument 'catkin_skip_building_tests' from command line to 'False'
[1.139s] DEBUG:colcon.colcon_core.verb:Building package 'roverrobotics_gazebo' with the following arguments: {'ament_cmake_args': None, 'build_base': '/home/blank/projects/path-planning/build/roverrobotics_gazebo', 'catkin_cmake_args': None, 'catkin_skip_building_tests': False, 'cmake_args': None, 'cmake_clean_cache': False, 'cmake_clean_first': False, 'cmake_force_configure': False, 'cmake_target': None, 'cmake_target_skip_unavailable': False, 'install_base': '/home/blank/projects/path-planning/install/roverrobotics_gazebo', 'merge_install': False, 'path': '/home/blank/projects/path-planning/src/roverrobotics_ros2/roverrobotics_gazebo', 'symlink_install': False, 'test_result_base': None}
[1.151s] INFO:colcon.colcon_core.executor:Executing jobs using 'parallel' executor
[1.165s] DEBUG:colcon.colcon_parallel_executor.executor.parallel:run_until_complete
[1.165s] INFO:colcon.colcon_ros.task.ament_cmake.build:Building ROS package in '/home/blank/projects/path-planning/src/roverrobotics_ros2/roverrobotics_description' with build type 'ament_cmake'
[1.165s] INFO:colcon.colcon_cmake.task.cmake.build:Building CMake package in '/home/blank/projects/path-planning/src/roverrobotics_ros2/roverrobotics_description'
[1.180s] INFO:colcon.colcon_core.plugin_system:Skipping extension 'colcon_core.shell.bat': Not used on non-Windows systems
[1.180s] INFO:colcon.colcon_core.shell:Skip shell extension 'powershell' for command environment: Not usable outside of PowerShell
[1.180s] DEBUG:colcon.colcon_core.shell:Skip shell extension 'dsv' for command environment
[1.207s] INFO:colcon.colcon_ros.task.ament_cmake.build:Building ROS package in '/home/blank/projects/path-planning/src/roverrobotics_ros2/roverrobotics_driver' with build type 'ament_cmake'
[1.207s] INFO:colcon.colcon_cmake.task.cmake.build:Building CMake package in '/home/blank/projects/path-planning/src/roverrobotics_ros2/roverrobotics_driver'
[1.220s] INFO:colcon.colcon_core.shell:Skip shell extension 'powershell' for command environment: Not usable outside of PowerShell
[1.220s] DEBUG:colcon.colcon_core.shell:Skip shell extension 'dsv' for command environment
[1.247s] INFO:colcon.colcon_ros.task.ament_cmake.build:Building ROS package in '/home/blank/projects/path-planning/src/roverrobotics_ros2/roverrobotics_input_manager' with build type 'ament_cmake'
[1.248s] INFO:colcon.colcon_cmake.task.cmake.build:Building CMake package in '/home/blank/projects/path-planning/src/roverrobotics_ros2/roverrobotics_input_manager'
[1.262s] INFO:colcon.colcon_core.shell:Skip shell extension 'powershell' for command environment: Not usable outside of PowerShell
[1.262s] DEBUG:colcon.colcon_core.shell:Skip shell extension 'dsv' for command environment
[1.295s] DEBUG:colcon.colcon_core.event_handler.log_command:Invoking command in '/home/blank/projects/path-planning/build/roverrobotics_description': CMAKE_PREFIX_PATH=/opt/ros/humble CONDA_PROMPT_MODIFIER=(base) /usr/bin/cmake --build /home/blank/projects/path-planning/build/roverrobotics_description -- -j6 -l6
[1.297s] DEBUG:colcon.colcon_core.event_handler.log_command:Invoking command in '/home/blank/projects/path-planning/build/roverrobotics_driver': CMAKE_PREFIX_PATH=/opt/ros/humble CONDA_PROMPT_MODIFIER=(base) /usr/bin/cmake --build /home/blank/projects/path-planning/build/roverrobotics_driver -- -j6 -l6
[1.299s] DEBUG:colcon.colcon_core.event_handler.log_command:Invoking command in '/home/blank/projects/path-planning/build/roverrobotics_input_manager': CMAKE_PREFIX_PATH=/opt/ros/humble CONDA_PROMPT_MODIFIER=(base) /usr/bin/cmake --build /home/blank/projects/path-planning/build/roverrobotics_input_manager -- -j6 -l6
[1.328s] DEBUG:colcon.colcon_core.event_handler.log_command:Invoked command in '/home/blank/projects/path-planning/build/roverrobotics_description' returned '0': CMAKE_PREFIX_PATH=/opt/ros/humble CONDA_PROMPT_MODIFIER=(base) /usr/bin/cmake --build /home/blank/projects/path-planning/build/roverrobotics_description -- -j6 -l6
[1.331s] DEBUG:colcon.colcon_core.event_handler.log_command:Invoked command in '/home/blank/projects/path-planning/build/roverrobotics_input_manager' returned '0': CMAKE_PREFIX_PATH=/opt/ros/humble CONDA_PROMPT_MODIFIER=(base) /usr/bin/cmake --build /home/blank/projects/path-planning/build/roverrobotics_input_manager -- -j6 -l6
[1.352s] DEBUG:colcon.colcon_core.event_handler.log_command:Invoking command in '/home/blank/projects/path-planning/build/roverrobotics_description': CMAKE_PREFIX_PATH=/opt/ros/humble CONDA_PROMPT_MODIFIER=(base) /usr/bin/cmake --install /home/blank/projects/path-planning/build/roverrobotics_description
[1.354s] DEBUG:colcon.colcon_core.event_handler.log_command:Invoking command in '/home/blank/projects/path-planning/build/roverrobotics_input_manager': CMAKE_PREFIX_PATH=/opt/ros/humble CONDA_PROMPT_MODIFIER=(base) /usr/bin/cmake --install /home/blank/projects/path-planning/build/roverrobotics_input_manager
[1.359s] DEBUG:colcon.colcon_core.event_handler.log_command:Invoked command in '/home/blank/projects/path-planning/build/roverrobotics_driver' returned '0': CMAKE_PREFIX_PATH=/opt/ros/humble CONDA_PROMPT_MODIFIER=(base) /usr/bin/cmake --build /home/blank/projects/path-planning/build/roverrobotics_driver -- -j6 -l6
[1.362s] Level 1:colcon.colcon_core.environment:create_environment_scripts_only(roverrobotics_input_manager)
[1.372s] DEBUG:colcon.colcon_core.event_handler.log_command:Invoked command in '/home/blank/projects/path-planning/build/roverrobotics_input_manager' returned '0': CMAKE_PREFIX_PATH=/opt/ros/humble CONDA_PROMPT_MODIFIER=(base) /usr/bin/cmake --install /home/blank/projects/path-planning/build/roverrobotics_input_manager
[1.383s] Level 1:colcon.colcon_core.environment:checking '/home/blank/projects/path-planning/install/roverrobotics_input_manager' for CMake module files
[1.384s] Level 1:colcon.colcon_core.environment:checking '/home/blank/projects/path-planning/install/roverrobotics_input_manager' for CMake config files
[1.384s] Level 1:colcon.colcon_core.shell:create_environment_hook('roverrobotics_input_manager', 'cmake_prefix_path')
[1.397s] INFO:colcon.colcon_core.shell:Creating environment hook '/home/blank/projects/path-planning/install/roverrobotics_input_manager/share/roverrobotics_input_manager/hook/cmake_prefix_path.ps1'
[1.397s] INFO:colcon.colcon_core.shell:Creating environment descriptor '/home/blank/projects/path-planning/install/roverrobotics_input_manager/share/roverrobotics_input_manager/hook/cmake_prefix_path.dsv'
[1.398s] INFO:colcon.colcon_core.shell:Creating environment hook '/home/blank/projects/path-planning/install/roverrobotics_input_manager/share/roverrobotics_input_manager/hook/cmake_prefix_path.sh'
[1.398s] Level 1:colcon.colcon_core.environment:checking '/home/blank/projects/path-planning/install/roverrobotics_input_manager/lib'
[1.398s] Level 1:colcon.colcon_core.environment:checking '/home/blank/projects/path-planning/install/roverrobotics_input_manager/bin'
[1.398s] Level 1:colcon.colcon_core.environment:checking '/home/blank/projects/path-planning/install/roverrobotics_input_manager/lib/pkgconfig/roverrobotics_input_manager.pc'
[1.399s] Level 1:colcon.colcon_core.environment:checking '/home/blank/projects/path-planning/install/roverrobotics_input_manager/lib/python3.10/site-packages'
[1.399s] Level 1:colcon.colcon_core.environment:checking '/home/blank/projects/path-planning/install/roverrobotics_input_manager/bin'
[1.412s] INFO:colcon.colcon_core.shell:Creating package script '/home/blank/projects/path-planning/install/roverrobotics_input_manager/share/roverrobotics_input_manager/package.ps1'
[1.412s] INFO:colcon.colcon_core.shell:Creating package descriptor '/home/blank/projects/path-planning/install/roverrobotics_input_manager/share/roverrobotics_input_manager/package.dsv'
[1.413s] INFO:colcon.colcon_core.shell:Creating package script '/home/blank/projects/path-planning/install/roverrobotics_input_manager/share/roverrobotics_input_manager/package.sh'
[1.413s] INFO:colcon.colcon_core.shell:Creating package script '/home/blank/projects/path-planning/install/roverrobotics_input_manager/share/roverrobotics_input_manager/package.bash'
[1.414s] INFO:colcon.colcon_core.shell:Creating package script '/home/blank/projects/path-planning/install/roverrobotics_input_manager/share/roverrobotics_input_manager/package.zsh'
[1.414s] Level 1:colcon.colcon_core.environment:create_file_with_runtime_dependencies(/home/blank/projects/path-planning/install/roverrobotics_input_manager/share/colcon-core/packages/roverrobotics_input_manager)
[1.415s] Level 1:colcon.colcon_core.environment:create_environment_scripts_only(roverrobotics_description)
[1.415s] DEBUG:colcon.colcon_core.event_handler.log_command:Invoked command in '/home/blank/projects/path-planning/build/roverrobotics_description' returned '0': CMAKE_PREFIX_PATH=/opt/ros/humble CONDA_PROMPT_MODIFIER=(base) /usr/bin/cmake --install /home/blank/projects/path-planning/build/roverrobotics_description
[1.428s] Level 1:colcon.colcon_core.environment:checking '/home/blank/projects/path-planning/install/roverrobotics_description' for CMake module files
[1.429s] Level 1:colcon.colcon_core.environment:checking '/home/blank/projects/path-planning/install/roverrobotics_description' for CMake config files
[1.430s] Level 1:colcon.colcon_core.shell:create_environment_hook('roverrobotics_description', 'cmake_prefix_path')
[1.444s] INFO:colcon.colcon_core.shell:Creating environment hook '/home/blank/projects/path-planning/install/roverrobotics_description/share/roverrobotics_description/hook/cmake_prefix_path.ps1'
[1.444s] INFO:colcon.colcon_core.shell:Creating environment descriptor '/home/blank/projects/path-planning/install/roverrobotics_description/share/roverrobotics_description/hook/cmake_prefix_path.dsv'
[1.444s] INFO:colcon.colcon_core.shell:Creating environment hook '/home/blank/projects/path-planning/install/roverrobotics_description/share/roverrobotics_description/hook/cmake_prefix_path.sh'
[1.445s] Level 1:colcon.colcon_core.environment:checking '/home/blank/projects/path-planning/install/roverrobotics_description/bin'
[1.445s] Level 1:colcon.colcon_core.environment:checking '/home/blank/projects/path-planning/install/roverrobotics_description/lib/pkgconfig/roverrobotics_description.pc'
[1.445s] Level 1:colcon.colcon_core.environment:checking '/home/blank/projects/path-planning/install/roverrobotics_description/lib/python3.10/site-packages'
[1.445s] Level 1:colcon.colcon_core.environment:checking '/home/blank/projects/path-planning/install/roverrobotics_description/bin'
[1.458s] INFO:colcon.colcon_core.shell:Creating package script '/home/blank/projects/path-planning/install/roverrobotics_description/share/roverrobotics_description/package.ps1'
[1.458s] INFO:colcon.colcon_core.shell:Creating package descriptor '/home/blank/projects/path-planning/install/roverrobotics_description/share/roverrobotics_description/package.dsv'
[1.459s] INFO:colcon.colcon_core.shell:Creating package script '/home/blank/projects/path-planning/install/roverrobotics_description/share/roverrobotics_description/package.sh'
[1.459s] INFO:colcon.colcon_core.shell:Creating package script '/home/blank/projects/path-planning/install/roverrobotics_description/share/roverrobotics_description/package.bash'
[1.459s] INFO:colcon.colcon_core.shell:Creating package script '/home/blank/projects/path-planning/install/roverrobotics_description/share/roverrobotics_description/package.zsh'
[1.459s] Level 1:colcon.colcon_core.environment:create_file_with_runtime_dependencies(/home/blank/projects/path-planning/install/roverrobotics_description/share/colcon-core/packages/roverrobotics_description)
[1.461s] DEBUG:colcon.colcon_core.event_handler.log_command:Invoking command in '/home/blank/projects/path-planning/build/roverrobotics_driver': CMAKE_PREFIX_PATH=/opt/ros/humble CONDA_PROMPT_MODIFIER=(base) /usr/bin/cmake --install /home/blank/projects/path-planning/build/roverrobotics_driver
[1.475s] Level 1:colcon.colcon_core.environment:create_environment_scripts_only(roverrobotics_input_manager)
[1.488s] Level 1:colcon.colcon_core.environment:checking '/home/blank/projects/path-planning/install/roverrobotics_input_manager' for CMake module files
[1.488s] Level 1:colcon.colcon_core.environment:checking '/home/blank/projects/path-planning/install/roverrobotics_input_manager' for CMake config files
[1.489s] Level 1:colcon.colcon_core.shell:create_environment_hook('roverrobotics_input_manager', 'cmake_prefix_path')
[1.501s] INFO:colcon.colcon_core.shell:Creating environment hook '/home/blank/projects/path-planning/install/roverrobotics_input_manager/share/roverrobotics_input_manager/hook/cmake_prefix_path.ps1'
[1.502s] INFO:colcon.colcon_core.shell:Creating environment descriptor '/home/blank/projects/path-planning/install/roverrobotics_input_manager/share/roverrobotics_input_manager/hook/cmake_prefix_path.dsv'
[1.502s] INFO:colcon.colcon_core.shell:Creating environment hook '/home/blank/projects/path-planning/install/roverrobotics_input_manager/share/roverrobotics_input_manager/hook/cmake_prefix_path.sh'
[1.502s] Level 1:colcon.colcon_core.environment:checking '/home/blank/projects/path-planning/install/roverrobotics_input_manager/lib'
[1.502s] Level 1:colcon.colcon_core.environment:checking '/home/blank/projects/path-planning/install/roverrobotics_input_manager/bin'
[1.502s] Level 1:colcon.colcon_core.environment:checking '/home/blank/projects/path-planning/install/roverrobotics_input_manager/lib/pkgconfig/roverrobotics_input_manager.pc'
[1.503s] Level 1:colcon.colcon_core.environment:checking '/home/blank/projects/path-planning/install/roverrobotics_input_manager/lib/python3.10/site-packages'
[1.503s] Level 1:colcon.colcon_core.environment:checking '/home/blank/projects/path-planning/install/roverrobotics_input_manager/bin'
[1.516s] INFO:colcon.colcon_core.shell:Creating package script '/home/blank/projects/path-planning/install/roverrobotics_input_manager/share/roverrobotics_input_manager/package.ps1'
[1.516s] INFO:colcon.colcon_core.shell:Creating package descriptor '/home/blank/projects/path-planning/install/roverrobotics_input_manager/share/roverrobotics_input_manager/package.dsv'
[1.517s] INFO:colcon.colcon_core.shell:Creating package script '/home/blank/projects/path-planning/install/roverrobotics_input_manager/share/roverrobotics_input_manager/package.sh'
[1.517s] INFO:colcon.colcon_core.shell:Creating package script '/home/blank/projects/path-planning/install/roverrobotics_input_manager/share/roverrobotics_input_manager/package.bash'
[1.517s] INFO:colcon.colcon_core.shell:Creating package script '/home/blank/projects/path-planning/install/roverrobotics_input_manager/share/roverrobotics_input_manager/package.zsh'
[1.517s] Level 1:colcon.colcon_core.environment:create_file_with_runtime_dependencies(/home/blank/projects/path-planning/install/roverrobotics_input_manager/share/colcon-core/packages/roverrobotics_input_manager)
[1.537s] Level 1:colcon.colcon_core.environment:create_environment_scripts_only(roverrobotics_description)
[1.549s] Level 1:colcon.colcon_core.environment:checking '/home/blank/projects/path-planning/install/roverrobotics_description' for CMake module files
[1.550s] Level 1:colcon.colcon_core.environment:checking '/home/blank/projects/path-planning/install/roverrobotics_description' for CMake config files
[1.550s] Level 1:colcon.colcon_core.shell:create_environment_hook('roverrobotics_description', 'cmake_prefix_path')
[1.563s] INFO:colcon.colcon_core.shell:Creating environment hook '/home/blank/projects/path-planning/install/roverrobotics_description/share/roverrobotics_description/hook/cmake_prefix_path.ps1'
[1.563s] INFO:colcon.colcon_core.shell:Creating environment descriptor '/home/blank/projects/path-planning/install/roverrobotics_description/share/roverrobotics_description/hook/cmake_prefix_path.dsv'
[1.563s] INFO:colcon.colcon_core.shell:Creating environment hook '/home/blank/projects/path-planning/install/roverrobotics_description/share/roverrobotics_description/hook/cmake_prefix_path.sh'
[1.564s] Level 1:colcon.colcon_core.environment:checking '/home/blank/projects/path-planning/install/roverrobotics_description/bin'
[1.564s] Level 1:colcon.colcon_core.environment:checking '/home/blank/projects/path-planning/install/roverrobotics_description/lib/pkgconfig/roverrobotics_description.pc'
[1.564s] Level 1:colcon.colcon_core.environment:checking '/home/blank/projects/path-planning/install/roverrobotics_description/lib/python3.10/site-packages'
[1.564s] Level 1:colcon.colcon_core.environment:checking '/home/blank/projects/path-planning/install/roverrobotics_description/bin'
[1.577s] INFO:colcon.colcon_core.shell:Creating package script '/home/blank/projects/path-planning/install/roverrobotics_description/share/roverrobotics_description/package.ps1'
[1.577s] INFO:colcon.colcon_core.shell:Creating package descriptor '/home/blank/projects/path-planning/install/roverrobotics_description/share/roverrobotics_description/package.dsv'
[1.578s] INFO:colcon.colcon_core.shell:Creating package script '/home/blank/projects/path-planning/install/roverrobotics_description/share/roverrobotics_description/package.sh'
[1.578s] INFO:colcon.colcon_core.shell:Creating package script '/home/blank/projects/path-planning/install/roverrobotics_description/share/roverrobotics_description/package.bash'
[1.578s] INFO:colcon.colcon_core.shell:Creating package script '/home/blank/projects/path-planning/install/roverrobotics_description/share/roverrobotics_description/package.zsh'
[1.579s] Level 1:colcon.colcon_core.environment:create_file_with_runtime_dependencies(/home/blank/projects/path-planning/install/roverrobotics_description/share/colcon-core/packages/roverrobotics_description)
[1.579s] INFO:colcon.colcon_ros.task.ament_cmake.build:Building ROS package in '/home/blank/projects/path-planning/src/roverrobotics_ros2/roverrobotics_gazebo' with build type 'ament_cmake'
[1.579s] INFO:colcon.colcon_cmake.task.cmake.build:Building CMake package in '/home/blank/projects/path-planning/src/roverrobotics_ros2/roverrobotics_gazebo'
[1.592s] INFO:colcon.colcon_core.shell:Skip shell extension 'powershell' for command environment: Not usable outside of PowerShell
[1.592s] DEBUG:colcon.colcon_core.shell:Skip shell extension 'dsv' for command environment
[1.619s] Level 1:colcon.colcon_core.environment:create_environment_scripts_only(roverrobotics_driver)
[1.619s] DEBUG:colcon.colcon_core.event_handler.log_command:Invoked command in '/home/blank/projects/path-planning/build/roverrobotics_driver' returned '0': CMAKE_PREFIX_PATH=/opt/ros/humble CONDA_PROMPT_MODIFIER=(base) /usr/bin/cmake --install /home/blank/projects/path-planning/build/roverrobotics_driver
[1.632s] Level 1:colcon.colcon_core.environment:checking '/home/blank/projects/path-planning/install/roverrobotics_driver' for CMake module files
[1.633s] Level 1:colcon.colcon_core.environment:checking '/home/blank/projects/path-planning/install/roverrobotics_driver' for CMake config files
[1.633s] Level 1:colcon.colcon_core.shell:create_environment_hook('roverrobotics_driver', 'cmake_prefix_path')
[1.646s] INFO:colcon.colcon_core.shell:Creating environment hook '/home/blank/projects/path-planning/install/roverrobotics_driver/share/roverrobotics_driver/hook/cmake_prefix_path.ps1'
[1.646s] INFO:colcon.colcon_core.shell:Creating environment descriptor '/home/blank/projects/path-planning/install/roverrobotics_driver/share/roverrobotics_driver/hook/cmake_prefix_path.dsv'
[1.646s] INFO:colcon.colcon_core.shell:Creating environment hook '/home/blank/projects/path-planning/install/roverrobotics_driver/share/roverrobotics_driver/hook/cmake_prefix_path.sh'
[1.647s] Level 1:colcon.colcon_core.environment:checking '/home/blank/projects/path-planning/install/roverrobotics_driver/lib'
[1.647s] Level 1:colcon.colcon_core.environment:checking '/home/blank/projects/path-planning/install/roverrobotics_driver/bin'
[1.647s] Level 1:colcon.colcon_core.environment:checking '/home/blank/projects/path-planning/install/roverrobotics_driver/lib/pkgconfig/roverrobotics_driver.pc'
[1.647s] Level 1:colcon.colcon_core.environment:checking '/home/blank/projects/path-planning/install/roverrobotics_driver/lib/python3.10/site-packages'
[1.647s] Level 1:colcon.colcon_core.environment:checking '/home/blank/projects/path-planning/install/roverrobotics_driver/bin'
[1.660s] INFO:colcon.colcon_core.shell:Creating package script '/home/blank/projects/path-planning/install/roverrobotics_driver/share/roverrobotics_driver/package.ps1'
[1.660s] INFO:colcon.colcon_core.shell:Creating package descriptor '/home/blank/projects/path-planning/install/roverrobotics_driver/share/roverrobotics_driver/package.dsv'
[1.661s] INFO:colcon.colcon_core.shell:Creating package script '/home/blank/projects/path-planning/install/roverrobotics_driver/share/roverrobotics_driver/package.sh'
[1.661s] INFO:colcon.colcon_core.shell:Creating package script '/home/blank/projects/path-planning/install/roverrobotics_driver/share/roverrobotics_driver/package.bash'
[1.661s] INFO:colcon.colcon_core.shell:Creating package script '/home/blank/projects/path-planning/install/roverrobotics_driver/share/roverrobotics_driver/package.zsh'
[1.661s] Level 1:colcon.colcon_core.environment:create_file_with_runtime_dependencies(/home/blank/projects/path-planning/install/roverrobotics_driver/share/colcon-core/packages/roverrobotics_driver)
[1.664s] DEBUG:colcon.colcon_core.event_handler.log_command:Invoking command in '/home/blank/projects/path-planning/build/roverrobotics_gazebo': AMENT_PREFIX_PATH=/home/blank/projects/path-planning/install/roverrobotics_description:${AMENT_PREFIX_PATH} CMAKE_PREFIX_PATH=/home/blank/projects/path-planning/install/roverrobotics_description:/opt/ros/humble CONDA_PROMPT_MODIFIER=(base) /usr/bin/cmake --build /home/blank/projects/path-planning/build/roverrobotics_gazebo -- -j6 -l6
[1.705s] Level 1:colcon.colcon_core.environment:create_environment_scripts_only(roverrobotics_driver)
[1.718s] Level 1:colcon.colcon_core.environment:checking '/home/blank/projects/path-planning/install/roverrobotics_driver' for CMake module files
[1.719s] Level 1:colcon.colcon_core.environment:checking '/home/blank/projects/path-planning/install/roverrobotics_driver' for CMake config files
[1.719s] Level 1:colcon.colcon_core.shell:create_environment_hook('roverrobotics_driver', 'cmake_prefix_path')
[1.731s] INFO:colcon.colcon_core.shell:Creating environment hook '/home/blank/projects/path-planning/install/roverrobotics_driver/share/roverrobotics_driver/hook/cmake_prefix_path.ps1'
[1.732s] INFO:colcon.colcon_core.shell:Creating environment descriptor '/home/blank/projects/path-planning/install/roverrobotics_driver/share/roverrobotics_driver/hook/cmake_prefix_path.dsv'
[1.732s] INFO:colcon.colcon_core.shell:Creating environment hook '/home/blank/projects/path-planning/install/roverrobotics_driver/share/roverrobotics_driver/hook/cmake_prefix_path.sh'
[1.732s] Level 1:colcon.colcon_core.environment:checking '/home/blank/projects/path-planning/install/roverrobotics_driver/lib'
[1.732s] Level 1:colcon.colcon_core.environment:checking '/home/blank/projects/path-planning/install/roverrobotics_driver/bin'
[1.732s] Level 1:colcon.colcon_core.environment:checking '/home/blank/projects/path-planning/install/roverrobotics_driver/lib/pkgconfig/roverrobotics_driver.pc'
[1.733s] Level 1:colcon.colcon_core.environment:checking '/home/blank/projects/path-planning/install/roverrobotics_driver/lib/python3.10/site-packages'
[1.733s] Level 1:colcon.colcon_core.environment:checking '/home/blank/projects/path-planning/install/roverrobotics_driver/bin'
[1.746s] INFO:colcon.colcon_core.shell:Creating package script '/home/blank/projects/path-planning/install/roverrobotics_driver/share/roverrobotics_driver/package.ps1'
[1.746s] INFO:colcon.colcon_core.shell:Creating package descriptor '/home/blank/projects/path-planning/install/roverrobotics_driver/share/roverrobotics_driver/package.dsv'
[1.746s] INFO:colcon.colcon_core.shell:Creating package script '/home/blank/projects/path-planning/install/roverrobotics_driver/share/roverrobotics_driver/package.sh'
[1.747s] INFO:colcon.colcon_core.shell:Creating package script '/home/blank/projects/path-planning/install/roverrobotics_driver/share/roverrobotics_driver/package.bash'
[1.747s] INFO:colcon.colcon_core.shell:Creating package script '/home/blank/projects/path-planning/install/roverrobotics_driver/share/roverrobotics_driver/package.zsh'
[1.747s] Level 1:colcon.colcon_core.environment:create_file_with_runtime_dependencies(/home/blank/projects/path-planning/install/roverrobotics_driver/share/colcon-core/packages/roverrobotics_driver)
[1.748s] DEBUG:colcon.colcon_core.event_handler.log_command:Invoked command in '/home/blank/projects/path-planning/build/roverrobotics_gazebo' returned '0': AMENT_PREFIX_PATH=/home/blank/projects/path-planning/install/roverrobotics_description:${AMENT_PREFIX_PATH} CMAKE_PREFIX_PATH=/home/blank/projects/path-planning/install/roverrobotics_description:/opt/ros/humble CONDA_PROMPT_MODIFIER=(base) /usr/bin/cmake --build /home/blank/projects/path-planning/build/roverrobotics_gazebo -- -j6 -l6
[1.764s] DEBUG:colcon.colcon_core.event_handler.log_command:Invoking command in '/home/blank/projects/path-planning/build/roverrobotics_gazebo': AMENT_PREFIX_PATH=/home/blank/projects/path-planning/install/roverrobotics_description:${AMENT_PREFIX_PATH} CMAKE_PREFIX_PATH=/home/blank/projects/path-planning/install/roverrobotics_description:/opt/ros/humble CONDA_PROMPT_MODIFIER=(base) /usr/bin/cmake --install /home/blank/projects/path-planning/build/roverrobotics_gazebo
[1.772s] Level 1:colcon.colcon_core.environment:create_environment_scripts_only(roverrobotics_gazebo)
[1.773s] DEBUG:colcon.colcon_core.event_handler.log_command:Invoked command in '/home/blank/projects/path-planning/build/roverrobotics_gazebo' returned '0': AMENT_PREFIX_PATH=/home/blank/projects/path-planning/install/roverrobotics_description:${AMENT_PREFIX_PATH} CMAKE_PREFIX_PATH=/home/blank/projects/path-planning/install/roverrobotics_description:/opt/ros/humble CONDA_PROMPT_MODIFIER=(base) /usr/bin/cmake --install /home/blank/projects/path-planning/build/roverrobotics_gazebo
[1.786s] Level 1:colcon.colcon_core.environment:checking '/home/blank/projects/path-planning/install/roverrobotics_gazebo' for CMake module files
[1.787s] Level 1:colcon.colcon_core.environment:checking '/home/blank/projects/path-planning/install/roverrobotics_gazebo' for CMake config files
[1.787s] Level 1:colcon.colcon_core.shell:create_environment_hook('roverrobotics_gazebo', 'cmake_prefix_path')
[1.800s] INFO:colcon.colcon_core.shell:Creating environment hook '/home/blank/projects/path-planning/install/roverrobotics_gazebo/share/roverrobotics_gazebo/hook/cmake_prefix_path.ps1'
[1.800s] INFO:colcon.colcon_core.shell:Creating environment descriptor '/home/blank/projects/path-planning/install/roverrobotics_gazebo/share/roverrobotics_gazebo/hook/cmake_prefix_path.dsv'
[1.800s] INFO:colcon.colcon_core.shell:Creating environment hook '/home/blank/projects/path-planning/install/roverrobotics_gazebo/share/roverrobotics_gazebo/hook/cmake_prefix_path.sh'
[1.801s] Level 1:colcon.colcon_core.environment:checking '/home/blank/projects/path-planning/install/roverrobotics_gazebo/bin'
[1.801s] Level 1:colcon.colcon_core.environment:checking '/home/blank/projects/path-planning/install/roverrobotics_gazebo/lib/pkgconfig/roverrobotics_gazebo.pc'
[1.801s] Level 1:colcon.colcon_core.environment:checking '/home/blank/projects/path-planning/install/roverrobotics_gazebo/lib/python3.10/site-packages'
[1.801s] Level 1:colcon.colcon_core.environment:checking '/home/blank/projects/path-planning/install/roverrobotics_gazebo/bin'
[1.815s] INFO:colcon.colcon_core.shell:Creating package script '/home/blank/projects/path-planning/install/roverrobotics_gazebo/share/roverrobotics_gazebo/package.ps1'
[1.815s] INFO:colcon.colcon_core.shell:Creating package descriptor '/home/blank/projects/path-planning/install/roverrobotics_gazebo/share/roverrobotics_gazebo/package.dsv'
[1.815s] INFO:colcon.colcon_core.shell:Creating package script '/home/blank/projects/path-planning/install/roverrobotics_gazebo/share/roverrobotics_gazebo/package.sh'
[1.816s] INFO:colcon.colcon_core.shell:Creating package script '/home/blank/projects/path-planning/install/roverrobotics_gazebo/share/roverrobotics_gazebo/package.bash'
[1.816s] INFO:colcon.colcon_core.shell:Creating package script '/home/blank/projects/path-planning/install/roverrobotics_gazebo/share/roverrobotics_gazebo/package.zsh'
[1.816s] Level 1:colcon.colcon_core.environment:create_file_with_runtime_dependencies(/home/blank/projects/path-planning/install/roverrobotics_gazebo/share/colcon-core/packages/roverrobotics_gazebo)
[1.844s] Level 1:colcon.colcon_core.environment:create_environment_scripts_only(roverrobotics_gazebo)
[1.857s] Level 1:colcon.colcon_core.environment:checking '/home/blank/projects/path-planning/install/roverrobotics_gazebo' for CMake module files
[1.858s] Level 1:colcon.colcon_core.environment:checking '/home/blank/projects/path-planning/install/roverrobotics_gazebo' for CMake config files
[1.858s] Level 1:colcon.colcon_core.shell:create_environment_hook('roverrobotics_gazebo', 'cmake_prefix_path')
[1.872s] INFO:colcon.colcon_core.shell:Creating environment hook '/home/blank/projects/path-planning/install/roverrobotics_gazebo/share/roverrobotics_gazebo/hook/cmake_prefix_path.ps1'
[1.872s] INFO:colcon.colcon_core.shell:Creating environment descriptor '/home/blank/projects/path-planning/install/roverrobotics_gazebo/share/roverrobotics_gazebo/hook/cmake_prefix_path.dsv'
[1.872s] INFO:colcon.colcon_core.shell:Creating environment hook '/home/blank/projects/path-planning/install/roverrobotics_gazebo/share/roverrobotics_gazebo/hook/cmake_prefix_path.sh'
[1.873s] Level 1:colcon.colcon_core.environment:checking '/home/blank/projects/path-planning/install/roverrobotics_gazebo/bin'
[1.873s] Level 1:colcon.colcon_core.environment:checking '/home/blank/projects/path-planning/install/roverrobotics_gazebo/lib/pkgconfig/roverrobotics_gazebo.pc'
[1.873s] Level 1:colcon.colcon_core.environment:checking '/home/blank/projects/path-planning/install/roverrobotics_gazebo/lib/python3.10/site-packages'
[1.873s] Level 1:colcon.colcon_core.environment:checking '/home/blank/projects/path-planning/install/roverrobotics_gazebo/bin'
[1.887s] INFO:colcon.colcon_core.shell:Creating package script '/home/blank/projects/path-planning/install/roverrobotics_gazebo/share/roverrobotics_gazebo/package.ps1'
[1.887s] INFO:colcon.colcon_core.shell:Creating package descriptor '/home/blank/projects/path-planning/install/roverrobotics_gazebo/share/roverrobotics_gazebo/package.dsv'
[1.887s] INFO:colcon.colcon_core.shell:Creating package script '/home/blank/projects/path-planning/install/roverrobotics_gazebo/share/roverrobotics_gazebo/package.sh'
[1.888s] INFO:colcon.colcon_core.shell:Creating package script '/home/blank/projects/path-planning/install/roverrobotics_gazebo/share/roverrobotics_gazebo/package.bash'
[1.888s] INFO:colcon.colcon_core.shell:Creating package script '/home/blank/projects/path-planning/install/roverrobotics_gazebo/share/roverrobotics_gazebo/package.zsh'
[1.888s] Level 1:colcon.colcon_core.environment:create_file_with_runtime_dependencies(/home/blank/projects/path-planning/install/roverrobotics_gazebo/share/colcon-core/packages/roverrobotics_gazebo)
[1.888s] DEBUG:colcon.colcon_parallel_executor.executor.parallel:closing loop
[1.888s] DEBUG:colcon.colcon_parallel_executor.executor.parallel:loop closed
[1.889s] DEBUG:colcon.colcon_parallel_executor.executor.parallel:run_until_complete finished with '0'
[1.889s] DEBUG:colcon.colcon_core.event_reactor:joining thread
[1.905s] INFO:colcon.colcon_core.plugin_system:Skipping extension 'colcon_notification.desktop_notification.terminal_notifier': Not used on non-Darwin systems
[1.905s] INFO:colcon.colcon_core.plugin_system:Skipping extension 'colcon_notification.desktop_notification.win32': Not used on non-Windows systems
[1.905s] INFO:colcon.colcon_notification.desktop_notification:Sending desktop notification using 'notify2'
[1.913s] DEBUG:colcon.colcon_core.event_reactor:joined thread
[1.928s] INFO:colcon.colcon_core.shell:Creating prefix script '/home/blank/projects/path-planning/install/local_setup.ps1'
[1.928s] INFO:colcon.colcon_core.shell:Creating prefix util module '/home/blank/projects/path-planning/install/_local_setup_util_ps1.py'
[1.929s] INFO:colcon.colcon_core.shell:Creating prefix chain script '/home/blank/projects/path-planning/install/setup.ps1'
[1.943s] INFO:colcon.colcon_core.shell:Creating prefix script '/home/blank/projects/path-planning/install/local_setup.sh'
[1.944s] INFO:colcon.colcon_core.shell:Creating prefix util module '/home/blank/projects/path-planning/install/_local_setup_util_sh.py'
[1.944s] INFO:colcon.colcon_core.shell:Creating prefix chain script '/home/blank/projects/path-planning/install/setup.sh'
[1.959s] INFO:colcon.colcon_core.shell:Creating prefix script '/home/blank/projects/path-planning/install/local_setup.bash'
[1.959s] INFO:colcon.colcon_core.shell:Creating prefix chain script '/home/blank/projects/path-planning/install/setup.bash'
[1.974s] INFO:colcon.colcon_core.shell:Creating prefix script '/home/blank/projects/path-planning/install/local_setup.zsh'
[1.974s] INFO:colcon.colcon_core.shell:Creating prefix chain script '/home/blank/projects/path-planning/install/setup.zsh'
