[0.110s] Invoking command in '/home/blank/projects/path-planning/build/roverrobotics_driver': CMAKE_PREFIX_PATH=${CMAKE_PREFIX_PATH}:/opt/ros/humble CONDA_PROMPT_MODIFIER=(base) /usr/bin/cmake --build /home/blank/projects/path-planning/build/roverrobotics_driver -- -j6 -l6
[0.159s] [100%] Built target roverrobotics_driver
[0.364s] Invoked command in '/home/blank/projects/path-planning/build/roverrobotics_driver' returned '0': CMAKE_PREFIX_PATH=${CMAKE_PREFIX_PATH}:/opt/ros/humble CONDA_PROMPT_MODIFIER=(base) /usr/bin/cmake --build /home/blank/projects/path-planning/build/roverrobotics_driver -- -j6 -l6
[0.422s] Invoking command in '/home/blank/projects/path-planning/build/roverrobotics_driver': CMAKE_PREFIX_PATH=${CMAKE_PREFIX_PATH}:/opt/ros/humble CONDA_PROMPT_MODIFIER=(base) /usr/bin/cmake --install /home/blank/projects/path-planning/build/roverrobotics_driver
[0.427s] -- Install configuration: ""
[0.427s] -- Up-to-date: /home/blank/projects/path-planning/install/roverrobotics_driver/share/roverrobotics_driver/launch
[0.427s] -- Up-to-date: /home/blank/projects/path-planning/install/roverrobotics_driver/share/roverrobotics_driver/launch/mini.launch.py
[0.428s] -- Up-to-date: /home/blank/projects/path-planning/install/roverrobotics_driver/share/roverrobotics_driver/launch/ps4_controller.launch.py
[0.428s] -- Up-to-date: /home/blank/projects/path-planning/install/roverrobotics_driver/share/roverrobotics_driver/launch/zero_teleop.launch.py
[0.428s] -- Up-to-date: /home/blank/projects/path-planning/install/roverrobotics_driver/share/roverrobotics_driver/launch/mini_teleop.launch.py
[0.428s] -- Up-to-date: /home/blank/projects/path-planning/install/roverrobotics_driver/share/roverrobotics_driver/launch/accessories.launch.py
[0.428s] -- Up-to-date: /home/blank/projects/path-planning/install/roverrobotics_driver/share/roverrobotics_driver/launch/indoor_miti.launch.py
[0.428s] -- Up-to-date: /home/blank/projects/path-planning/install/roverrobotics_driver/share/roverrobotics_driver/launch/nav2_backend.py
[0.428s] -- Up-to-date: /home/blank/projects/path-planning/install/roverrobotics_driver/share/roverrobotics_driver/launch/navigation_launch.py
[0.428s] -- Up-to-date: /home/blank/projects/path-planning/install/roverrobotics_driver/share/roverrobotics_driver/launch/miti.launch.py
[0.428s] -- Up-to-date: /home/blank/projects/path-planning/install/roverrobotics_driver/share/roverrobotics_driver/launch/robot_localizer.launch.py
[0.428s] -- Up-to-date: /home/blank/projects/path-planning/install/roverrobotics_driver/share/roverrobotics_driver/launch/zero.launch.py
[0.428s] -- Up-to-date: /home/blank/projects/path-planning/install/roverrobotics_driver/share/roverrobotics_driver/launch/slam_launch.py
[0.428s] -- Up-to-date: /home/blank/projects/path-planning/install/roverrobotics_driver/share/roverrobotics_driver/launch/indoor_miti_teleop.launch.py
[0.428s] -- Up-to-date: /home/blank/projects/path-planning/install/roverrobotics_driver/share/roverrobotics_driver/launch/pro_teleop.launch.py
[0.428s] -- Up-to-date: /home/blank/projects/path-planning/install/roverrobotics_driver/share/roverrobotics_driver/launch/miti_teleop.launch.py
[0.428s] -- Up-to-date: /home/blank/projects/path-planning/install/roverrobotics_driver/share/roverrobotics_driver/launch/pro.launch.py
[0.428s] -- Up-to-date: /home/blank/projects/path-planning/install/roverrobotics_driver/share/roverrobotics_driver/config
[0.428s] -- Up-to-date: /home/blank/projects/path-planning/install/roverrobotics_driver/share/roverrobotics_driver/config/nav2_params.yaml
[0.429s] -- Up-to-date: /home/blank/projects/path-planning/install/roverrobotics_driver/share/roverrobotics_driver/config/realsense_config.yaml
[0.429s] -- Up-to-date: /home/blank/projects/path-planning/install/roverrobotics_driver/share/roverrobotics_driver/config/mini_config.yaml
[0.429s] -- Up-to-date: /home/blank/projects/path-planning/install/roverrobotics_driver/share/roverrobotics_driver/config/zero_config.yaml
[0.429s] -- Up-to-date: /home/blank/projects/path-planning/install/roverrobotics_driver/share/roverrobotics_driver/config/localization_ekf.yaml
[0.429s] -- Up-to-date: /home/blank/projects/path-planning/install/roverrobotics_driver/share/roverrobotics_driver/config/topics.yaml
[0.429s] -- Up-to-date: /home/blank/projects/path-planning/install/roverrobotics_driver/share/roverrobotics_driver/config/controller_config.yaml
[0.429s] -- Up-to-date: /home/blank/projects/path-planning/install/roverrobotics_driver/share/roverrobotics_driver/config/slam_configs
[0.429s] -- Up-to-date: /home/blank/projects/path-planning/install/roverrobotics_driver/share/roverrobotics_driver/config/slam_configs/mapper_params_online_sync.yaml
[0.429s] -- Up-to-date: /home/blank/projects/path-planning/install/roverrobotics_driver/share/roverrobotics_driver/config/slam_configs/mapper_params_localization.yaml
[0.429s] -- Up-to-date: /home/blank/projects/path-planning/install/roverrobotics_driver/share/roverrobotics_driver/config/slam_configs/mapper_params_lifelong.yaml
[0.429s] -- Up-to-date: /home/blank/projects/path-planning/install/roverrobotics_driver/share/roverrobotics_driver/config/slam_configs/mapper_params_offline.yaml
[0.429s] -- Up-to-date: /home/blank/projects/path-planning/install/roverrobotics_driver/share/roverrobotics_driver/config/slam_configs/mapper_params_online_async.yaml
[0.429s] -- Up-to-date: /home/blank/projects/path-planning/install/roverrobotics_driver/share/roverrobotics_driver/config/rviz_configs
[0.429s] -- Up-to-date: /home/blank/projects/path-planning/install/roverrobotics_driver/share/roverrobotics_driver/config/rviz_configs/realsense_rviz_layout.rviz
[0.429s] -- Up-to-date: /home/blank/projects/path-planning/install/roverrobotics_driver/share/roverrobotics_driver/config/rviz_configs/nav2_default_view.rviz
[0.429s] -- Up-to-date: /home/blank/projects/path-planning/install/roverrobotics_driver/share/roverrobotics_driver/config/rviz_configs/slam_rviz_layout.rviz
[0.429s] -- Up-to-date: /home/blank/projects/path-planning/install/roverrobotics_driver/share/roverrobotics_driver/config/miti_config.yaml
[0.429s] -- Up-to-date: /home/blank/projects/path-planning/install/roverrobotics_driver/share/roverrobotics_driver/config/pro_config.yaml
[0.429s] -- Up-to-date: /home/blank/projects/path-planning/install/roverrobotics_driver/share/roverrobotics_driver/config/indoor_miti_config.yaml
[0.430s] -- Up-to-date: /home/blank/projects/path-planning/install/roverrobotics_driver/share/roverrobotics_driver/config/accessories.yaml
[0.430s] -- Up-to-date: /home/blank/projects/path-planning/install/roverrobotics_driver/share/roverrobotics_driver/maps
[0.431s] -- Up-to-date: /home/blank/projects/path-planning/install/roverrobotics_driver/share/roverrobotics_driver/maps/maze_map.data
[0.431s] -- Up-to-date: /home/blank/projects/path-planning/install/roverrobotics_driver/share/roverrobotics_driver/maps/maze_map.pgm
[0.431s] -- Up-to-date: /home/blank/projects/path-planning/install/roverrobotics_driver/share/roverrobotics_driver/maps/maze_map.yaml
[0.431s] -- Up-to-date: /home/blank/projects/path-planning/install/roverrobotics_driver/share/roverrobotics_driver/maps/maze_map.posegraph
[0.431s] -- Up-to-date: /home/blank/projects/path-planning/install/roverrobotics_driver/lib/roverrobotics_driver/roverrobotics_driver
[0.431s] -- Up-to-date: /home/blank/projects/path-planning/install/roverrobotics_driver/share/ament_index/resource_index/package_run_dependencies/roverrobotics_driver
[0.431s] -- Up-to-date: /home/blank/projects/path-planning/install/roverrobotics_driver/share/ament_index/resource_index/parent_prefix_path/roverrobotics_driver
[0.431s] -- Up-to-date: /home/blank/projects/path-planning/install/roverrobotics_driver/share/roverrobotics_driver/environment/ament_prefix_path.sh
[0.431s] -- Up-to-date: /home/blank/projects/path-planning/install/roverrobotics_driver/share/roverrobotics_driver/environment/ament_prefix_path.dsv
[0.431s] -- Up-to-date: /home/blank/projects/path-planning/install/roverrobotics_driver/share/roverrobotics_driver/environment/path.sh
[0.431s] -- Up-to-date: /home/blank/projects/path-planning/install/roverrobotics_driver/share/roverrobotics_driver/environment/path.dsv
[0.432s] -- Up-to-date: /home/blank/projects/path-planning/install/roverrobotics_driver/share/roverrobotics_driver/local_setup.bash
[0.432s] -- Up-to-date: /home/blank/projects/path-planning/install/roverrobotics_driver/share/roverrobotics_driver/local_setup.sh
[0.432s] -- Up-to-date: /home/blank/projects/path-planning/install/roverrobotics_driver/share/roverrobotics_driver/local_setup.zsh
[0.432s] -- Up-to-date: /home/blank/projects/path-planning/install/roverrobotics_driver/share/roverrobotics_driver/local_setup.dsv
[0.432s] -- Installing: /home/blank/projects/path-planning/install/roverrobotics_driver/share/roverrobotics_driver/package.dsv
[0.432s] -- Up-to-date: /home/blank/projects/path-planning/install/roverrobotics_driver/share/ament_index/resource_index/packages/roverrobotics_driver
[0.432s] -- Up-to-date: /home/blank/projects/path-planning/install/roverrobotics_driver/share/roverrobotics_driver/cmake/roverrobotics_driverConfig.cmake
[0.432s] -- Up-to-date: /home/blank/projects/path-planning/install/roverrobotics_driver/share/roverrobotics_driver/cmake/roverrobotics_driverConfig-version.cmake
[0.432s] -- Up-to-date: /home/blank/projects/path-planning/install/roverrobotics_driver/share/roverrobotics_driver/package.xml
[0.432s] Invoked command in '/home/blank/projects/path-planning/build/roverrobotics_driver' returned '0': CMAKE_PREFIX_PATH=${CMAKE_PREFIX_PATH}:/opt/ros/humble CONDA_PROMPT_MODIFIER=(base) /usr/bin/cmake --install /home/blank/projects/path-planning/build/roverrobotics_driver
