[0.085s] Invoking command in '/home/blank/projects/path-planning/build/roverrobotics_gazebo': AMENT_PREFIX_PATH=/home/blank/projects/path-planning/install/roverrobotics_description:${AMENT_PREFIX_PATH} CMAKE_PREFIX_PATH=/home/blank/projects/path-planning/install/roverrobotics_description:/opt/ros/humble CONDA_PROMPT_MODIFIER=(base) /usr/bin/cmake --build /home/blank/projects/path-planning/build/roverrobotics_gazebo -- -j6 -l6
[0.169s] Invoked command in '/home/blank/projects/path-planning/build/roverrobotics_gazebo' returned '0': AMENT_PREFIX_PATH=/home/blank/projects/path-planning/install/roverrobotics_description:${AMENT_PREFIX_PATH} CMAKE_PREFIX_PATH=/home/blank/projects/path-planning/install/roverrobotics_description:/opt/ros/humble CONDA_PROMPT_MODIFIER=(base) /usr/bin/cmake --build /home/blank/projects/path-planning/build/roverrobotics_gazebo -- -j6 -l6
[0.185s] Invoking command in '/home/blank/projects/path-planning/build/roverrobotics_gazebo': AMENT_PREFIX_PATH=/home/blank/projects/path-planning/install/roverrobotics_description:${AMENT_PREFIX_PATH} CMAKE_PREFIX_PATH=/home/blank/projects/path-planning/install/roverrobotics_description:/opt/ros/humble CONDA_PROMPT_MODIFIER=(base) /usr/bin/cmake --install /home/blank/projects/path-planning/build/roverrobotics_gazebo
[0.191s] -- Install configuration: ""
[0.191s] -- Up-to-date: /home/blank/projects/path-planning/install/roverrobotics_gazebo/share/roverrobotics_gazebo/launch
[0.191s] -- Up-to-date: /home/blank/projects/path-planning/install/roverrobotics_gazebo/share/roverrobotics_gazebo/launch/mini_gazebo.launch.py
[0.191s] -- Up-to-date: /home/blank/projects/path-planning/install/roverrobotics_gazebo/share/roverrobotics_gazebo/launch/4wd_rover_gazebo.launch.py
[0.191s] -- Up-to-date: /home/blank/projects/path-planning/install/roverrobotics_gazebo/share/roverrobotics_gazebo/launch/flipper_gazebo.launch.py
[0.191s] -- Up-to-date: /home/blank/projects/path-planning/install/roverrobotics_gazebo/share/roverrobotics_gazebo/launch/miti_gazebo.launch.py
[0.191s] -- Up-to-date: /home/blank/projects/path-planning/install/roverrobotics_gazebo/share/roverrobotics_gazebo/launch/indoor_miti_gazebo.launch.py
[0.192s] -- Up-to-date: /home/blank/projects/path-planning/install/roverrobotics_gazebo/share/roverrobotics_gazebo/launch/2wd_rover_gazebo.launch.py
[0.192s] -- Up-to-date: /home/blank/projects/path-planning/install/roverrobotics_gazebo/share/roverrobotics_gazebo/worlds
[0.192s] -- Up-to-date: /home/blank/projects/path-planning/install/roverrobotics_gazebo/share/roverrobotics_gazebo/worlds/warehouse.sdf
[0.192s] -- Up-to-date: /home/blank/projects/path-planning/install/roverrobotics_gazebo/share/roverrobotics_gazebo/worlds/depot.sdf
[0.192s] -- Up-to-date: /home/blank/projects/path-planning/install/roverrobotics_gazebo/share/roverrobotics_gazebo/worlds/maze.sdf
[0.192s] -- Up-to-date: /home/blank/projects/path-planning/install/roverrobotics_gazebo/share/ament_index/resource_index/package_run_dependencies/roverrobotics_gazebo
[0.192s] -- Up-to-date: /home/blank/projects/path-planning/install/roverrobotics_gazebo/share/ament_index/resource_index/parent_prefix_path/roverrobotics_gazebo
[0.192s] -- Up-to-date: /home/blank/projects/path-planning/install/roverrobotics_gazebo/share/roverrobotics_gazebo/environment/ament_prefix_path.sh
[0.192s] -- Up-to-date: /home/blank/projects/path-planning/install/roverrobotics_gazebo/share/roverrobotics_gazebo/environment/ament_prefix_path.dsv
[0.192s] -- Up-to-date: /home/blank/projects/path-planning/install/roverrobotics_gazebo/share/roverrobotics_gazebo/environment/path.sh
[0.192s] -- Up-to-date: /home/blank/projects/path-planning/install/roverrobotics_gazebo/share/roverrobotics_gazebo/environment/path.dsv
[0.192s] -- Up-to-date: /home/blank/projects/path-planning/install/roverrobotics_gazebo/share/roverrobotics_gazebo/local_setup.bash
[0.192s] -- Up-to-date: /home/blank/projects/path-planning/install/roverrobotics_gazebo/share/roverrobotics_gazebo/local_setup.sh
[0.192s] -- Up-to-date: /home/blank/projects/path-planning/install/roverrobotics_gazebo/share/roverrobotics_gazebo/local_setup.zsh
[0.192s] -- Up-to-date: /home/blank/projects/path-planning/install/roverrobotics_gazebo/share/roverrobotics_gazebo/local_setup.dsv
[0.192s] -- Installing: /home/blank/projects/path-planning/install/roverrobotics_gazebo/share/roverrobotics_gazebo/package.dsv
[0.192s] -- Up-to-date: /home/blank/projects/path-planning/install/roverrobotics_gazebo/share/ament_index/resource_index/packages/roverrobotics_gazebo
[0.193s] -- Up-to-date: /home/blank/projects/path-planning/install/roverrobotics_gazebo/share/roverrobotics_gazebo/cmake/roverrobotics_gazeboConfig.cmake
[0.193s] -- Up-to-date: /home/blank/projects/path-planning/install/roverrobotics_gazebo/share/roverrobotics_gazebo/cmake/roverrobotics_gazeboConfig-version.cmake
[0.193s] -- Up-to-date: /home/blank/projects/path-planning/install/roverrobotics_gazebo/share/roverrobotics_gazebo/package.xml
[0.193s] Invoked command in '/home/blank/projects/path-planning/build/roverrobotics_gazebo' returned '0': AMENT_PREFIX_PATH=/home/blank/projects/path-planning/install/roverrobotics_description:${AMENT_PREFIX_PATH} CMAKE_PREFIX_PATH=/home/blank/projects/path-planning/install/roverrobotics_description:/opt/ros/humble CONDA_PROMPT_MODIFIER=(base) /usr/bin/cmake --install /home/blank/projects/path-planning/build/roverrobotics_gazebo
