-- Install configuration: ""
-- Up-to-date: /home/blank/projects/path-planning/install/roverrobotics_gazebo/share/roverrobotics_gazebo/launch
-- Up-to-date: /home/blank/projects/path-planning/install/roverrobotics_gazebo/share/roverrobotics_gazebo/launch/mini_gazebo.launch.py
-- Up-to-date: /home/blank/projects/path-planning/install/roverrobotics_gazebo/share/roverrobotics_gazebo/launch/4wd_rover_gazebo.launch.py
-- Up-to-date: /home/blank/projects/path-planning/install/roverrobotics_gazebo/share/roverrobotics_gazebo/launch/flipper_gazebo.launch.py
-- Up-to-date: /home/blank/projects/path-planning/install/roverrobotics_gazebo/share/roverrobotics_gazebo/launch/miti_gazebo.launch.py
-- Up-to-date: /home/blank/projects/path-planning/install/roverrobotics_gazebo/share/roverrobotics_gazebo/launch/indoor_miti_gazebo.launch.py
-- Up-to-date: /home/blank/projects/path-planning/install/roverrobotics_gazebo/share/roverrobotics_gazebo/launch/2wd_rover_gazebo.launch.py
-- Up-to-date: /home/blank/projects/path-planning/install/roverrobotics_gazebo/share/roverrobotics_gazebo/worlds
-- Up-to-date: /home/blank/projects/path-planning/install/roverrobotics_gazebo/share/roverrobotics_gazebo/worlds/warehouse.sdf
-- Up-to-date: /home/blank/projects/path-planning/install/roverrobotics_gazebo/share/roverrobotics_gazebo/worlds/depot.sdf
-- Up-to-date: /home/blank/projects/path-planning/install/roverrobotics_gazebo/share/roverrobotics_gazebo/worlds/maze.sdf
-- Up-to-date: /home/blank/projects/path-planning/install/roverrobotics_gazebo/share/ament_index/resource_index/package_run_dependencies/roverrobotics_gazebo
-- Up-to-date: /home/blank/projects/path-planning/install/roverrobotics_gazebo/share/ament_index/resource_index/parent_prefix_path/roverrobotics_gazebo
-- Up-to-date: /home/blank/projects/path-planning/install/roverrobotics_gazebo/share/roverrobotics_gazebo/environment/ament_prefix_path.sh
-- Up-to-date: /home/blank/projects/path-planning/install/roverrobotics_gazebo/share/roverrobotics_gazebo/environment/ament_prefix_path.dsv
-- Up-to-date: /home/blank/projects/path-planning/install/roverrobotics_gazebo/share/roverrobotics_gazebo/environment/path.sh
-- Up-to-date: /home/blank/projects/path-planning/install/roverrobotics_gazebo/share/roverrobotics_gazebo/environment/path.dsv
-- Up-to-date: /home/blank/projects/path-planning/install/roverrobotics_gazebo/share/roverrobotics_gazebo/local_setup.bash
-- Up-to-date: /home/blank/projects/path-planning/install/roverrobotics_gazebo/share/roverrobotics_gazebo/local_setup.sh
-- Up-to-date: /home/blank/projects/path-planning/install/roverrobotics_gazebo/share/roverrobotics_gazebo/local_setup.zsh
-- Up-to-date: /home/blank/projects/path-planning/install/roverrobotics_gazebo/share/roverrobotics_gazebo/local_setup.dsv
-- Installing: /home/blank/projects/path-planning/install/roverrobotics_gazebo/share/roverrobotics_gazebo/package.dsv
-- Up-to-date: /home/blank/projects/path-planning/install/roverrobotics_gazebo/share/ament_index/resource_index/packages/roverrobotics_gazebo
-- Up-to-date: /home/blank/projects/path-planning/install/roverrobotics_gazebo/share/roverrobotics_gazebo/cmake/roverrobotics_gazeboConfig.cmake
-- Up-to-date: /home/blank/projects/path-planning/install/roverrobotics_gazebo/share/roverrobotics_gazebo/cmake/roverrobotics_gazeboConfig-version.cmake
-- Up-to-date: /home/blank/projects/path-planning/install/roverrobotics_gazebo/share/roverrobotics_gazebo/package.xml
