[0.044s] Invoking command in '/home/blank/projects/path-planning/build/roverrobotics_gazebo': AMENT_PREFIX_PATH=/home/blank/projects/path-planning/install/roverrobotics_description:${AMENT_PREFIX_PATH} CMAKE_PREFIX_PATH=/home/blank/projects/path-planning/install/roverrobotics_description:/home/blank/projects/path-planning/src/install/roverrobotics_input_manager:/home/blank/projects/path-planning/src/install/roverrobotics_gazebo:/home/blank/projects/path-planning/src/install/roverrobotics_driver:/home/blank/projects/path-planning/src/install/roverrobotics_description:/opt/ros/humble CONDA_PROMPT_MODIFIER=(base) /usr/bin/cmake /home/blank/projects/path-planning/src/roverrobotics_ros2/roverrobotics_gazebo -DCMAKE_INSTALL_PREFIX=/home/blank/projects/path-planning/install/roverrobotics_gazebo
[0.081s] -- The C compiler identification is GNU 11.4.0
[0.122s] -- The CXX compiler identification is GNU 11.4.0
[0.127s] -- Detecting C compiler ABI info
[0.174s] -- Detecting C compiler ABI info - done
[0.181s] -- Check for working C compiler: /usr/bin/cc - skipped
[0.181s] -- Detecting C compile features
[0.182s] -- Detecting C compile features - done
[0.184s] -- Detecting CXX compiler ABI info
[0.240s] -- Detecting CXX compiler ABI info - done
[0.247s] -- Check for working CXX compiler: /usr/bin/c++ - skipped
[0.248s] -- Detecting CXX compile features
[0.248s] -- Detecting CXX compile features - done
[0.249s] -- Found ament_cmake: 1.3.5 (/opt/ros/humble/share/ament_cmake/cmake)
[0.386s] -- Found Python3: /usr/bin/python3.10 (found version "3.10.12") found components: Interpreter 
[0.448s] -- Found ament_lint_auto: 0.12.8 (/opt/ros/humble/share/ament_lint_auto/cmake)
[0.505s] -- Added test 'copyright' to check source files copyright and LICENSE
[0.506s] -- Added test 'flake8' to check Python code syntax and style conventions
[0.506s] -- Added test 'lint_cmake' to check CMake code style
[0.507s] -- Added test 'pep257' to check Python code against some of the docstring style conventions in PEP 257
[0.508s] -- Added test 'xmllint' to check XML markup files
[0.509s] -- Configuring done
[0.511s] -- Generating done
[0.511s] -- Build files have been written to: /home/blank/projects/path-planning/build/roverrobotics_gazebo
[0.515s] Invoked command in '/home/blank/projects/path-planning/build/roverrobotics_gazebo' returned '0': AMENT_PREFIX_PATH=/home/blank/projects/path-planning/install/roverrobotics_description:${AMENT_PREFIX_PATH} CMAKE_PREFIX_PATH=/home/blank/projects/path-planning/install/roverrobotics_description:/home/blank/projects/path-planning/src/install/roverrobotics_input_manager:/home/blank/projects/path-planning/src/install/roverrobotics_gazebo:/home/blank/projects/path-planning/src/install/roverrobotics_driver:/home/blank/projects/path-planning/src/install/roverrobotics_description:/opt/ros/humble CONDA_PROMPT_MODIFIER=(base) /usr/bin/cmake /home/blank/projects/path-planning/src/roverrobotics_ros2/roverrobotics_gazebo -DCMAKE_INSTALL_PREFIX=/home/blank/projects/path-planning/install/roverrobotics_gazebo
[0.516s] Invoking command in '/home/blank/projects/path-planning/build/roverrobotics_gazebo': AMENT_PREFIX_PATH=/home/blank/projects/path-planning/install/roverrobotics_description:${AMENT_PREFIX_PATH} CMAKE_PREFIX_PATH=/home/blank/projects/path-planning/install/roverrobotics_description:/home/blank/projects/path-planning/src/install/roverrobotics_input_manager:/home/blank/projects/path-planning/src/install/roverrobotics_gazebo:/home/blank/projects/path-planning/src/install/roverrobotics_driver:/home/blank/projects/path-planning/src/install/roverrobotics_description:/opt/ros/humble CONDA_PROMPT_MODIFIER=(base) /usr/bin/cmake --build /home/blank/projects/path-planning/build/roverrobotics_gazebo -- -j6 -l6
[0.542s] Invoked command in '/home/blank/projects/path-planning/build/roverrobotics_gazebo' returned '0': AMENT_PREFIX_PATH=/home/blank/projects/path-planning/install/roverrobotics_description:${AMENT_PREFIX_PATH} CMAKE_PREFIX_PATH=/home/blank/projects/path-planning/install/roverrobotics_description:/home/blank/projects/path-planning/src/install/roverrobotics_input_manager:/home/blank/projects/path-planning/src/install/roverrobotics_gazebo:/home/blank/projects/path-planning/src/install/roverrobotics_driver:/home/blank/projects/path-planning/src/install/roverrobotics_description:/opt/ros/humble CONDA_PROMPT_MODIFIER=(base) /usr/bin/cmake --build /home/blank/projects/path-planning/build/roverrobotics_gazebo -- -j6 -l6
[0.557s] Invoking command in '/home/blank/projects/path-planning/build/roverrobotics_gazebo': AMENT_PREFIX_PATH=/home/blank/projects/path-planning/install/roverrobotics_description:${AMENT_PREFIX_PATH} CMAKE_PREFIX_PATH=/home/blank/projects/path-planning/install/roverrobotics_description:/home/blank/projects/path-planning/src/install/roverrobotics_input_manager:/home/blank/projects/path-planning/src/install/roverrobotics_gazebo:/home/blank/projects/path-planning/src/install/roverrobotics_driver:/home/blank/projects/path-planning/src/install/roverrobotics_description:/opt/ros/humble CONDA_PROMPT_MODIFIER=(base) /usr/bin/cmake --install /home/blank/projects/path-planning/build/roverrobotics_gazebo
[0.562s] -- Install configuration: ""
[0.562s] -- Installing: /home/blank/projects/path-planning/install/roverrobotics_gazebo/share/roverrobotics_gazebo/launch
[0.562s] -- Installing: /home/blank/projects/path-planning/install/roverrobotics_gazebo/share/roverrobotics_gazebo/launch/mini_gazebo.launch.py
[0.563s] -- Installing: /home/blank/projects/path-planning/install/roverrobotics_gazebo/share/roverrobotics_gazebo/launch/4wd_rover_gazebo.launch.py
[0.563s] -- Installing: /home/blank/projects/path-planning/install/roverrobotics_gazebo/share/roverrobotics_gazebo/launch/flipper_gazebo.launch.py
[0.563s] -- Installing: /home/blank/projects/path-planning/install/roverrobotics_gazebo/share/roverrobotics_gazebo/launch/miti_gazebo.launch.py
[0.563s] -- Installing: /home/blank/projects/path-planning/install/roverrobotics_gazebo/share/roverrobotics_gazebo/launch/indoor_miti_gazebo.launch.py
[0.563s] -- Installing: /home/blank/projects/path-planning/install/roverrobotics_gazebo/share/roverrobotics_gazebo/launch/2wd_rover_gazebo.launch.py
[0.563s] -- Installing: /home/blank/projects/path-planning/install/roverrobotics_gazebo/share/roverrobotics_gazebo/worlds
[0.563s] -- Installing: /home/blank/projects/path-planning/install/roverrobotics_gazebo/share/roverrobotics_gazebo/worlds/warehouse.sdf
[0.563s] -- Installing: /home/blank/projects/path-planning/install/roverrobotics_gazebo/share/roverrobotics_gazebo/worlds/depot.sdf
[0.563s] -- Installing: /home/blank/projects/path-planning/install/roverrobotics_gazebo/share/roverrobotics_gazebo/worlds/maze.sdf
[0.563s] -- Installing: /home/blank/projects/path-planning/install/roverrobotics_gazebo/share/ament_index/resource_index/package_run_dependencies/roverrobotics_gazebo
[0.563s] -- Installing: /home/blank/projects/path-planning/install/roverrobotics_gazebo/share/ament_index/resource_index/parent_prefix_path/roverrobotics_gazebo
[0.563s] -- Installing: /home/blank/projects/path-planning/install/roverrobotics_gazebo/share/roverrobotics_gazebo/environment/ament_prefix_path.sh
[0.563s] -- Installing: /home/blank/projects/path-planning/install/roverrobotics_gazebo/share/roverrobotics_gazebo/environment/ament_prefix_path.dsv
[0.564s] -- Installing: /home/blank/projects/path-planning/install/roverrobotics_gazebo/share/roverrobotics_gazebo/environment/path.sh
[0.564s] -- Installing: /home/blank/projects/path-planning/install/roverrobotics_gazebo/share/roverrobotics_gazebo/environment/path.dsv
[0.564s] -- Installing: /home/blank/projects/path-planning/install/roverrobotics_gazebo/share/roverrobotics_gazebo/local_setup.bash
[0.564s] -- Installing: /home/blank/projects/path-planning/install/roverrobotics_gazebo/share/roverrobotics_gazebo/local_setup.sh
[0.564s] -- Installing: /home/blank/projects/path-planning/install/roverrobotics_gazebo/share/roverrobotics_gazebo/local_setup.zsh
[0.564s] -- Installing: /home/blank/projects/path-planning/install/roverrobotics_gazebo/share/roverrobotics_gazebo/local_setup.dsv
[0.564s] -- Installing: /home/blank/projects/path-planning/install/roverrobotics_gazebo/share/roverrobotics_gazebo/package.dsv
[0.564s] -- Installing: /home/blank/projects/path-planning/install/roverrobotics_gazebo/share/ament_index/resource_index/packages/roverrobotics_gazebo
[0.564s] -- Installing: /home/blank/projects/path-planning/install/roverrobotics_gazebo/share/roverrobotics_gazebo/cmake/roverrobotics_gazeboConfig.cmake
[0.565s] -- Installing: /home/blank/projects/path-planning/install/roverrobotics_gazebo/share/roverrobotics_gazebo/cmake/roverrobotics_gazeboConfig-version.cmake
[0.565s] -- Installing: /home/blank/projects/path-planning/install/roverrobotics_gazebo/share/roverrobotics_gazebo/package.xml
[0.566s] Invoked command in '/home/blank/projects/path-planning/build/roverrobotics_gazebo' returned '0': AMENT_PREFIX_PATH=/home/blank/projects/path-planning/install/roverrobotics_description:${AMENT_PREFIX_PATH} CMAKE_PREFIX_PATH=/home/blank/projects/path-planning/install/roverrobotics_description:/home/blank/projects/path-planning/src/install/roverrobotics_input_manager:/home/blank/projects/path-planning/src/install/roverrobotics_gazebo:/home/blank/projects/path-planning/src/install/roverrobotics_driver:/home/blank/projects/path-planning/src/install/roverrobotics_description:/opt/ros/humble CONDA_PROMPT_MODIFIER=(base) /usr/bin/cmake --install /home/blank/projects/path-planning/build/roverrobotics_gazebo
