[0.125s] Invoking command in '/home/blank/projects/path-planning/build/roverrobotics_description': CMAKE_PREFIX_PATH=${CMAKE_PREFIX_PATH}:/opt/ros/humble CONDA_PROMPT_MODIFIER=(base) /usr/bin/cmake /home/blank/projects/path-planning/src/roverrobotics_ros2/roverrobotics_description -DCMAKE_INSTALL_PREFIX=/home/blank/projects/path-planning/install/roverrobotics_description
[0.166s] -- The C compiler identification is GNU 11.4.0
[0.209s] -- The CXX compiler identification is GNU 11.4.0
[0.215s] -- Detecting C compiler ABI info
[0.266s] -- Detecting C compiler ABI info - done
[0.272s] -- Check for working C compiler: /usr/bin/cc - skipped
[0.273s] -- Detecting C compile features
[0.273s] -- Detecting C compile features - done
[0.276s] -- Detecting CXX compiler ABI info
[0.344s] -- Detecting CXX compiler ABI info - done
[0.351s] -- Check for working CXX compiler: /usr/bin/c++ - skipped
[0.351s] -- Detecting CXX compile features
[0.352s] -- Detecting CXX compile features - done
[0.353s] -- Found ament_cmake: 1.3.5 (/opt/ros/humble/share/ament_cmake/cmake)
[0.497s] -- Found Python3: /usr/bin/python3.10 (found version "3.10.12") found components: Interpreter 
[0.605s] -- Configuring done
[0.607s] -- Generating done
[0.607s] -- Build files have been written to: /home/blank/projects/path-planning/build/roverrobotics_description
[0.611s] Invoked command in '/home/blank/projects/path-planning/build/roverrobotics_description' returned '0': CMAKE_PREFIX_PATH=${CMAKE_PREFIX_PATH}:/opt/ros/humble CONDA_PROMPT_MODIFIER=(base) /usr/bin/cmake /home/blank/projects/path-planning/src/roverrobotics_ros2/roverrobotics_description -DCMAKE_INSTALL_PREFIX=/home/blank/projects/path-planning/install/roverrobotics_description
[0.612s] Invoking command in '/home/blank/projects/path-planning/build/roverrobotics_description': CMAKE_PREFIX_PATH=${CMAKE_PREFIX_PATH}:/opt/ros/humble CONDA_PROMPT_MODIFIER=(base) /usr/bin/cmake --build /home/blank/projects/path-planning/build/roverrobotics_description -- -j6 -l6
[0.638s] Invoked command in '/home/blank/projects/path-planning/build/roverrobotics_description' returned '0': CMAKE_PREFIX_PATH=${CMAKE_PREFIX_PATH}:/opt/ros/humble CONDA_PROMPT_MODIFIER=(base) /usr/bin/cmake --build /home/blank/projects/path-planning/build/roverrobotics_description -- -j6 -l6
[0.659s] Invoking command in '/home/blank/projects/path-planning/build/roverrobotics_description': CMAKE_PREFIX_PATH=${CMAKE_PREFIX_PATH}:/opt/ros/humble CONDA_PROMPT_MODIFIER=(base) /usr/bin/cmake --install /home/blank/projects/path-planning/build/roverrobotics_description
[0.665s] -- Install configuration: ""
[0.665s] -- Installing: /home/blank/projects/path-planning/install/roverrobotics_description/share/roverrobotics_description/rviz
[0.665s] -- Installing: /home/blank/projects/path-planning/install/roverrobotics_description/share/roverrobotics_description/rviz/urdf.rviz
[0.665s] -- Installing: /home/blank/projects/path-planning/install/roverrobotics_description/share/roverrobotics_description/launch
[0.665s] -- Installing: /home/blank/projects/path-planning/install/roverrobotics_description/share/roverrobotics_description/launch/display_flipper.launch.py
[0.665s] -- Installing: /home/blank/projects/path-planning/install/roverrobotics_description/share/roverrobotics_description/launch/display_2wd_rover.launch.py
[0.665s] -- Installing: /home/blank/projects/path-planning/install/roverrobotics_description/share/roverrobotics_description/launch/display_indoor_miti.launch.py
[0.665s] -- Installing: /home/blank/projects/path-planning/install/roverrobotics_description/share/roverrobotics_description/launch/display_4wd_rover.launch.py
[0.665s] -- Installing: /home/blank/projects/path-planning/install/roverrobotics_description/share/roverrobotics_description/launch/display_mini.launch.py
[0.665s] -- Installing: /home/blank/projects/path-planning/install/roverrobotics_description/share/roverrobotics_description/launch/display_miti.launch.py
[0.665s] -- Installing: /home/blank/projects/path-planning/install/roverrobotics_description/share/roverrobotics_description/meshes
[0.666s] -- Installing: /home/blank/projects/path-planning/install/roverrobotics_description/share/roverrobotics_description/meshes/hub_6.5in.dae
[0.666s] -- Installing: /home/blank/projects/path-planning/install/roverrobotics_description/share/roverrobotics_description/meshes/mini_chassis.dae
[0.688s] -- Installing: /home/blank/projects/path-planning/install/roverrobotics_description/share/roverrobotics_description/meshes/flipper_track.dae
[0.690s] -- Installing: /home/blank/projects/path-planning/install/roverrobotics_description/share/roverrobotics_description/meshes/rover_payload.dae
[0.707s] -- Installing: /home/blank/projects/path-planning/install/roverrobotics_description/share/roverrobotics_description/meshes/castor_housing.dae
[0.707s] -- Installing: /home/blank/projects/path-planning/install/roverrobotics_description/share/roverrobotics_description/meshes/pro_tire.dae
[0.707s] -- Installing: /home/blank/projects/path-planning/install/roverrobotics_description/share/roverrobotics_description/meshes/flipper_chassis.dae
[0.724s] -- Installing: /home/blank/projects/path-planning/install/roverrobotics_description/share/roverrobotics_description/meshes/rplidar_s2.dae
[0.725s] -- Installing: /home/blank/projects/path-planning/install/roverrobotics_description/share/roverrobotics_description/meshes/hub_10in.dae
[0.726s] -- Installing: /home/blank/projects/path-planning/install/roverrobotics_description/share/roverrobotics_description/meshes/flipper.dae
[0.742s] -- Installing: /home/blank/projects/path-planning/install/roverrobotics_description/share/roverrobotics_description/meshes/castor.dae
[0.742s] -- Installing: /home/blank/projects/path-planning/install/roverrobotics_description/share/roverrobotics_description/meshes/miti_chassis.dae
[0.766s] -- Installing: /home/blank/projects/path-planning/install/roverrobotics_description/share/roverrobotics_description/meshes/rover_2wd_core.dae
[0.778s] -- Installing: /home/blank/projects/path-planning/install/roverrobotics_description/share/roverrobotics_description/urdf
[0.778s] -- Installing: /home/blank/projects/path-planning/install/roverrobotics_description/share/roverrobotics_description/urdf/mini.urdf
[0.778s] -- Installing: /home/blank/projects/path-planning/install/roverrobotics_description/share/roverrobotics_description/urdf/flipper.urdf
[0.778s] -- Installing: /home/blank/projects/path-planning/install/roverrobotics_description/share/roverrobotics_description/urdf/miti.urdf
[0.779s] -- Installing: /home/blank/projects/path-planning/install/roverrobotics_description/share/roverrobotics_description/urdf/accessories
[0.779s] -- Installing: /home/blank/projects/path-planning/install/roverrobotics_description/share/roverrobotics_description/urdf/accessories/rplidar_s2.urdf
[0.779s] -- Installing: /home/blank/projects/path-planning/install/roverrobotics_description/share/roverrobotics_description/urdf/accessories/imu.urdf
[0.779s] -- Installing: /home/blank/projects/path-planning/install/roverrobotics_description/share/roverrobotics_description/urdf/accessories/rover_dev_payload.urdf
[0.779s] -- Installing: /home/blank/projects/path-planning/install/roverrobotics_description/share/roverrobotics_description/urdf/rover_2wd.urdf
[0.779s] -- Installing: /home/blank/projects/path-planning/install/roverrobotics_description/share/roverrobotics_description/urdf/indoor_miti.urdf
[0.779s] -- Installing: /home/blank/projects/path-planning/install/roverrobotics_description/share/roverrobotics_description/urdf/rover_4wd.urdf
[0.779s] -- Installing: /home/blank/projects/path-planning/install/roverrobotics_description/share/ament_index/resource_index/package_run_dependencies/roverrobotics_description
[0.779s] -- Installing: /home/blank/projects/path-planning/install/roverrobotics_description/share/ament_index/resource_index/parent_prefix_path/roverrobotics_description
[0.779s] -- Installing: /home/blank/projects/path-planning/install/roverrobotics_description/share/roverrobotics_description/environment/ament_prefix_path.sh
[0.779s] -- Installing: /home/blank/projects/path-planning/install/roverrobotics_description/share/roverrobotics_description/environment/ament_prefix_path.dsv
[0.780s] -- Installing: /home/blank/projects/path-planning/install/roverrobotics_description/share/roverrobotics_description/environment/path.sh
[0.780s] -- Installing: /home/blank/projects/path-planning/install/roverrobotics_description/share/roverrobotics_description/environment/path.dsv
[0.780s] -- Installing: /home/blank/projects/path-planning/install/roverrobotics_description/share/roverrobotics_description/local_setup.bash
[0.780s] -- Installing: /home/blank/projects/path-planning/install/roverrobotics_description/share/roverrobotics_description/local_setup.sh
[0.780s] -- Installing: /home/blank/projects/path-planning/install/roverrobotics_description/share/roverrobotics_description/local_setup.zsh
[0.780s] -- Installing: /home/blank/projects/path-planning/install/roverrobotics_description/share/roverrobotics_description/local_setup.dsv
[0.780s] -- Installing: /home/blank/projects/path-planning/install/roverrobotics_description/share/roverrobotics_description/package.dsv
[0.780s] -- Installing: /home/blank/projects/path-planning/install/roverrobotics_description/share/ament_index/resource_index/packages/roverrobotics_description
[0.780s] -- Installing: /home/blank/projects/path-planning/install/roverrobotics_description/share/roverrobotics_description/cmake/roverrobotics_descriptionConfig.cmake
[0.780s] -- Installing: /home/blank/projects/path-planning/install/roverrobotics_description/share/roverrobotics_description/cmake/roverrobotics_descriptionConfig-version.cmake
[0.780s] -- Installing: /home/blank/projects/path-planning/install/roverrobotics_description/share/roverrobotics_description/package.xml
[0.792s] Invoked command in '/home/blank/projects/path-planning/build/roverrobotics_description' returned '0': CMAKE_PREFIX_PATH=${CMAKE_PREFIX_PATH}:/opt/ros/humble CONDA_PROMPT_MODIFIER=(base) /usr/bin/cmake --install /home/blank/projects/path-planning/build/roverrobotics_description
