[0.060s] Invoking command in '/home/blank/projects/path-planning/build/roverrobotics_input_manager': CMAKE_PREFIX_PATH=${CMAKE_PREFIX_PATH}:/opt/ros/humble CONDA_PROMPT_MODIFIER=(base) /usr/bin/cmake --build /home/blank/projects/path-planning/build/roverrobotics_input_manager -- -j6 -l6
[0.088s] Invoked command in '/home/blank/projects/path-planning/build/roverrobotics_input_manager' returned '0': CMAKE_PREFIX_PATH=${CMAKE_PREFIX_PATH}:/opt/ros/humble CONDA_PROMPT_MODIFIER=(base) /usr/bin/cmake --build /home/blank/projects/path-planning/build/roverrobotics_input_manager -- -j6 -l6
[0.106s] Invoking command in '/home/blank/projects/path-planning/build/roverrobotics_input_manager': CMAKE_PREFIX_PATH=${CMAKE_PREFIX_PATH}:/opt/ros/humble CONDA_PROMPT_MODIFIER=(base) /usr/bin/cmake --install /home/blank/projects/path-planning/build/roverrobotics_input_manager
[0.115s] -- Install configuration: ""
[0.115s] -- Up-to-date: /home/blank/projects/path-planning/install/roverrobotics_input_manager/lib/roverrobotics_input_manager/modules
[0.115s] -- Up-to-date: /home/blank/projects/path-planning/install/roverrobotics_input_manager/lib/roverrobotics_input_manager/modules/__pycache__
[0.115s] -- Up-to-date: /home/blank/projects/path-planning/install/roverrobotics_input_manager/lib/roverrobotics_input_manager/modules/__pycache__/Topics.cpython-310.pyc
[0.115s] -- Up-to-date: /home/blank/projects/path-planning/install/roverrobotics_input_manager/lib/roverrobotics_input_manager/modules/__pycache__/Controller.cpython-310.pyc
[0.115s] -- Up-to-date: /home/blank/projects/path-planning/install/roverrobotics_input_manager/lib/roverrobotics_input_manager/modules/__pycache__/Controller.cpython-38.pyc
[0.115s] -- Up-to-date: /home/blank/projects/path-planning/install/roverrobotics_input_manager/lib/roverrobotics_input_manager/modules/__pycache__/Topics.cpython-38.pyc
[0.115s] -- Up-to-date: /home/blank/projects/path-planning/install/roverrobotics_input_manager/lib/roverrobotics_input_manager/modules/Topics.py
[0.115s] -- Up-to-date: /home/blank/projects/path-planning/install/roverrobotics_input_manager/lib/roverrobotics_input_manager/modules/Controller.py
[0.115s] -- Up-to-date: /home/blank/projects/path-planning/install/roverrobotics_input_manager/lib/roverrobotics_input_manager/joys_manager.py
[0.116s] -- Up-to-date: /home/blank/projects/path-planning/install/roverrobotics_input_manager/share/ament_index/resource_index/package_run_dependencies/roverrobotics_input_manager
[0.116s] -- Up-to-date: /home/blank/projects/path-planning/install/roverrobotics_input_manager/share/ament_index/resource_index/parent_prefix_path/roverrobotics_input_manager
[0.116s] -- Up-to-date: /home/blank/projects/path-planning/install/roverrobotics_input_manager/share/roverrobotics_input_manager/environment/ament_prefix_path.sh
[0.116s] -- Up-to-date: /home/blank/projects/path-planning/install/roverrobotics_input_manager/share/roverrobotics_input_manager/environment/ament_prefix_path.dsv
[0.116s] -- Up-to-date: /home/blank/projects/path-planning/install/roverrobotics_input_manager/share/roverrobotics_input_manager/environment/path.sh
[0.116s] -- Up-to-date: /home/blank/projects/path-planning/install/roverrobotics_input_manager/share/roverrobotics_input_manager/environment/path.dsv
[0.116s] -- Up-to-date: /home/blank/projects/path-planning/install/roverrobotics_input_manager/share/roverrobotics_input_manager/local_setup.bash
[0.116s] -- Up-to-date: /home/blank/projects/path-planning/install/roverrobotics_input_manager/share/roverrobotics_input_manager/local_setup.sh
[0.116s] -- Up-to-date: /home/blank/projects/path-planning/install/roverrobotics_input_manager/share/roverrobotics_input_manager/local_setup.zsh
[0.116s] -- Up-to-date: /home/blank/projects/path-planning/install/roverrobotics_input_manager/share/roverrobotics_input_manager/local_setup.dsv
[0.116s] -- Installing: /home/blank/projects/path-planning/install/roverrobotics_input_manager/share/roverrobotics_input_manager/package.dsv
[0.116s] -- Up-to-date: /home/blank/projects/path-planning/install/roverrobotics_input_manager/share/ament_index/resource_index/packages/roverrobotics_input_manager
[0.116s] -- Up-to-date: /home/blank/projects/path-planning/install/roverrobotics_input_manager/share/roverrobotics_input_manager/cmake/roverrobotics_input_managerConfig.cmake
[0.116s] -- Up-to-date: /home/blank/projects/path-planning/install/roverrobotics_input_manager/share/roverrobotics_input_manager/cmake/roverrobotics_input_managerConfig-version.cmake
[0.116s] -- Up-to-date: /home/blank/projects/path-planning/install/roverrobotics_input_manager/share/roverrobotics_input_manager/package.xml
[0.163s] Invoked command in '/home/blank/projects/path-planning/build/roverrobotics_input_manager' returned '0': CMAKE_PREFIX_PATH=${CMAKE_PREFIX_PATH}:/opt/ros/humble CONDA_PROMPT_MODIFIER=(base) /usr/bin/cmake --install /home/blank/projects/path-planning/build/roverrobotics_input_manager
