[0.047s] Invoking command in '/home/blank/projects/path-planning/build/roverrobotics_input_manager': CMAKE_PREFIX_PATH=${CMAKE_PREFIX_PATH}:/opt/ros/humble CONDA_PROMPT_MODIFIER=(base) /usr/bin/cmake /home/blank/projects/path-planning/src/roverrobotics_ros2/roverrobotics_input_manager -DCMAKE_INSTALL_PREFIX=/home/blank/projects/path-planning/install/roverrobotics_input_manager
[0.085s] -- The C compiler identification is GNU 11.4.0
[0.126s] -- The CXX compiler identification is GNU 11.4.0
[0.133s] -- Detecting C compiler ABI info
[0.184s] -- Detecting C compiler ABI info - done
[0.191s] -- Check for working C compiler: /usr/bin/cc - skipped
[0.191s] -- Detecting C compile features
[0.191s] -- Detecting C compile features - done
[0.194s] -- Detecting CXX compiler ABI info
[0.259s] -- Detecting CXX compiler ABI info - done
[0.267s] -- Check for working CXX compiler: /usr/bin/c++ - skipped
[0.267s] -- Detecting CXX compile features
[0.267s] -- Detecting CXX compile features - done
[0.269s] -- Found ament_cmake: 1.3.5 (/opt/ros/humble/share/ament_cmake/cmake)
[0.410s] -- Found Python3: /usr/bin/python3.10 (found version "3.10.12") found components: Interpreter 
[0.521s] -- Configuring done
[0.523s] -- Generating done
[0.524s] -- Build files have been written to: /home/blank/projects/path-planning/build/roverrobotics_input_manager
[0.527s] Invoked command in '/home/blank/projects/path-planning/build/roverrobotics_input_manager' returned '0': CMAKE_PREFIX_PATH=${CMAKE_PREFIX_PATH}:/opt/ros/humble CONDA_PROMPT_MODIFIER=(base) /usr/bin/cmake /home/blank/projects/path-planning/src/roverrobotics_ros2/roverrobotics_input_manager -DCMAKE_INSTALL_PREFIX=/home/blank/projects/path-planning/install/roverrobotics_input_manager
[0.528s] Invoking command in '/home/blank/projects/path-planning/build/roverrobotics_input_manager': CMAKE_PREFIX_PATH=${CMAKE_PREFIX_PATH}:/opt/ros/humble CONDA_PROMPT_MODIFIER=(base) /usr/bin/cmake --build /home/blank/projects/path-planning/build/roverrobotics_input_manager -- -j6 -l6
[0.557s] Invoked command in '/home/blank/projects/path-planning/build/roverrobotics_input_manager' returned '0': CMAKE_PREFIX_PATH=${CMAKE_PREFIX_PATH}:/opt/ros/humble CONDA_PROMPT_MODIFIER=(base) /usr/bin/cmake --build /home/blank/projects/path-planning/build/roverrobotics_input_manager -- -j6 -l6
[0.579s] Invoking command in '/home/blank/projects/path-planning/build/roverrobotics_input_manager': CMAKE_PREFIX_PATH=${CMAKE_PREFIX_PATH}:/opt/ros/humble CONDA_PROMPT_MODIFIER=(base) /usr/bin/cmake --install /home/blank/projects/path-planning/build/roverrobotics_input_manager
[0.584s] -- Install configuration: ""
[0.584s] -- Installing: /home/blank/projects/path-planning/install/roverrobotics_input_manager/lib/roverrobotics_input_manager/modules
[0.584s] -- Installing: /home/blank/projects/path-planning/install/roverrobotics_input_manager/lib/roverrobotics_input_manager/modules/__pycache__
[0.585s] -- Installing: /home/blank/projects/path-planning/install/roverrobotics_input_manager/lib/roverrobotics_input_manager/modules/__pycache__/Topics.cpython-310.pyc
[0.585s] -- Installing: /home/blank/projects/path-planning/install/roverrobotics_input_manager/lib/roverrobotics_input_manager/modules/__pycache__/Controller.cpython-310.pyc
[0.585s] -- Installing: /home/blank/projects/path-planning/install/roverrobotics_input_manager/lib/roverrobotics_input_manager/modules/__pycache__/Controller.cpython-38.pyc
[0.585s] -- Installing: /home/blank/projects/path-planning/install/roverrobotics_input_manager/lib/roverrobotics_input_manager/modules/__pycache__/Topics.cpython-38.pyc
[0.585s] -- Installing: /home/blank/projects/path-planning/install/roverrobotics_input_manager/lib/roverrobotics_input_manager/modules/Topics.py
[0.585s] -- Installing: /home/blank/projects/path-planning/install/roverrobotics_input_manager/lib/roverrobotics_input_manager/modules/Controller.py
[0.585s] -- Installing: /home/blank/projects/path-planning/install/roverrobotics_input_manager/lib/roverrobotics_input_manager/joys_manager.py
[0.585s] -- Installing: /home/blank/projects/path-planning/install/roverrobotics_input_manager/share/ament_index/resource_index/package_run_dependencies/roverrobotics_input_manager
[0.585s] -- Installing: /home/blank/projects/path-planning/install/roverrobotics_input_manager/share/ament_index/resource_index/parent_prefix_path/roverrobotics_input_manager
[0.586s] -- Installing: /home/blank/projects/path-planning/install/roverrobotics_input_manager/share/roverrobotics_input_manager/environment/ament_prefix_path.sh
[0.586s] -- Installing: /home/blank/projects/path-planning/install/roverrobotics_input_manager/share/roverrobotics_input_manager/environment/ament_prefix_path.dsv
[0.586s] -- Installing: /home/blank/projects/path-planning/install/roverrobotics_input_manager/share/roverrobotics_input_manager/environment/path.sh
[0.586s] -- Installing: /home/blank/projects/path-planning/install/roverrobotics_input_manager/share/roverrobotics_input_manager/environment/path.dsv
[0.586s] -- Installing: /home/blank/projects/path-planning/install/roverrobotics_input_manager/share/roverrobotics_input_manager/local_setup.bash
[0.586s] -- Installing: /home/blank/projects/path-planning/install/roverrobotics_input_manager/share/roverrobotics_input_manager/local_setup.sh
[0.586s] -- Installing: /home/blank/projects/path-planning/install/roverrobotics_input_manager/share/roverrobotics_input_manager/local_setup.zsh
[0.586s] -- Installing: /home/blank/projects/path-planning/install/roverrobotics_input_manager/share/roverrobotics_input_manager/local_setup.dsv
[0.586s] -- Installing: /home/blank/projects/path-planning/install/roverrobotics_input_manager/share/roverrobotics_input_manager/package.dsv
[0.586s] -- Installing: /home/blank/projects/path-planning/install/roverrobotics_input_manager/share/ament_index/resource_index/packages/roverrobotics_input_manager
[0.587s] -- Installing: /home/blank/projects/path-planning/install/roverrobotics_input_manager/share/roverrobotics_input_manager/cmake/roverrobotics_input_managerConfig.cmake
[0.587s] -- Installing: /home/blank/projects/path-planning/install/roverrobotics_input_manager/share/roverrobotics_input_manager/cmake/roverrobotics_input_managerConfig-version.cmake
[0.587s] -- Installing: /home/blank/projects/path-planning/install/roverrobotics_input_manager/share/roverrobotics_input_manager/package.xml
[0.588s] Invoked command in '/home/blank/projects/path-planning/build/roverrobotics_input_manager' returned '0': CMAKE_PREFIX_PATH=${CMAKE_PREFIX_PATH}:/opt/ros/humble CONDA_PROMPT_MODIFIER=(base) /usr/bin/cmake --install /home/blank/projects/path-planning/build/roverrobotics_input_manager
