[0.084s] Invoking command in '/home/blank/projects/path-planning/build/roverrobotics_driver': CMAKE_PREFIX_PATH=${CMAKE_PREFIX_PATH}:/opt/ros/humble CONDA_PROMPT_MODIFIER=(base) /usr/bin/cmake /home/blank/projects/path-planning/src/roverrobotics_ros2/roverrobotics_driver -DCMAKE_INSTALL_PREFIX=/home/blank/projects/path-planning/install/roverrobotics_driver
[0.124s] -- The C compiler identification is GNU 11.4.0
[0.167s] -- The CXX compiler identification is GNU 11.4.0
[0.173s] -- Detecting C compiler ABI info
[0.224s] -- Detecting C compiler ABI info - done
[0.230s] -- Check for working C compiler: /usr/bin/cc - skipped
[0.230s] -- Detecting C compile features
[0.231s] -- Detecting C compile features - done
[0.233s] -- Detecting CXX compiler ABI info
[0.297s] -- Detecting CXX compiler ABI info - done
[0.304s] -- Check for working CXX compiler: /usr/bin/c++ - skipped
[0.304s] -- Detecting CXX compile features
[0.304s] -- Detecting CXX compile features - done
[0.306s] -- Found ament_cmake: 1.3.5 (/opt/ros/humble/share/ament_cmake/cmake)
[0.449s] -- Found Python3: /usr/bin/python3.10 (found version "3.10.12") found components: Interpreter 
[0.519s] -- Found rclcpp: 16.0.6 (/opt/ros/humble/share/rclcpp/cmake)
[0.551s] -- Found rosidl_generator_c: 3.1.5 (/opt/ros/humble/share/rosidl_generator_c/cmake)
[0.555s] -- Found rosidl_adapter: 3.1.5 (/opt/ros/humble/share/rosidl_adapter/cmake)
[0.562s] -- Found rosidl_generator_cpp: 3.1.5 (/opt/ros/humble/share/rosidl_generator_cpp/cmake)
[0.573s] -- Using all available rosidl_typesupport_c: rosidl_typesupport_fastrtps_c;rosidl_typesupport_introspection_c
[0.589s] -- Using all available rosidl_typesupport_cpp: rosidl_typesupport_fastrtps_cpp;rosidl_typesupport_introspection_cpp
[0.649s] -- Found rmw_implementation_cmake: 6.1.1 (/opt/ros/humble/share/rmw_implementation_cmake/cmake)
[0.651s] -- Found rmw_fastrtps_cpp: 6.2.4 (/opt/ros/humble/share/rmw_fastrtps_cpp/cmake)
[0.729s] -- Found OpenSSL: /usr/lib/x86_64-linux-gnu/libcrypto.so (found version "3.0.2")  
[0.751s] -- Found FastRTPS: /opt/ros/humble/include  
[0.792s] -- Using RMW implementation 'rmw_fastrtps_cpp' as default
[0.800s] -- Looking for pthread.h
[0.851s] -- Looking for pthread.h - found
[0.852s] -- Performing Test CMAKE_HAVE_LIBC_PTHREAD
[0.905s] -- Performing Test CMAKE_HAVE_LIBC_PTHREAD - Success
[0.905s] -- Found Threads: TRUE  
[1.053s] -- Found geometry_msgs: 4.2.3 (/opt/ros/humble/share/geometry_msgs/cmake)
[1.095s] -- Found nav_msgs: 4.2.3 (/opt/ros/humble/share/nav_msgs/cmake)
[1.174s] -- Found tf2_geometry_msgs: 0.25.4 (/opt/ros/humble/share/tf2_geometry_msgs/cmake)
[1.182s] -- Found eigen3_cmake_module: 0.1.1 (/opt/ros/humble/share/eigen3_cmake_module/cmake)
[1.183s] -- Found Eigen3: TRUE (found version "3.4.0") 
[1.183s] -- Ensuring Eigen3 include directory is part of orocos-kdl CMake target
[1.523s] -- Found sensor_msgs: 4.2.3 (/opt/ros/humble/share/sensor_msgs/cmake)
[1.651s] -- Configuring done
[1.662s] -- Generating done
[1.663s] -- Build files have been written to: /home/blank/projects/path-planning/build/roverrobotics_driver
[1.671s] Invoked command in '/home/blank/projects/path-planning/build/roverrobotics_driver' returned '0': CMAKE_PREFIX_PATH=${CMAKE_PREFIX_PATH}:/opt/ros/humble CONDA_PROMPT_MODIFIER=(base) /usr/bin/cmake /home/blank/projects/path-planning/src/roverrobotics_ros2/roverrobotics_driver -DCMAKE_INSTALL_PREFIX=/home/blank/projects/path-planning/install/roverrobotics_driver
[1.672s] Invoking command in '/home/blank/projects/path-planning/build/roverrobotics_driver': CMAKE_PREFIX_PATH=${CMAKE_PREFIX_PATH}:/opt/ros/humble CONDA_PROMPT_MODIFIER=(base) /usr/bin/cmake --build /home/blank/projects/path-planning/build/roverrobotics_driver -- -j6 -l6
[1.710s] [ 18%] [32mBuilding CXX object CMakeFiles/roverrobotics_driver.dir/library/librover/src/protocol_pro.cpp.o[0m
[1.710s] [ 27%] [32mBuilding CXX object CMakeFiles/roverrobotics_driver.dir/library/librover/src/comm_serial.cpp.o[0m
[1.710s] [ 45%] [32mBuilding CXX object CMakeFiles/roverrobotics_driver.dir/library/librover/src/utils.cpp.o[0m
[1.710s] [ 45%] [32mBuilding CXX object CMakeFiles/roverrobotics_driver.dir/library/librover/src/control.cpp.o[0m
[1.710s] [ 45%] [32mBuilding CXX object CMakeFiles/roverrobotics_driver.dir/src/roverrobotics_ros2_driver.cpp.o[0m
[1.710s] [ 54%] [32mBuilding CXX object CMakeFiles/roverrobotics_driver.dir/library/librover/src/comm_can.cpp.o[0m
[2.110s] [ 63%] [32mBuilding CXX object CMakeFiles/roverrobotics_driver.dir/library/librover/src/vesc.cpp.o[0m
[2.361s] [ 72%] [32mBuilding CXX object CMakeFiles/roverrobotics_driver.dir/library/librover/src/utilities.cpp.o[0m
[2.364s] [ 81%] [32mBuilding CXX object CMakeFiles/roverrobotics_driver.dir/library/librover/src/protocol_zero_2.cpp.o[0m
[2.379s] [ 90%] [32mBuilding CXX object CMakeFiles/roverrobotics_driver.dir/library/librover/src/differential_robot.cpp.o[0m
[16.865s] [100%] [32m[1mLinking CXX executable roverrobotics_driver[0m
[17.749s] [100%] Built target roverrobotics_driver
[17.757s] Invoked command in '/home/blank/projects/path-planning/build/roverrobotics_driver' returned '0': CMAKE_PREFIX_PATH=${CMAKE_PREFIX_PATH}:/opt/ros/humble CONDA_PROMPT_MODIFIER=(base) /usr/bin/cmake --build /home/blank/projects/path-planning/build/roverrobotics_driver -- -j6 -l6
[17.783s] Invoking command in '/home/blank/projects/path-planning/build/roverrobotics_driver': CMAKE_PREFIX_PATH=${CMAKE_PREFIX_PATH}:/opt/ros/humble CONDA_PROMPT_MODIFIER=(base) /usr/bin/cmake --install /home/blank/projects/path-planning/build/roverrobotics_driver
[17.788s] -- Install configuration: ""
[17.789s] -- Installing: /home/blank/projects/path-planning/install/roverrobotics_driver/share/roverrobotics_driver/launch
[17.789s] -- Installing: /home/blank/projects/path-planning/install/roverrobotics_driver/share/roverrobotics_driver/launch/mini.launch.py
[17.789s] -- Installing: /home/blank/projects/path-planning/install/roverrobotics_driver/share/roverrobotics_driver/launch/ps4_controller.launch.py
[17.789s] -- Installing: /home/blank/projects/path-planning/install/roverrobotics_driver/share/roverrobotics_driver/launch/zero_teleop.launch.py
[17.789s] -- Installing: /home/blank/projects/path-planning/install/roverrobotics_driver/share/roverrobotics_driver/launch/mini_teleop.launch.py
[17.789s] -- Installing: /home/blank/projects/path-planning/install/roverrobotics_driver/share/roverrobotics_driver/launch/accessories.launch.py
[17.789s] -- Installing: /home/blank/projects/path-planning/install/roverrobotics_driver/share/roverrobotics_driver/launch/indoor_miti.launch.py
[17.789s] -- Installing: /home/blank/projects/path-planning/install/roverrobotics_driver/share/roverrobotics_driver/launch/nav2_backend.py
[17.789s] -- Installing: /home/blank/projects/path-planning/install/roverrobotics_driver/share/roverrobotics_driver/launch/navigation_launch.py
[17.789s] -- Installing: /home/blank/projects/path-planning/install/roverrobotics_driver/share/roverrobotics_driver/launch/miti.launch.py
[17.789s] -- Installing: /home/blank/projects/path-planning/install/roverrobotics_driver/share/roverrobotics_driver/launch/robot_localizer.launch.py
[17.789s] -- Installing: /home/blank/projects/path-planning/install/roverrobotics_driver/share/roverrobotics_driver/launch/zero.launch.py
[17.789s] -- Installing: /home/blank/projects/path-planning/install/roverrobotics_driver/share/roverrobotics_driver/launch/slam_launch.py
[17.789s] -- Installing: /home/blank/projects/path-planning/install/roverrobotics_driver/share/roverrobotics_driver/launch/indoor_miti_teleop.launch.py
[17.789s] -- Installing: /home/blank/projects/path-planning/install/roverrobotics_driver/share/roverrobotics_driver/launch/pro_teleop.launch.py
[17.790s] -- Installing: /home/blank/projects/path-planning/install/roverrobotics_driver/share/roverrobotics_driver/launch/miti_teleop.launch.py
[17.790s] -- Installing: /home/blank/projects/path-planning/install/roverrobotics_driver/share/roverrobotics_driver/launch/pro.launch.py
[17.790s] -- Installing: /home/blank/projects/path-planning/install/roverrobotics_driver/share/roverrobotics_driver/config
[17.790s] -- Installing: /home/blank/projects/path-planning/install/roverrobotics_driver/share/roverrobotics_driver/config/nav2_params.yaml
[17.790s] -- Installing: /home/blank/projects/path-planning/install/roverrobotics_driver/share/roverrobotics_driver/config/realsense_config.yaml
[17.790s] -- Installing: /home/blank/projects/path-planning/install/roverrobotics_driver/share/roverrobotics_driver/config/mini_config.yaml
[17.790s] -- Installing: /home/blank/projects/path-planning/install/roverrobotics_driver/share/roverrobotics_driver/config/zero_config.yaml
[17.790s] -- Installing: /home/blank/projects/path-planning/install/roverrobotics_driver/share/roverrobotics_driver/config/localization_ekf.yaml
[17.790s] -- Installing: /home/blank/projects/path-planning/install/roverrobotics_driver/share/roverrobotics_driver/config/topics.yaml
[17.790s] -- Installing: /home/blank/projects/path-planning/install/roverrobotics_driver/share/roverrobotics_driver/config/controller_config.yaml
[17.790s] -- Installing: /home/blank/projects/path-planning/install/roverrobotics_driver/share/roverrobotics_driver/config/slam_configs
[17.790s] -- Installing: /home/blank/projects/path-planning/install/roverrobotics_driver/share/roverrobotics_driver/config/slam_configs/mapper_params_online_sync.yaml
[17.790s] -- Installing: /home/blank/projects/path-planning/install/roverrobotics_driver/share/roverrobotics_driver/config/slam_configs/mapper_params_localization.yaml
[17.790s] -- Installing: /home/blank/projects/path-planning/install/roverrobotics_driver/share/roverrobotics_driver/config/slam_configs/mapper_params_lifelong.yaml
[17.790s] -- Installing: /home/blank/projects/path-planning/install/roverrobotics_driver/share/roverrobotics_driver/config/slam_configs/mapper_params_offline.yaml
[17.791s] -- Installing: /home/blank/projects/path-planning/install/roverrobotics_driver/share/roverrobotics_driver/config/slam_configs/mapper_params_online_async.yaml
[17.791s] -- Installing: /home/blank/projects/path-planning/install/roverrobotics_driver/share/roverrobotics_driver/config/rviz_configs
[17.791s] -- Installing: /home/blank/projects/path-planning/install/roverrobotics_driver/share/roverrobotics_driver/config/rviz_configs/realsense_rviz_layout.rviz
[17.791s] -- Installing: /home/blank/projects/path-planning/install/roverrobotics_driver/share/roverrobotics_driver/config/rviz_configs/nav2_default_view.rviz
[17.791s] -- Installing: /home/blank/projects/path-planning/install/roverrobotics_driver/share/roverrobotics_driver/config/rviz_configs/slam_rviz_layout.rviz
[17.791s] -- Installing: /home/blank/projects/path-planning/install/roverrobotics_driver/share/roverrobotics_driver/config/miti_config.yaml
[17.791s] -- Installing: /home/blank/projects/path-planning/install/roverrobotics_driver/share/roverrobotics_driver/config/pro_config.yaml
[17.791s] -- Installing: /home/blank/projects/path-planning/install/roverrobotics_driver/share/roverrobotics_driver/config/indoor_miti_config.yaml
[17.791s] -- Installing: /home/blank/projects/path-planning/install/roverrobotics_driver/share/roverrobotics_driver/config/accessories.yaml
[17.791s] -- Installing: /home/blank/projects/path-planning/install/roverrobotics_driver/share/roverrobotics_driver/maps
[17.791s] -- Installing: /home/blank/projects/path-planning/install/roverrobotics_driver/share/roverrobotics_driver/maps/maze_map.data
[17.802s] -- Installing: /home/blank/projects/path-planning/install/roverrobotics_driver/share/roverrobotics_driver/maps/maze_map.pgm
[17.802s] -- Installing: /home/blank/projects/path-planning/install/roverrobotics_driver/share/roverrobotics_driver/maps/maze_map.yaml
[17.802s] -- Installing: /home/blank/projects/path-planning/install/roverrobotics_driver/share/roverrobotics_driver/maps/maze_map.posegraph
[17.821s] -- Installing: /home/blank/projects/path-planning/install/roverrobotics_driver/lib/roverrobotics_driver/roverrobotics_driver
[17.843s] -- Set runtime path of "/home/blank/projects/path-planning/install/roverrobotics_driver/lib/roverrobotics_driver/roverrobotics_driver" to ""
[17.843s] -- Installing: /home/blank/projects/path-planning/install/roverrobotics_driver/share/ament_index/resource_index/package_run_dependencies/roverrobotics_driver
[17.844s] -- Installing: /home/blank/projects/path-planning/install/roverrobotics_driver/share/ament_index/resource_index/parent_prefix_path/roverrobotics_driver
[17.844s] -- Installing: /home/blank/projects/path-planning/install/roverrobotics_driver/share/roverrobotics_driver/environment/ament_prefix_path.sh
[17.844s] -- Installing: /home/blank/projects/path-planning/install/roverrobotics_driver/share/roverrobotics_driver/environment/ament_prefix_path.dsv
[17.844s] -- Installing: /home/blank/projects/path-planning/install/roverrobotics_driver/share/roverrobotics_driver/environment/path.sh
[17.844s] -- Installing: /home/blank/projects/path-planning/install/roverrobotics_driver/share/roverrobotics_driver/environment/path.dsv
[17.844s] -- Installing: /home/blank/projects/path-planning/install/roverrobotics_driver/share/roverrobotics_driver/local_setup.bash
[17.844s] -- Installing: /home/blank/projects/path-planning/install/roverrobotics_driver/share/roverrobotics_driver/local_setup.sh
[17.844s] -- Installing: /home/blank/projects/path-planning/install/roverrobotics_driver/share/roverrobotics_driver/local_setup.zsh
[17.844s] -- Installing: /home/blank/projects/path-planning/install/roverrobotics_driver/share/roverrobotics_driver/local_setup.dsv
[17.844s] -- Installing: /home/blank/projects/path-planning/install/roverrobotics_driver/share/roverrobotics_driver/package.dsv
[17.845s] -- Installing: /home/blank/projects/path-planning/install/roverrobotics_driver/share/ament_index/resource_index/packages/roverrobotics_driver
[17.845s] -- Installing: /home/blank/projects/path-planning/install/roverrobotics_driver/share/roverrobotics_driver/cmake/roverrobotics_driverConfig.cmake
[17.845s] -- Installing: /home/blank/projects/path-planning/install/roverrobotics_driver/share/roverrobotics_driver/cmake/roverrobotics_driverConfig-version.cmake
[17.845s] -- Installing: /home/blank/projects/path-planning/install/roverrobotics_driver/share/roverrobotics_driver/package.xml
[17.846s] Invoked command in '/home/blank/projects/path-planning/build/roverrobotics_driver' returned '0': CMAKE_PREFIX_PATH=${CMAKE_PREFIX_PATH}:/opt/ros/humble CONDA_PROMPT_MODIFIER=(base) /usr/bin/cmake --install /home/blank/projects/path-planning/build/roverrobotics_driver
