[0.862s] DEBUG:colcon:Command line arguments: ['/usr/bin/colcon', 'build']
[0.862s] DEBUG:colcon:Parsed command line arguments: Namespace(log_base=None, log_level=None, verb_name='build', build_base='build', install_base='install', merge_install=False, symlink_install=False, test_result_base=None, continue_on_error=False, executor='parallel', parallel_workers=6, event_handlers=None, ignore_user_meta=False, metas=['./colcon.meta'], base_paths=['.'], packages_ignore=None, packages_ignore_regex=None, paths=None, packages_up_to=None, packages_up_to_regex=None, packages_above=None, packages_above_and_dependencies=None, packages_above_depth=None, packages_select_by_dep=None, packages_skip_by_dep=None, packages_skip_up_to=None, packages_select_build_failed=False, packages_skip_build_finished=False, packages_select_test_failures=False, packages_skip_test_passed=False, packages_select=None, packages_skip=None, packages_select_regex=None, packages_skip_regex=None, packages_start=None, packages_end=None, allow_overriding=[], cmake_args=None, cmake_target=None, cmake_target_skip_unavailable=False, cmake_clean_cache=False, cmake_clean_first=False, cmake_force_configure=False, ament_cmake_args=None, catkin_cmake_args=None, catkin_skip_building_tests=False, verb_parser=<colcon_defaults.argument_parser.defaults.DefaultArgumentsDecorator object at 0x7f4eb39c6320>, verb_extension=<colcon_core.verb.build.BuildVerb object at 0x7f4eb397cd30>, main=<bound method BuildVerb.main of <colcon_core.verb.build.BuildVerb object at 0x7f4eb397cd30>>)
[0.901s] Level 1:colcon.colcon_core.package_discovery:discover_packages(colcon_meta) check parameters
[0.901s] Level 1:colcon.colcon_core.package_discovery:discover_packages(recursive) check parameters
[0.901s] Level 1:colcon.colcon_core.package_discovery:discover_packages(ignore) check parameters
[0.901s] Level 1:colcon.colcon_core.package_discovery:discover_packages(path) check parameters
[0.901s] Level 1:colcon.colcon_core.package_discovery:discover_packages(colcon_meta) discover
[0.901s] Level 1:colcon.colcon_core.package_discovery:discover_packages(recursive) discover
[0.901s] INFO:colcon.colcon_core.package_discovery:Crawling recursively for packages in '/home/blank/projects/path-planning'
[0.901s] Level 1:colcon.colcon_core.package_identification:_identify(.) by extensions ['ignore', 'ignore_ament_install']
[0.901s] Level 1:colcon.colcon_core.package_identification:_identify(.) by extension 'ignore'
[0.901s] Level 1:colcon.colcon_core.package_identification:_identify(.) by extension 'ignore_ament_install'
[0.901s] Level 1:colcon.colcon_core.package_identification:_identify(.) by extensions ['colcon_pkg']
[0.901s] Level 1:colcon.colcon_core.package_identification:_identify(.) by extension 'colcon_pkg'
[0.901s] Level 1:colcon.colcon_core.package_identification:_identify(.) by extensions ['colcon_meta']
[0.901s] Level 1:colcon.colcon_core.package_identification:_identify(.) by extension 'colcon_meta'
[0.901s] Level 1:colcon.colcon_core.package_identification:_identify(.) by extensions ['ros']
[0.902s] Level 1:colcon.colcon_core.package_identification:_identify(.) by extension 'ros'
[0.910s] Level 1:colcon.colcon_core.package_identification:_identify(.) by extensions ['cmake', 'python']
[0.910s] Level 1:colcon.colcon_core.package_identification:_identify(.) by extension 'cmake'
[0.910s] Level 1:colcon.colcon_core.package_identification:_identify(.) by extension 'python'
[0.910s] Level 1:colcon.colcon_core.package_identification:_identify(.) by extensions ['python_setup_py']
[0.910s] Level 1:colcon.colcon_core.package_identification:_identify(.) by extension 'python_setup_py'
[0.910s] Level 1:colcon.colcon_core.package_identification:_identify(build) by extensions ['ignore', 'ignore_ament_install']
[0.910s] Level 1:colcon.colcon_core.package_identification:_identify(build) by extension 'ignore'
[0.910s] Level 1:colcon.colcon_core.package_identification:_identify(build) ignored
[0.910s] Level 1:colcon.colcon_core.package_identification:_identify(install) by extensions ['ignore', 'ignore_ament_install']
[0.911s] Level 1:colcon.colcon_core.package_identification:_identify(install) by extension 'ignore'
[0.911s] Level 1:colcon.colcon_core.package_identification:_identify(install) ignored
[0.911s] Level 1:colcon.colcon_core.package_identification:_identify(log) by extensions ['ignore', 'ignore_ament_install']
[0.911s] Level 1:colcon.colcon_core.package_identification:_identify(log) by extension 'ignore'
[0.911s] Level 1:colcon.colcon_core.package_identification:_identify(log) ignored
[0.911s] Level 1:colcon.colcon_core.package_identification:_identify(src) by extensions ['ignore', 'ignore_ament_install']
[0.911s] Level 1:colcon.colcon_core.package_identification:_identify(src) by extension 'ignore'
[0.911s] Level 1:colcon.colcon_core.package_identification:_identify(src) by extension 'ignore_ament_install'
[0.911s] Level 1:colcon.colcon_core.package_identification:_identify(src) by extensions ['colcon_pkg']
[0.911s] Level 1:colcon.colcon_core.package_identification:_identify(src) by extension 'colcon_pkg'
[0.911s] Level 1:colcon.colcon_core.package_identification:_identify(src) by extensions ['colcon_meta']
[0.911s] Level 1:colcon.colcon_core.package_identification:_identify(src) by extension 'colcon_meta'
[0.911s] Level 1:colcon.colcon_core.package_identification:_identify(src) by extensions ['ros']
[0.911s] Level 1:colcon.colcon_core.package_identification:_identify(src) by extension 'ros'
[0.911s] Level 1:colcon.colcon_core.package_identification:_identify(src) by extensions ['cmake', 'python']
[0.911s] Level 1:colcon.colcon_core.package_identification:_identify(src) by extension 'cmake'
[0.911s] Level 1:colcon.colcon_core.package_identification:_identify(src) by extension 'python'
[0.911s] Level 1:colcon.colcon_core.package_identification:_identify(src) by extensions ['python_setup_py']
[0.911s] Level 1:colcon.colcon_core.package_identification:_identify(src) by extension 'python_setup_py'
[0.911s] Level 1:colcon.colcon_core.package_identification:_identify(src/roverrobotics_ros2) by extensions ['ignore', 'ignore_ament_install']
[0.911s] Level 1:colcon.colcon_core.package_identification:_identify(src/roverrobotics_ros2) by extension 'ignore'
[0.911s] Level 1:colcon.colcon_core.package_identification:_identify(src/roverrobotics_ros2) by extension 'ignore_ament_install'
[0.911s] Level 1:colcon.colcon_core.package_identification:_identify(src/roverrobotics_ros2) by extensions ['colcon_pkg']
[0.912s] Level 1:colcon.colcon_core.package_identification:_identify(src/roverrobotics_ros2) by extension 'colcon_pkg'
[0.912s] Level 1:colcon.colcon_core.package_identification:_identify(src/roverrobotics_ros2) by extensions ['colcon_meta']
[0.912s] Level 1:colcon.colcon_core.package_identification:_identify(src/roverrobotics_ros2) by extension 'colcon_meta'
[0.912s] Level 1:colcon.colcon_core.package_identification:_identify(src/roverrobotics_ros2) by extensions ['ros']
[0.912s] Level 1:colcon.colcon_core.package_identification:_identify(src/roverrobotics_ros2) by extension 'ros'
[0.912s] Level 1:colcon.colcon_core.package_identification:_identify(src/roverrobotics_ros2) by extensions ['cmake', 'python']
[0.912s] Level 1:colcon.colcon_core.package_identification:_identify(src/roverrobotics_ros2) by extension 'cmake'
[0.912s] Level 1:colcon.colcon_core.package_identification:_identify(src/roverrobotics_ros2) by extension 'python'
[0.912s] Level 1:colcon.colcon_core.package_identification:_identify(src/roverrobotics_ros2) by extensions ['python_setup_py']
[0.912s] Level 1:colcon.colcon_core.package_identification:_identify(src/roverrobotics_ros2) by extension 'python_setup_py'
[0.912s] Level 1:colcon.colcon_core.package_identification:_identify(src/roverrobotics_ros2/roverrobotics_description) by extensions ['ignore', 'ignore_ament_install']
[0.912s] Level 1:colcon.colcon_core.package_identification:_identify(src/roverrobotics_ros2/roverrobotics_description) by extension 'ignore'
[0.912s] Level 1:colcon.colcon_core.package_identification:_identify(src/roverrobotics_ros2/roverrobotics_description) by extension 'ignore_ament_install'
[0.912s] Level 1:colcon.colcon_core.package_identification:_identify(src/roverrobotics_ros2/roverrobotics_description) by extensions ['colcon_pkg']
[0.912s] Level 1:colcon.colcon_core.package_identification:_identify(src/roverrobotics_ros2/roverrobotics_description) by extension 'colcon_pkg'
[0.912s] Level 1:colcon.colcon_core.package_identification:_identify(src/roverrobotics_ros2/roverrobotics_description) by extensions ['colcon_meta']
[0.912s] Level 1:colcon.colcon_core.package_identification:_identify(src/roverrobotics_ros2/roverrobotics_description) by extension 'colcon_meta'
[0.912s] Level 1:colcon.colcon_core.package_identification:_identify(src/roverrobotics_ros2/roverrobotics_description) by extensions ['ros']
[0.912s] Level 1:colcon.colcon_core.package_identification:_identify(src/roverrobotics_ros2/roverrobotics_description) by extension 'ros'
[0.914s] DEBUG:colcon.colcon_core.package_identification:Package 'src/roverrobotics_ros2/roverrobotics_description' with type 'ros.ament_cmake' and name 'roverrobotics_description'
[0.914s] Level 1:colcon.colcon_core.package_identification:_identify(src/roverrobotics_ros2/roverrobotics_driver) by extensions ['ignore', 'ignore_ament_install']
[0.914s] Level 1:colcon.colcon_core.package_identification:_identify(src/roverrobotics_ros2/roverrobotics_driver) by extension 'ignore'
[0.914s] Level 1:colcon.colcon_core.package_identification:_identify(src/roverrobotics_ros2/roverrobotics_driver) by extension 'ignore_ament_install'
[0.914s] Level 1:colcon.colcon_core.package_identification:_identify(src/roverrobotics_ros2/roverrobotics_driver) by extensions ['colcon_pkg']
[0.914s] Level 1:colcon.colcon_core.package_identification:_identify(src/roverrobotics_ros2/roverrobotics_driver) by extension 'colcon_pkg'
[0.914s] Level 1:colcon.colcon_core.package_identification:_identify(src/roverrobotics_ros2/roverrobotics_driver) by extensions ['colcon_meta']
[0.914s] Level 1:colcon.colcon_core.package_identification:_identify(src/roverrobotics_ros2/roverrobotics_driver) by extension 'colcon_meta'
[0.914s] Level 1:colcon.colcon_core.package_identification:_identify(src/roverrobotics_ros2/roverrobotics_driver) by extensions ['ros']
[0.914s] Level 1:colcon.colcon_core.package_identification:_identify(src/roverrobotics_ros2/roverrobotics_driver) by extension 'ros'
[0.915s] DEBUG:colcon.colcon_core.package_identification:Package 'src/roverrobotics_ros2/roverrobotics_driver' with type 'ros.ament_cmake' and name 'roverrobotics_driver'
[0.915s] Level 1:colcon.colcon_core.package_identification:_identify(src/roverrobotics_ros2/roverrobotics_gazebo) by extensions ['ignore', 'ignore_ament_install']
[0.915s] Level 1:colcon.colcon_core.package_identification:_identify(src/roverrobotics_ros2/roverrobotics_gazebo) by extension 'ignore'
[0.915s] Level 1:colcon.colcon_core.package_identification:_identify(src/roverrobotics_ros2/roverrobotics_gazebo) by extension 'ignore_ament_install'
[0.915s] Level 1:colcon.colcon_core.package_identification:_identify(src/roverrobotics_ros2/roverrobotics_gazebo) by extensions ['colcon_pkg']
[0.915s] Level 1:colcon.colcon_core.package_identification:_identify(src/roverrobotics_ros2/roverrobotics_gazebo) by extension 'colcon_pkg'
[0.915s] Level 1:colcon.colcon_core.package_identification:_identify(src/roverrobotics_ros2/roverrobotics_gazebo) by extensions ['colcon_meta']
[0.915s] Level 1:colcon.colcon_core.package_identification:_identify(src/roverrobotics_ros2/roverrobotics_gazebo) by extension 'colcon_meta'
[0.915s] Level 1:colcon.colcon_core.package_identification:_identify(src/roverrobotics_ros2/roverrobotics_gazebo) by extensions ['ros']
[0.916s] Level 1:colcon.colcon_core.package_identification:_identify(src/roverrobotics_ros2/roverrobotics_gazebo) by extension 'ros'
[0.916s] DEBUG:colcon.colcon_core.package_identification:Package 'src/roverrobotics_ros2/roverrobotics_gazebo' with type 'ros.ament_cmake' and name 'roverrobotics_gazebo'
[0.916s] Level 1:colcon.colcon_core.package_identification:_identify(src/roverrobotics_ros2/roverrobotics_input_manager) by extensions ['ignore', 'ignore_ament_install']
[0.916s] Level 1:colcon.colcon_core.package_identification:_identify(src/roverrobotics_ros2/roverrobotics_input_manager) by extension 'ignore'
[0.916s] Level 1:colcon.colcon_core.package_identification:_identify(src/roverrobotics_ros2/roverrobotics_input_manager) by extension 'ignore_ament_install'
[0.916s] Level 1:colcon.colcon_core.package_identification:_identify(src/roverrobotics_ros2/roverrobotics_input_manager) by extensions ['colcon_pkg']
[0.916s] Level 1:colcon.colcon_core.package_identification:_identify(src/roverrobotics_ros2/roverrobotics_input_manager) by extension 'colcon_pkg'
[0.916s] Level 1:colcon.colcon_core.package_identification:_identify(src/roverrobotics_ros2/roverrobotics_input_manager) by extensions ['colcon_meta']
[0.916s] Level 1:colcon.colcon_core.package_identification:_identify(src/roverrobotics_ros2/roverrobotics_input_manager) by extension 'colcon_meta'
[0.916s] Level 1:colcon.colcon_core.package_identification:_identify(src/roverrobotics_ros2/roverrobotics_input_manager) by extensions ['ros']
[0.916s] Level 1:colcon.colcon_core.package_identification:_identify(src/roverrobotics_ros2/roverrobotics_input_manager) by extension 'ros'
[0.917s] DEBUG:colcon.colcon_core.package_identification:Package 'src/roverrobotics_ros2/roverrobotics_input_manager' with type 'ros.ament_cmake' and name 'roverrobotics_input_manager'
[0.917s] Level 1:colcon.colcon_core.package_discovery:discover_packages(recursive) using defaults
[0.917s] Level 1:colcon.colcon_core.package_discovery:discover_packages(ignore) discover
[0.917s] Level 1:colcon.colcon_core.package_discovery:discover_packages(ignore) using defaults
[0.917s] Level 1:colcon.colcon_core.package_discovery:discover_packages(path) discover
[0.917s] Level 1:colcon.colcon_core.package_discovery:discover_packages(path) using defaults
[0.997s] Level 1:colcon.colcon_core.package_discovery:discover_packages(prefix_path) check parameters
[0.997s] Level 1:colcon.colcon_core.package_discovery:discover_packages(prefix_path) discover
[1.024s] DEBUG:colcon.colcon_installed_package_information.package_discovery:Found 5 installed packages in /home/blank/projects/path-planning/install
[1.037s] DEBUG:colcon.colcon_installed_package_information.package_discovery:Found 293 installed packages in /opt/ros/humble
[1.039s] Level 1:colcon.colcon_core.package_discovery:discover_packages(prefix_path) using defaults
[1.123s] Level 5:colcon.colcon_core.verb:set package 'roverrobotics_description' build argument 'cmake_args' from command line to 'None'
[1.123s] Level 5:colcon.colcon_core.verb:set package 'roverrobotics_description' build argument 'cmake_target' from command line to 'None'
[1.123s] Level 5:colcon.colcon_core.verb:set package 'roverrobotics_description' build argument 'cmake_target_skip_unavailable' from command line to 'False'
[1.123s] Level 5:colcon.colcon_core.verb:set package 'roverrobotics_description' build argument 'cmake_clean_cache' from command line to 'False'
[1.123s] Level 5:colcon.colcon_core.verb:set package 'roverrobotics_description' build argument 'cmake_clean_first' from command line to 'False'
[1.123s] Level 5:colcon.colcon_core.verb:set package 'roverrobotics_description' build argument 'cmake_force_configure' from command line to 'False'
[1.123s] Level 5:colcon.colcon_core.verb:set package 'roverrobotics_description' build argument 'ament_cmake_args' from command line to 'None'
[1.123s] Level 5:colcon.colcon_core.verb:set package 'roverrobotics_description' build argument 'catkin_cmake_args' from command line to 'None'
[1.123s] Level 5:colcon.colcon_core.verb:set package 'roverrobotics_description' build argument 'catkin_skip_building_tests' from command line to 'False'
[1.123s] DEBUG:colcon.colcon_core.verb:Building package 'roverrobotics_description' with the following arguments: {'ament_cmake_args': None, 'build_base': '/home/blank/projects/path-planning/build/roverrobotics_description', 'catkin_cmake_args': None, 'catkin_skip_building_tests': False, 'cmake_args': None, 'cmake_clean_cache': False, 'cmake_clean_first': False, 'cmake_force_configure': False, 'cmake_target': None, 'cmake_target_skip_unavailable': False, 'install_base': '/home/blank/projects/path-planning/install/roverrobotics_description', 'merge_install': False, 'path': '/home/blank/projects/path-planning/src/roverrobotics_ros2/roverrobotics_description', 'symlink_install': False, 'test_result_base': None}
[1.136s] Level 5:colcon.colcon_core.verb:set package 'roverrobotics_driver' build argument 'cmake_args' from command line to 'None'
[1.136s] Level 5:colcon.colcon_core.verb:set package 'roverrobotics_driver' build argument 'cmake_target' from command line to 'None'
[1.136s] Level 5:colcon.colcon_core.verb:set package 'roverrobotics_driver' build argument 'cmake_target_skip_unavailable' from command line to 'False'
[1.136s] Level 5:colcon.colcon_core.verb:set package 'roverrobotics_driver' build argument 'cmake_clean_cache' from command line to 'False'
[1.136s] Level 5:colcon.colcon_core.verb:set package 'roverrobotics_driver' build argument 'cmake_clean_first' from command line to 'False'
[1.136s] Level 5:colcon.colcon_core.verb:set package 'roverrobotics_driver' build argument 'cmake_force_configure' from command line to 'False'
[1.136s] Level 5:colcon.colcon_core.verb:set package 'roverrobotics_driver' build argument 'ament_cmake_args' from command line to 'None'
[1.136s] Level 5:colcon.colcon_core.verb:set package 'roverrobotics_driver' build argument 'catkin_cmake_args' from command line to 'None'
[1.136s] Level 5:colcon.colcon_core.verb:set package 'roverrobotics_driver' build argument 'catkin_skip_building_tests' from command line to 'False'
[1.136s] DEBUG:colcon.colcon_core.verb:Building package 'roverrobotics_driver' with the following arguments: {'ament_cmake_args': None, 'build_base': '/home/blank/projects/path-planning/build/roverrobotics_driver', 'catkin_cmake_args': None, 'catkin_skip_building_tests': False, 'cmake_args': None, 'cmake_clean_cache': False, 'cmake_clean_first': False, 'cmake_force_configure': False, 'cmake_target': None, 'cmake_target_skip_unavailable': False, 'install_base': '/home/blank/projects/path-planning/install/roverrobotics_driver', 'merge_install': False, 'path': '/home/blank/projects/path-planning/src/roverrobotics_ros2/roverrobotics_driver', 'symlink_install': False, 'test_result_base': None}
[1.149s] Level 5:colcon.colcon_core.verb:set package 'roverrobotics_input_manager' build argument 'cmake_args' from command line to 'None'
[1.149s] Level 5:colcon.colcon_core.verb:set package 'roverrobotics_input_manager' build argument 'cmake_target' from command line to 'None'
[1.149s] Level 5:colcon.colcon_core.verb:set package 'roverrobotics_input_manager' build argument 'cmake_target_skip_unavailable' from command line to 'False'
[1.149s] Level 5:colcon.colcon_core.verb:set package 'roverrobotics_input_manager' build argument 'cmake_clean_cache' from command line to 'False'
[1.149s] Level 5:colcon.colcon_core.verb:set package 'roverrobotics_input_manager' build argument 'cmake_clean_first' from command line to 'False'
[1.149s] Level 5:colcon.colcon_core.verb:set package 'roverrobotics_input_manager' build argument 'cmake_force_configure' from command line to 'False'
[1.149s] Level 5:colcon.colcon_core.verb:set package 'roverrobotics_input_manager' build argument 'ament_cmake_args' from command line to 'None'
[1.149s] Level 5:colcon.colcon_core.verb:set package 'roverrobotics_input_manager' build argument 'catkin_cmake_args' from command line to 'None'
[1.149s] Level 5:colcon.colcon_core.verb:set package 'roverrobotics_input_manager' build argument 'catkin_skip_building_tests' from command line to 'False'
[1.149s] DEBUG:colcon.colcon_core.verb:Building package 'roverrobotics_input_manager' with the following arguments: {'ament_cmake_args': None, 'build_base': '/home/blank/projects/path-planning/build/roverrobotics_input_manager', 'catkin_cmake_args': None, 'catkin_skip_building_tests': False, 'cmake_args': None, 'cmake_clean_cache': False, 'cmake_clean_first': False, 'cmake_force_configure': False, 'cmake_target': None, 'cmake_target_skip_unavailable': False, 'install_base': '/home/blank/projects/path-planning/install/roverrobotics_input_manager', 'merge_install': False, 'path': '/home/blank/projects/path-planning/src/roverrobotics_ros2/roverrobotics_input_manager', 'symlink_install': False, 'test_result_base': None}
[1.163s] Level 5:colcon.colcon_core.verb:set package 'roverrobotics_gazebo' build argument 'cmake_args' from command line to 'None'
[1.163s] Level 5:colcon.colcon_core.verb:set package 'roverrobotics_gazebo' build argument 'cmake_target' from command line to 'None'
[1.163s] Level 5:colcon.colcon_core.verb:set package 'roverrobotics_gazebo' build argument 'cmake_target_skip_unavailable' from command line to 'False'
[1.163s] Level 5:colcon.colcon_core.verb:set package 'roverrobotics_gazebo' build argument 'cmake_clean_cache' from command line to 'False'
[1.163s] Level 5:colcon.colcon_core.verb:set package 'roverrobotics_gazebo' build argument 'cmake_clean_first' from command line to 'False'
[1.163s] Level 5:colcon.colcon_core.verb:set package 'roverrobotics_gazebo' build argument 'cmake_force_configure' from command line to 'False'
[1.163s] Level 5:colcon.colcon_core.verb:set package 'roverrobotics_gazebo' build argument 'ament_cmake_args' from command line to 'None'
[1.163s] Level 5:colcon.colcon_core.verb:set package 'roverrobotics_gazebo' build argument 'catkin_cmake_args' from command line to 'None'
[1.163s] Level 5:colcon.colcon_core.verb:set package 'roverrobotics_gazebo' build argument 'catkin_skip_building_tests' from command line to 'False'
[1.163s] DEBUG:colcon.colcon_core.verb:Building package 'roverrobotics_gazebo' with the following arguments: {'ament_cmake_args': None, 'build_base': '/home/blank/projects/path-planning/build/roverrobotics_gazebo', 'catkin_cmake_args': None, 'catkin_skip_building_tests': False, 'cmake_args': None, 'cmake_clean_cache': False, 'cmake_clean_first': False, 'cmake_force_configure': False, 'cmake_target': None, 'cmake_target_skip_unavailable': False, 'install_base': '/home/blank/projects/path-planning/install/roverrobotics_gazebo', 'merge_install': False, 'path': '/home/blank/projects/path-planning/src/roverrobotics_ros2/roverrobotics_gazebo', 'symlink_install': False, 'test_result_base': None}
[1.176s] INFO:colcon.colcon_core.executor:Executing jobs using 'parallel' executor
[1.190s] DEBUG:colcon.colcon_parallel_executor.executor.parallel:run_until_complete
[1.190s] INFO:colcon.colcon_ros.task.ament_cmake.build:Building ROS package in '/home/blank/projects/path-planning/src/roverrobotics_ros2/roverrobotics_description' with build type 'ament_cmake'
[1.190s] INFO:colcon.colcon_cmake.task.cmake.build:Building CMake package in '/home/blank/projects/path-planning/src/roverrobotics_ros2/roverrobotics_description'
[1.204s] INFO:colcon.colcon_core.plugin_system:Skipping extension 'colcon_core.shell.bat': Not used on non-Windows systems
[1.204s] INFO:colcon.colcon_core.shell:Skip shell extension 'powershell' for command environment: Not usable outside of PowerShell
[1.204s] DEBUG:colcon.colcon_core.shell:Skip shell extension 'dsv' for command environment
[1.246s] INFO:colcon.colcon_ros.task.ament_cmake.build:Building ROS package in '/home/blank/projects/path-planning/src/roverrobotics_ros2/roverrobotics_driver' with build type 'ament_cmake'
[1.246s] INFO:colcon.colcon_cmake.task.cmake.build:Building CMake package in '/home/blank/projects/path-planning/src/roverrobotics_ros2/roverrobotics_driver'
[1.259s] INFO:colcon.colcon_core.shell:Skip shell extension 'powershell' for command environment: Not usable outside of PowerShell
[1.259s] DEBUG:colcon.colcon_core.shell:Skip shell extension 'dsv' for command environment
[1.300s] INFO:colcon.colcon_ros.task.ament_cmake.build:Building ROS package in '/home/blank/projects/path-planning/src/roverrobotics_ros2/roverrobotics_input_manager' with build type 'ament_cmake'
[1.300s] INFO:colcon.colcon_cmake.task.cmake.build:Building CMake package in '/home/blank/projects/path-planning/src/roverrobotics_ros2/roverrobotics_input_manager'
[1.313s] INFO:colcon.colcon_core.shell:Skip shell extension 'powershell' for command environment: Not usable outside of PowerShell
[1.313s] DEBUG:colcon.colcon_core.shell:Skip shell extension 'dsv' for command environment
[1.359s] DEBUG:colcon.colcon_core.event_handler.log_command:Invoking command in '/home/blank/projects/path-planning/build/roverrobotics_description': CMAKE_PREFIX_PATH=${CMAKE_PREFIX_PATH}:/opt/ros/humble CONDA_PROMPT_MODIFIER=(base) /usr/bin/cmake --build /home/blank/projects/path-planning/build/roverrobotics_description -- -j6 -l6
[1.361s] DEBUG:colcon.colcon_core.event_handler.log_command:Invoking command in '/home/blank/projects/path-planning/build/roverrobotics_driver': CMAKE_PREFIX_PATH=${CMAKE_PREFIX_PATH}:/opt/ros/humble CONDA_PROMPT_MODIFIER=(base) /usr/bin/cmake --build /home/blank/projects/path-planning/build/roverrobotics_driver -- -j6 -l6
[1.364s] DEBUG:colcon.colcon_core.event_handler.log_command:Invoking command in '/home/blank/projects/path-planning/build/roverrobotics_input_manager': CMAKE_PREFIX_PATH=${CMAKE_PREFIX_PATH}:/opt/ros/humble CONDA_PROMPT_MODIFIER=(base) /usr/bin/cmake --build /home/blank/projects/path-planning/build/roverrobotics_input_manager -- -j6 -l6
[1.386s] DEBUG:colcon.colcon_core.event_handler.log_command:Invoked command in '/home/blank/projects/path-planning/build/roverrobotics_description' returned '0': CMAKE_PREFIX_PATH=${CMAKE_PREFIX_PATH}:/opt/ros/humble CONDA_PROMPT_MODIFIER=(base) /usr/bin/cmake --build /home/blank/projects/path-planning/build/roverrobotics_description -- -j6 -l6
[1.391s] DEBUG:colcon.colcon_core.event_handler.log_command:Invoked command in '/home/blank/projects/path-planning/build/roverrobotics_input_manager' returned '0': CMAKE_PREFIX_PATH=${CMAKE_PREFIX_PATH}:/opt/ros/humble CONDA_PROMPT_MODIFIER=(base) /usr/bin/cmake --build /home/blank/projects/path-planning/build/roverrobotics_input_manager -- -j6 -l6
[1.408s] DEBUG:colcon.colcon_core.event_handler.log_command:Invoking command in '/home/blank/projects/path-planning/build/roverrobotics_description': CMAKE_PREFIX_PATH=${CMAKE_PREFIX_PATH}:/opt/ros/humble CONDA_PROMPT_MODIFIER=(base) /usr/bin/cmake --install /home/blank/projects/path-planning/build/roverrobotics_description
[1.410s] DEBUG:colcon.colcon_core.event_handler.log_command:Invoking command in '/home/blank/projects/path-planning/build/roverrobotics_input_manager': CMAKE_PREFIX_PATH=${CMAKE_PREFIX_PATH}:/opt/ros/humble CONDA_PROMPT_MODIFIER=(base) /usr/bin/cmake --install /home/blank/projects/path-planning/build/roverrobotics_input_manager
[1.419s] Level 1:colcon.colcon_core.environment:create_environment_scripts_only(roverrobotics_description)
[1.425s] DEBUG:colcon.colcon_core.event_handler.log_command:Invoked command in '/home/blank/projects/path-planning/build/roverrobotics_description' returned '0': CMAKE_PREFIX_PATH=${CMAKE_PREFIX_PATH}:/opt/ros/humble CONDA_PROMPT_MODIFIER=(base) /usr/bin/cmake --install /home/blank/projects/path-planning/build/roverrobotics_description
[1.436s] Level 1:colcon.colcon_core.environment:checking '/home/blank/projects/path-planning/install/roverrobotics_description' for CMake module files
[1.436s] Level 1:colcon.colcon_core.environment:checking '/home/blank/projects/path-planning/install/roverrobotics_description' for CMake config files
[1.436s] Level 1:colcon.colcon_core.shell:create_environment_hook('roverrobotics_description', 'cmake_prefix_path')
[1.450s] INFO:colcon.colcon_core.shell:Creating environment hook '/home/blank/projects/path-planning/install/roverrobotics_description/share/roverrobotics_description/hook/cmake_prefix_path.ps1'
[1.450s] INFO:colcon.colcon_core.shell:Creating environment descriptor '/home/blank/projects/path-planning/install/roverrobotics_description/share/roverrobotics_description/hook/cmake_prefix_path.dsv'
[1.450s] INFO:colcon.colcon_core.shell:Creating environment hook '/home/blank/projects/path-planning/install/roverrobotics_description/share/roverrobotics_description/hook/cmake_prefix_path.sh'
[1.451s] Level 1:colcon.colcon_core.environment:checking '/home/blank/projects/path-planning/install/roverrobotics_description/bin'
[1.451s] Level 1:colcon.colcon_core.environment:checking '/home/blank/projects/path-planning/install/roverrobotics_description/lib/pkgconfig/roverrobotics_description.pc'
[1.451s] Level 1:colcon.colcon_core.environment:checking '/home/blank/projects/path-planning/install/roverrobotics_description/lib/python3.10/site-packages'
[1.451s] Level 1:colcon.colcon_core.environment:checking '/home/blank/projects/path-planning/install/roverrobotics_description/bin'
[1.464s] INFO:colcon.colcon_core.shell:Creating package script '/home/blank/projects/path-planning/install/roverrobotics_description/share/roverrobotics_description/package.ps1'
[1.465s] INFO:colcon.colcon_core.shell:Creating package descriptor '/home/blank/projects/path-planning/install/roverrobotics_description/share/roverrobotics_description/package.dsv'
[1.465s] INFO:colcon.colcon_core.shell:Creating package script '/home/blank/projects/path-planning/install/roverrobotics_description/share/roverrobotics_description/package.sh'
[1.466s] INFO:colcon.colcon_core.shell:Creating package script '/home/blank/projects/path-planning/install/roverrobotics_description/share/roverrobotics_description/package.bash'
[1.466s] INFO:colcon.colcon_core.shell:Creating package script '/home/blank/projects/path-planning/install/roverrobotics_description/share/roverrobotics_description/package.zsh'
[1.467s] Level 1:colcon.colcon_core.environment:create_file_with_runtime_dependencies(/home/blank/projects/path-planning/install/roverrobotics_description/share/colcon-core/packages/roverrobotics_description)
[1.468s] Level 1:colcon.colcon_core.environment:create_environment_scripts_only(roverrobotics_input_manager)
[1.468s] DEBUG:colcon.colcon_core.event_handler.log_command:Invoked command in '/home/blank/projects/path-planning/build/roverrobotics_input_manager' returned '0': CMAKE_PREFIX_PATH=${CMAKE_PREFIX_PATH}:/opt/ros/humble CONDA_PROMPT_MODIFIER=(base) /usr/bin/cmake --install /home/blank/projects/path-planning/build/roverrobotics_input_manager
[1.481s] Level 1:colcon.colcon_core.environment:checking '/home/blank/projects/path-planning/install/roverrobotics_input_manager' for CMake module files
[1.481s] Level 1:colcon.colcon_core.environment:checking '/home/blank/projects/path-planning/install/roverrobotics_input_manager' for CMake config files
[1.481s] Level 1:colcon.colcon_core.shell:create_environment_hook('roverrobotics_input_manager', 'cmake_prefix_path')
[1.494s] INFO:colcon.colcon_core.shell:Creating environment hook '/home/blank/projects/path-planning/install/roverrobotics_input_manager/share/roverrobotics_input_manager/hook/cmake_prefix_path.ps1'
[1.495s] INFO:colcon.colcon_core.shell:Creating environment descriptor '/home/blank/projects/path-planning/install/roverrobotics_input_manager/share/roverrobotics_input_manager/hook/cmake_prefix_path.dsv'
[1.495s] INFO:colcon.colcon_core.shell:Creating environment hook '/home/blank/projects/path-planning/install/roverrobotics_input_manager/share/roverrobotics_input_manager/hook/cmake_prefix_path.sh'
[1.495s] Level 1:colcon.colcon_core.environment:checking '/home/blank/projects/path-planning/install/roverrobotics_input_manager/lib'
[1.495s] Level 1:colcon.colcon_core.environment:checking '/home/blank/projects/path-planning/install/roverrobotics_input_manager/bin'
[1.496s] Level 1:colcon.colcon_core.environment:checking '/home/blank/projects/path-planning/install/roverrobotics_input_manager/lib/pkgconfig/roverrobotics_input_manager.pc'
[1.496s] Level 1:colcon.colcon_core.environment:checking '/home/blank/projects/path-planning/install/roverrobotics_input_manager/lib/python3.10/site-packages'
[1.496s] Level 1:colcon.colcon_core.environment:checking '/home/blank/projects/path-planning/install/roverrobotics_input_manager/bin'
[1.509s] INFO:colcon.colcon_core.shell:Creating package script '/home/blank/projects/path-planning/install/roverrobotics_input_manager/share/roverrobotics_input_manager/package.ps1'
[1.509s] INFO:colcon.colcon_core.shell:Creating package descriptor '/home/blank/projects/path-planning/install/roverrobotics_input_manager/share/roverrobotics_input_manager/package.dsv'
[1.510s] INFO:colcon.colcon_core.shell:Creating package script '/home/blank/projects/path-planning/install/roverrobotics_input_manager/share/roverrobotics_input_manager/package.sh'
[1.510s] INFO:colcon.colcon_core.shell:Creating package script '/home/blank/projects/path-planning/install/roverrobotics_input_manager/share/roverrobotics_input_manager/package.bash'
[1.510s] INFO:colcon.colcon_core.shell:Creating package script '/home/blank/projects/path-planning/install/roverrobotics_input_manager/share/roverrobotics_input_manager/package.zsh'
[1.510s] Level 1:colcon.colcon_core.environment:create_file_with_runtime_dependencies(/home/blank/projects/path-planning/install/roverrobotics_input_manager/share/colcon-core/packages/roverrobotics_input_manager)
[1.512s] DEBUG:colcon.colcon_core.event_handler.log_command:Invoked command in '/home/blank/projects/path-planning/build/roverrobotics_driver' returned '0': CMAKE_PREFIX_PATH=${CMAKE_PREFIX_PATH}:/opt/ros/humble CONDA_PROMPT_MODIFIER=(base) /usr/bin/cmake --build /home/blank/projects/path-planning/build/roverrobotics_driver -- -j6 -l6
[1.525s] Level 1:colcon.colcon_core.environment:create_environment_scripts_only(roverrobotics_description)
[1.538s] Level 1:colcon.colcon_core.environment:checking '/home/blank/projects/path-planning/install/roverrobotics_description' for CMake module files
[1.538s] Level 1:colcon.colcon_core.environment:checking '/home/blank/projects/path-planning/install/roverrobotics_description' for CMake config files
[1.539s] Level 1:colcon.colcon_core.shell:create_environment_hook('roverrobotics_description', 'cmake_prefix_path')
[1.551s] INFO:colcon.colcon_core.shell:Creating environment hook '/home/blank/projects/path-planning/install/roverrobotics_description/share/roverrobotics_description/hook/cmake_prefix_path.ps1'
[1.552s] INFO:colcon.colcon_core.shell:Creating environment descriptor '/home/blank/projects/path-planning/install/roverrobotics_description/share/roverrobotics_description/hook/cmake_prefix_path.dsv'
[1.552s] INFO:colcon.colcon_core.shell:Creating environment hook '/home/blank/projects/path-planning/install/roverrobotics_description/share/roverrobotics_description/hook/cmake_prefix_path.sh'
[1.552s] Level 1:colcon.colcon_core.environment:checking '/home/blank/projects/path-planning/install/roverrobotics_description/bin'
[1.552s] Level 1:colcon.colcon_core.environment:checking '/home/blank/projects/path-planning/install/roverrobotics_description/lib/pkgconfig/roverrobotics_description.pc'
[1.552s] Level 1:colcon.colcon_core.environment:checking '/home/blank/projects/path-planning/install/roverrobotics_description/lib/python3.10/site-packages'
[1.553s] Level 1:colcon.colcon_core.environment:checking '/home/blank/projects/path-planning/install/roverrobotics_description/bin'
[1.565s] INFO:colcon.colcon_core.shell:Creating package script '/home/blank/projects/path-planning/install/roverrobotics_description/share/roverrobotics_description/package.ps1'
[1.566s] INFO:colcon.colcon_core.shell:Creating package descriptor '/home/blank/projects/path-planning/install/roverrobotics_description/share/roverrobotics_description/package.dsv'
[1.566s] INFO:colcon.colcon_core.shell:Creating package script '/home/blank/projects/path-planning/install/roverrobotics_description/share/roverrobotics_description/package.sh'
[1.566s] INFO:colcon.colcon_core.shell:Creating package script '/home/blank/projects/path-planning/install/roverrobotics_description/share/roverrobotics_description/package.bash'
[1.566s] INFO:colcon.colcon_core.shell:Creating package script '/home/blank/projects/path-planning/install/roverrobotics_description/share/roverrobotics_description/package.zsh'
[1.567s] Level 1:colcon.colcon_core.environment:create_file_with_runtime_dependencies(/home/blank/projects/path-planning/install/roverrobotics_description/share/colcon-core/packages/roverrobotics_description)
[1.567s] INFO:colcon.colcon_ros.task.ament_cmake.build:Building ROS package in '/home/blank/projects/path-planning/src/roverrobotics_ros2/roverrobotics_gazebo' with build type 'ament_cmake'
[1.567s] INFO:colcon.colcon_cmake.task.cmake.build:Building CMake package in '/home/blank/projects/path-planning/src/roverrobotics_ros2/roverrobotics_gazebo'
[1.580s] INFO:colcon.colcon_core.shell:Skip shell extension 'powershell' for command environment: Not usable outside of PowerShell
[1.580s] DEBUG:colcon.colcon_core.shell:Skip shell extension 'dsv' for command environment
[1.622s] DEBUG:colcon.colcon_core.event_handler.log_command:Invoking command in '/home/blank/projects/path-planning/build/roverrobotics_driver': CMAKE_PREFIX_PATH=${CMAKE_PREFIX_PATH}:/opt/ros/humble CONDA_PROMPT_MODIFIER=(base) /usr/bin/cmake --install /home/blank/projects/path-planning/build/roverrobotics_driver
[1.635s] Level 1:colcon.colcon_core.environment:create_environment_scripts_only(roverrobotics_input_manager)
[1.647s] Level 1:colcon.colcon_core.environment:checking '/home/blank/projects/path-planning/install/roverrobotics_input_manager' for CMake module files
[1.648s] Level 1:colcon.colcon_core.environment:checking '/home/blank/projects/path-planning/install/roverrobotics_input_manager' for CMake config files
[1.648s] Level 1:colcon.colcon_core.shell:create_environment_hook('roverrobotics_input_manager', 'cmake_prefix_path')
[1.660s] INFO:colcon.colcon_core.shell:Creating environment hook '/home/blank/projects/path-planning/install/roverrobotics_input_manager/share/roverrobotics_input_manager/hook/cmake_prefix_path.ps1'
[1.661s] INFO:colcon.colcon_core.shell:Creating environment descriptor '/home/blank/projects/path-planning/install/roverrobotics_input_manager/share/roverrobotics_input_manager/hook/cmake_prefix_path.dsv'
[1.661s] INFO:colcon.colcon_core.shell:Creating environment hook '/home/blank/projects/path-planning/install/roverrobotics_input_manager/share/roverrobotics_input_manager/hook/cmake_prefix_path.sh'
[1.661s] Level 1:colcon.colcon_core.environment:checking '/home/blank/projects/path-planning/install/roverrobotics_input_manager/lib'
[1.661s] Level 1:colcon.colcon_core.environment:checking '/home/blank/projects/path-planning/install/roverrobotics_input_manager/bin'
[1.661s] Level 1:colcon.colcon_core.environment:checking '/home/blank/projects/path-planning/install/roverrobotics_input_manager/lib/pkgconfig/roverrobotics_input_manager.pc'
[1.662s] Level 1:colcon.colcon_core.environment:checking '/home/blank/projects/path-planning/install/roverrobotics_input_manager/lib/python3.10/site-packages'
[1.662s] Level 1:colcon.colcon_core.environment:checking '/home/blank/projects/path-planning/install/roverrobotics_input_manager/bin'
[1.675s] INFO:colcon.colcon_core.shell:Creating package script '/home/blank/projects/path-planning/install/roverrobotics_input_manager/share/roverrobotics_input_manager/package.ps1'
[1.675s] INFO:colcon.colcon_core.shell:Creating package descriptor '/home/blank/projects/path-planning/install/roverrobotics_input_manager/share/roverrobotics_input_manager/package.dsv'
[1.676s] INFO:colcon.colcon_core.shell:Creating package script '/home/blank/projects/path-planning/install/roverrobotics_input_manager/share/roverrobotics_input_manager/package.sh'
[1.676s] INFO:colcon.colcon_core.shell:Creating package script '/home/blank/projects/path-planning/install/roverrobotics_input_manager/share/roverrobotics_input_manager/package.bash'
[1.676s] INFO:colcon.colcon_core.shell:Creating package script '/home/blank/projects/path-planning/install/roverrobotics_input_manager/share/roverrobotics_input_manager/package.zsh'
[1.677s] Level 1:colcon.colcon_core.environment:create_file_with_runtime_dependencies(/home/blank/projects/path-planning/install/roverrobotics_input_manager/share/colcon-core/packages/roverrobotics_input_manager)
[1.680s] Level 1:colcon.colcon_core.environment:create_environment_scripts_only(roverrobotics_driver)
[1.687s] DEBUG:colcon.colcon_core.event_handler.log_command:Invoking command in '/home/blank/projects/path-planning/build/roverrobotics_gazebo': CMAKE_PREFIX_PATH=/home/blank/projects/path-planning/install/roverrobotics_description:/home/blank/projects/path-planning/install/roverrobotics_input_manager:/home/blank/projects/path-planning/install/roverrobotics_gazebo:/home/blank/projects/path-planning/install/roverrobotics_driver:/opt/ros/humble CONDA_PROMPT_MODIFIER=(base) /usr/bin/cmake --build /home/blank/projects/path-planning/build/roverrobotics_gazebo -- -j6 -l6
[1.687s] DEBUG:colcon.colcon_core.event_handler.log_command:Invoked command in '/home/blank/projects/path-planning/build/roverrobotics_driver' returned '0': CMAKE_PREFIX_PATH=${CMAKE_PREFIX_PATH}:/opt/ros/humble CONDA_PROMPT_MODIFIER=(base) /usr/bin/cmake --install /home/blank/projects/path-planning/build/roverrobotics_driver
[1.697s] Level 1:colcon.colcon_core.environment:checking '/home/blank/projects/path-planning/install/roverrobotics_driver' for CMake module files
[1.698s] Level 1:colcon.colcon_core.environment:checking '/home/blank/projects/path-planning/install/roverrobotics_driver' for CMake config files
[1.698s] Level 1:colcon.colcon_core.shell:create_environment_hook('roverrobotics_driver', 'cmake_prefix_path')
[1.710s] INFO:colcon.colcon_core.shell:Creating environment hook '/home/blank/projects/path-planning/install/roverrobotics_driver/share/roverrobotics_driver/hook/cmake_prefix_path.ps1'
[1.711s] INFO:colcon.colcon_core.shell:Creating environment descriptor '/home/blank/projects/path-planning/install/roverrobotics_driver/share/roverrobotics_driver/hook/cmake_prefix_path.dsv'
[1.711s] INFO:colcon.colcon_core.shell:Creating environment hook '/home/blank/projects/path-planning/install/roverrobotics_driver/share/roverrobotics_driver/hook/cmake_prefix_path.sh'
[1.711s] Level 1:colcon.colcon_core.environment:checking '/home/blank/projects/path-planning/install/roverrobotics_driver/lib'
[1.711s] Level 1:colcon.colcon_core.environment:checking '/home/blank/projects/path-planning/install/roverrobotics_driver/bin'
[1.711s] Level 1:colcon.colcon_core.environment:checking '/home/blank/projects/path-planning/install/roverrobotics_driver/lib/pkgconfig/roverrobotics_driver.pc'
[1.711s] Level 1:colcon.colcon_core.environment:checking '/home/blank/projects/path-planning/install/roverrobotics_driver/lib/python3.10/site-packages'
[1.712s] Level 1:colcon.colcon_core.environment:checking '/home/blank/projects/path-planning/install/roverrobotics_driver/bin'
[1.724s] INFO:colcon.colcon_core.shell:Creating package script '/home/blank/projects/path-planning/install/roverrobotics_driver/share/roverrobotics_driver/package.ps1'
[1.725s] INFO:colcon.colcon_core.shell:Creating package descriptor '/home/blank/projects/path-planning/install/roverrobotics_driver/share/roverrobotics_driver/package.dsv'
[1.725s] INFO:colcon.colcon_core.shell:Creating package script '/home/blank/projects/path-planning/install/roverrobotics_driver/share/roverrobotics_driver/package.sh'
[1.725s] INFO:colcon.colcon_core.shell:Creating package script '/home/blank/projects/path-planning/install/roverrobotics_driver/share/roverrobotics_driver/package.bash'
[1.725s] INFO:colcon.colcon_core.shell:Creating package script '/home/blank/projects/path-planning/install/roverrobotics_driver/share/roverrobotics_driver/package.zsh'
[1.726s] Level 1:colcon.colcon_core.environment:create_file_with_runtime_dependencies(/home/blank/projects/path-planning/install/roverrobotics_driver/share/colcon-core/packages/roverrobotics_driver)
[1.727s] DEBUG:colcon.colcon_core.event_handler.log_command:Invoked command in '/home/blank/projects/path-planning/build/roverrobotics_gazebo' returned '0': CMAKE_PREFIX_PATH=/home/blank/projects/path-planning/install/roverrobotics_description:/home/blank/projects/path-planning/install/roverrobotics_input_manager:/home/blank/projects/path-planning/install/roverrobotics_gazebo:/home/blank/projects/path-planning/install/roverrobotics_driver:/opt/ros/humble CONDA_PROMPT_MODIFIER=(base) /usr/bin/cmake --build /home/blank/projects/path-planning/build/roverrobotics_gazebo -- -j6 -l6
[1.742s] DEBUG:colcon.colcon_core.event_handler.log_command:Invoking command in '/home/blank/projects/path-planning/build/roverrobotics_gazebo': CMAKE_PREFIX_PATH=/home/blank/projects/path-planning/install/roverrobotics_description:/home/blank/projects/path-planning/install/roverrobotics_input_manager:/home/blank/projects/path-planning/install/roverrobotics_gazebo:/home/blank/projects/path-planning/install/roverrobotics_driver:/opt/ros/humble CONDA_PROMPT_MODIFIER=(base) /usr/bin/cmake --install /home/blank/projects/path-planning/build/roverrobotics_gazebo
[1.750s] Level 1:colcon.colcon_core.environment:create_environment_scripts_only(roverrobotics_gazebo)
[1.750s] DEBUG:colcon.colcon_core.event_handler.log_command:Invoked command in '/home/blank/projects/path-planning/build/roverrobotics_gazebo' returned '0': CMAKE_PREFIX_PATH=/home/blank/projects/path-planning/install/roverrobotics_description:/home/blank/projects/path-planning/install/roverrobotics_input_manager:/home/blank/projects/path-planning/install/roverrobotics_gazebo:/home/blank/projects/path-planning/install/roverrobotics_driver:/opt/ros/humble CONDA_PROMPT_MODIFIER=(base) /usr/bin/cmake --install /home/blank/projects/path-planning/build/roverrobotics_gazebo
[1.763s] Level 1:colcon.colcon_core.environment:checking '/home/blank/projects/path-planning/install/roverrobotics_gazebo' for CMake module files
[1.764s] Level 1:colcon.colcon_core.environment:checking '/home/blank/projects/path-planning/install/roverrobotics_gazebo' for CMake config files
[1.764s] Level 1:colcon.colcon_core.shell:create_environment_hook('roverrobotics_gazebo', 'cmake_prefix_path')
[1.776s] INFO:colcon.colcon_core.shell:Creating environment hook '/home/blank/projects/path-planning/install/roverrobotics_gazebo/share/roverrobotics_gazebo/hook/cmake_prefix_path.ps1'
[1.777s] INFO:colcon.colcon_core.shell:Creating environment descriptor '/home/blank/projects/path-planning/install/roverrobotics_gazebo/share/roverrobotics_gazebo/hook/cmake_prefix_path.dsv'
[1.777s] INFO:colcon.colcon_core.shell:Creating environment hook '/home/blank/projects/path-planning/install/roverrobotics_gazebo/share/roverrobotics_gazebo/hook/cmake_prefix_path.sh'
[1.777s] Level 1:colcon.colcon_core.environment:checking '/home/blank/projects/path-planning/install/roverrobotics_gazebo/bin'
[1.777s] Level 1:colcon.colcon_core.environment:checking '/home/blank/projects/path-planning/install/roverrobotics_gazebo/lib/pkgconfig/roverrobotics_gazebo.pc'
[1.777s] Level 1:colcon.colcon_core.environment:checking '/home/blank/projects/path-planning/install/roverrobotics_gazebo/lib/python3.10/site-packages'
[1.778s] Level 1:colcon.colcon_core.environment:checking '/home/blank/projects/path-planning/install/roverrobotics_gazebo/bin'
[1.790s] INFO:colcon.colcon_core.shell:Creating package script '/home/blank/projects/path-planning/install/roverrobotics_gazebo/share/roverrobotics_gazebo/package.ps1'
[1.791s] INFO:colcon.colcon_core.shell:Creating package descriptor '/home/blank/projects/path-planning/install/roverrobotics_gazebo/share/roverrobotics_gazebo/package.dsv'
[1.791s] INFO:colcon.colcon_core.shell:Creating package script '/home/blank/projects/path-planning/install/roverrobotics_gazebo/share/roverrobotics_gazebo/package.sh'
[1.791s] INFO:colcon.colcon_core.shell:Creating package script '/home/blank/projects/path-planning/install/roverrobotics_gazebo/share/roverrobotics_gazebo/package.bash'
[1.792s] INFO:colcon.colcon_core.shell:Creating package script '/home/blank/projects/path-planning/install/roverrobotics_gazebo/share/roverrobotics_gazebo/package.zsh'
[1.792s] Level 1:colcon.colcon_core.environment:create_file_with_runtime_dependencies(/home/blank/projects/path-planning/install/roverrobotics_gazebo/share/colcon-core/packages/roverrobotics_gazebo)
[1.806s] Level 1:colcon.colcon_core.environment:create_environment_scripts_only(roverrobotics_driver)
[1.818s] Level 1:colcon.colcon_core.environment:checking '/home/blank/projects/path-planning/install/roverrobotics_driver' for CMake module files
[1.819s] Level 1:colcon.colcon_core.environment:checking '/home/blank/projects/path-planning/install/roverrobotics_driver' for CMake config files
[1.819s] Level 1:colcon.colcon_core.shell:create_environment_hook('roverrobotics_driver', 'cmake_prefix_path')
[1.831s] INFO:colcon.colcon_core.shell:Creating environment hook '/home/blank/projects/path-planning/install/roverrobotics_driver/share/roverrobotics_driver/hook/cmake_prefix_path.ps1'
[1.832s] INFO:colcon.colcon_core.shell:Creating environment descriptor '/home/blank/projects/path-planning/install/roverrobotics_driver/share/roverrobotics_driver/hook/cmake_prefix_path.dsv'
[1.832s] INFO:colcon.colcon_core.shell:Creating environment hook '/home/blank/projects/path-planning/install/roverrobotics_driver/share/roverrobotics_driver/hook/cmake_prefix_path.sh'
[1.832s] Level 1:colcon.colcon_core.environment:checking '/home/blank/projects/path-planning/install/roverrobotics_driver/lib'
[1.832s] Level 1:colcon.colcon_core.environment:checking '/home/blank/projects/path-planning/install/roverrobotics_driver/bin'
[1.832s] Level 1:colcon.colcon_core.environment:checking '/home/blank/projects/path-planning/install/roverrobotics_driver/lib/pkgconfig/roverrobotics_driver.pc'
[1.832s] Level 1:colcon.colcon_core.environment:checking '/home/blank/projects/path-planning/install/roverrobotics_driver/lib/python3.10/site-packages'
[1.833s] Level 1:colcon.colcon_core.environment:checking '/home/blank/projects/path-planning/install/roverrobotics_driver/bin'
[1.845s] INFO:colcon.colcon_core.shell:Creating package script '/home/blank/projects/path-planning/install/roverrobotics_driver/share/roverrobotics_driver/package.ps1'
[1.846s] INFO:colcon.colcon_core.shell:Creating package descriptor '/home/blank/projects/path-planning/install/roverrobotics_driver/share/roverrobotics_driver/package.dsv'
[1.846s] INFO:colcon.colcon_core.shell:Creating package script '/home/blank/projects/path-planning/install/roverrobotics_driver/share/roverrobotics_driver/package.sh'
[1.846s] INFO:colcon.colcon_core.shell:Creating package script '/home/blank/projects/path-planning/install/roverrobotics_driver/share/roverrobotics_driver/package.bash'
[1.847s] INFO:colcon.colcon_core.shell:Creating package script '/home/blank/projects/path-planning/install/roverrobotics_driver/share/roverrobotics_driver/package.zsh'
[1.847s] Level 1:colcon.colcon_core.environment:create_file_with_runtime_dependencies(/home/blank/projects/path-planning/install/roverrobotics_driver/share/colcon-core/packages/roverrobotics_driver)
[1.860s] Level 1:colcon.colcon_core.environment:create_environment_scripts_only(roverrobotics_gazebo)
[1.873s] Level 1:colcon.colcon_core.environment:checking '/home/blank/projects/path-planning/install/roverrobotics_gazebo' for CMake module files
[1.873s] Level 1:colcon.colcon_core.environment:checking '/home/blank/projects/path-planning/install/roverrobotics_gazebo' for CMake config files
[1.873s] Level 1:colcon.colcon_core.shell:create_environment_hook('roverrobotics_gazebo', 'cmake_prefix_path')
[1.886s] INFO:colcon.colcon_core.shell:Creating environment hook '/home/blank/projects/path-planning/install/roverrobotics_gazebo/share/roverrobotics_gazebo/hook/cmake_prefix_path.ps1'
[1.886s] INFO:colcon.colcon_core.shell:Creating environment descriptor '/home/blank/projects/path-planning/install/roverrobotics_gazebo/share/roverrobotics_gazebo/hook/cmake_prefix_path.dsv'
[1.887s] INFO:colcon.colcon_core.shell:Creating environment hook '/home/blank/projects/path-planning/install/roverrobotics_gazebo/share/roverrobotics_gazebo/hook/cmake_prefix_path.sh'
[1.887s] Level 1:colcon.colcon_core.environment:checking '/home/blank/projects/path-planning/install/roverrobotics_gazebo/bin'
[1.887s] Level 1:colcon.colcon_core.environment:checking '/home/blank/projects/path-planning/install/roverrobotics_gazebo/lib/pkgconfig/roverrobotics_gazebo.pc'
[1.887s] Level 1:colcon.colcon_core.environment:checking '/home/blank/projects/path-planning/install/roverrobotics_gazebo/lib/python3.10/site-packages'
[1.887s] Level 1:colcon.colcon_core.environment:checking '/home/blank/projects/path-planning/install/roverrobotics_gazebo/bin'
[1.900s] INFO:colcon.colcon_core.shell:Creating package script '/home/blank/projects/path-planning/install/roverrobotics_gazebo/share/roverrobotics_gazebo/package.ps1'
[1.900s] INFO:colcon.colcon_core.shell:Creating package descriptor '/home/blank/projects/path-planning/install/roverrobotics_gazebo/share/roverrobotics_gazebo/package.dsv'
[1.901s] INFO:colcon.colcon_core.shell:Creating package script '/home/blank/projects/path-planning/install/roverrobotics_gazebo/share/roverrobotics_gazebo/package.sh'
[1.901s] INFO:colcon.colcon_core.shell:Creating package script '/home/blank/projects/path-planning/install/roverrobotics_gazebo/share/roverrobotics_gazebo/package.bash'
[1.901s] INFO:colcon.colcon_core.shell:Creating package script '/home/blank/projects/path-planning/install/roverrobotics_gazebo/share/roverrobotics_gazebo/package.zsh'
[1.901s] Level 1:colcon.colcon_core.environment:create_file_with_runtime_dependencies(/home/blank/projects/path-planning/install/roverrobotics_gazebo/share/colcon-core/packages/roverrobotics_gazebo)
[1.902s] DEBUG:colcon.colcon_parallel_executor.executor.parallel:closing loop
[1.902s] DEBUG:colcon.colcon_parallel_executor.executor.parallel:loop closed
[1.902s] DEBUG:colcon.colcon_parallel_executor.executor.parallel:run_until_complete finished with '0'
[1.902s] DEBUG:colcon.colcon_core.event_reactor:joining thread
[1.918s] INFO:colcon.colcon_core.plugin_system:Skipping extension 'colcon_notification.desktop_notification.terminal_notifier': Not used on non-Darwin systems
[1.918s] INFO:colcon.colcon_core.plugin_system:Skipping extension 'colcon_notification.desktop_notification.win32': Not used on non-Windows systems
[1.918s] INFO:colcon.colcon_notification.desktop_notification:Sending desktop notification using 'notify2'
[1.926s] DEBUG:colcon.colcon_core.event_reactor:joined thread
[1.939s] INFO:colcon.colcon_core.shell:Creating prefix script '/home/blank/projects/path-planning/install/local_setup.ps1'
[1.940s] INFO:colcon.colcon_core.shell:Creating prefix util module '/home/blank/projects/path-planning/install/_local_setup_util_ps1.py'
[1.941s] INFO:colcon.colcon_core.shell:Creating prefix chain script '/home/blank/projects/path-planning/install/setup.ps1'
[1.954s] INFO:colcon.colcon_core.shell:Creating prefix script '/home/blank/projects/path-planning/install/local_setup.sh'
[1.954s] INFO:colcon.colcon_core.shell:Creating prefix util module '/home/blank/projects/path-planning/install/_local_setup_util_sh.py'
[1.955s] INFO:colcon.colcon_core.shell:Creating prefix chain script '/home/blank/projects/path-planning/install/setup.sh'
[1.977s] INFO:colcon.colcon_core.shell:Creating prefix script '/home/blank/projects/path-planning/install/local_setup.bash'
[1.978s] INFO:colcon.colcon_core.shell:Creating prefix chain script '/home/blank/projects/path-planning/install/setup.bash'
[1.991s] INFO:colcon.colcon_core.shell:Creating prefix script '/home/blank/projects/path-planning/install/local_setup.zsh'
[1.991s] INFO:colcon.colcon_core.shell:Creating prefix chain script '/home/blank/projects/path-planning/install/setup.zsh'
