[0.166s] Invoking command in '/home/blank/projects/path-planning/build/roverrobotics_description': CMAKE_PREFIX_PATH=${CMAKE_PREFIX_PATH}:/opt/ros/humble CONDA_PROMPT_MODIFIER=(base) /usr/bin/cmake --build /home/blank/projects/path-planning/build/roverrobotics_description -- -j6 -l6
[0.192s] Invoked command in '/home/blank/projects/path-planning/build/roverrobotics_description' returned '0': CMAKE_PREFIX_PATH=${CMAKE_PREFIX_PATH}:/opt/ros/humble CONDA_PROMPT_MODIFIER=(base) /usr/bin/cmake --build /home/blank/projects/path-planning/build/roverrobotics_description -- -j6 -l6
[0.214s] Invoking command in '/home/blank/projects/path-planning/build/roverrobotics_description': CMAKE_PREFIX_PATH=${CMAKE_PREFIX_PATH}:/opt/ros/humble CONDA_PROMPT_MODIFIER=(base) /usr/bin/cmake --install /home/blank/projects/path-planning/build/roverrobotics_description
[0.220s] -- Install configuration: ""
[0.220s] -- Up-to-date: /home/blank/projects/path-planning/install/roverrobotics_description/share/roverrobotics_description/rviz
[0.220s] -- Up-to-date: /home/blank/projects/path-planning/install/roverrobotics_description/share/roverrobotics_description/rviz/urdf.rviz
[0.221s] -- Up-to-date: /home/blank/projects/path-planning/install/roverrobotics_description/share/roverrobotics_description/launch
[0.221s] -- Up-to-date: /home/blank/projects/path-planning/install/roverrobotics_description/share/roverrobotics_description/launch/display_flipper.launch.py
[0.222s] -- Up-to-date: /home/blank/projects/path-planning/install/roverrobotics_description/share/roverrobotics_description/launch/display_2wd_rover.launch.py
[0.222s] -- Up-to-date: /home/blank/projects/path-planning/install/roverrobotics_description/share/roverrobotics_description/launch/display_indoor_miti.launch.py
[0.222s] -- Up-to-date: /home/blank/projects/path-planning/install/roverrobotics_description/share/roverrobotics_description/launch/display_4wd_rover.launch.py
[0.222s] -- Up-to-date: /home/blank/projects/path-planning/install/roverrobotics_description/share/roverrobotics_description/launch/display_mini.launch.py
[0.222s] -- Up-to-date: /home/blank/projects/path-planning/install/roverrobotics_description/share/roverrobotics_description/launch/display_miti.launch.py
[0.222s] -- Up-to-date: /home/blank/projects/path-planning/install/roverrobotics_description/share/roverrobotics_description/meshes
[0.222s] -- Up-to-date: /home/blank/projects/path-planning/install/roverrobotics_description/share/roverrobotics_description/meshes/hub_6.5in.dae
[0.222s] -- Up-to-date: /home/blank/projects/path-planning/install/roverrobotics_description/share/roverrobotics_description/meshes/mini_chassis.dae
[0.222s] -- Up-to-date: /home/blank/projects/path-planning/install/roverrobotics_description/share/roverrobotics_description/meshes/flipper_track.dae
[0.222s] -- Up-to-date: /home/blank/projects/path-planning/install/roverrobotics_description/share/roverrobotics_description/meshes/rover_payload.dae
[0.223s] -- Up-to-date: /home/blank/projects/path-planning/install/roverrobotics_description/share/roverrobotics_description/meshes/castor_housing.dae
[0.223s] -- Up-to-date: /home/blank/projects/path-planning/install/roverrobotics_description/share/roverrobotics_description/meshes/pro_tire.dae
[0.223s] -- Up-to-date: /home/blank/projects/path-planning/install/roverrobotics_description/share/roverrobotics_description/meshes/flipper_chassis.dae
[0.223s] -- Up-to-date: /home/blank/projects/path-planning/install/roverrobotics_description/share/roverrobotics_description/meshes/rplidar_s2.dae
[0.223s] -- Up-to-date: /home/blank/projects/path-planning/install/roverrobotics_description/share/roverrobotics_description/meshes/hub_10in.dae
[0.223s] -- Up-to-date: /home/blank/projects/path-planning/install/roverrobotics_description/share/roverrobotics_description/meshes/flipper.dae
[0.223s] -- Up-to-date: /home/blank/projects/path-planning/install/roverrobotics_description/share/roverrobotics_description/meshes/castor.dae
[0.224s] -- Up-to-date: /home/blank/projects/path-planning/install/roverrobotics_description/share/roverrobotics_description/meshes/miti_chassis.dae
[0.224s] -- Up-to-date: /home/blank/projects/path-planning/install/roverrobotics_description/share/roverrobotics_description/meshes/rover_2wd_core.dae
[0.224s] -- Up-to-date: /home/blank/projects/path-planning/install/roverrobotics_description/share/roverrobotics_description/urdf
[0.224s] -- Up-to-date: /home/blank/projects/path-planning/install/roverrobotics_description/share/roverrobotics_description/urdf/mini.urdf
[0.225s] -- Up-to-date: /home/blank/projects/path-planning/install/roverrobotics_description/share/roverrobotics_description/urdf/flipper.urdf
[0.225s] -- Up-to-date: /home/blank/projects/path-planning/install/roverrobotics_description/share/roverrobotics_description/urdf/miti.urdf
[0.225s] -- Up-to-date: /home/blank/projects/path-planning/install/roverrobotics_description/share/roverrobotics_description/urdf/accessories
[0.225s] -- Up-to-date: /home/blank/projects/path-planning/install/roverrobotics_description/share/roverrobotics_description/urdf/accessories/rplidar_s2.urdf
[0.225s] -- Up-to-date: /home/blank/projects/path-planning/install/roverrobotics_description/share/roverrobotics_description/urdf/accessories/imu.urdf
[0.225s] -- Up-to-date: /home/blank/projects/path-planning/install/roverrobotics_description/share/roverrobotics_description/urdf/accessories/rover_dev_payload.urdf
[0.225s] -- Installing: /home/blank/projects/path-planning/install/roverrobotics_description/share/roverrobotics_description/urdf/accessories/gps.urdf
[0.226s] -- Up-to-date: /home/blank/projects/path-planning/install/roverrobotics_description/share/roverrobotics_description/urdf/rover_2wd.urdf
[0.226s] -- Up-to-date: /home/blank/projects/path-planning/install/roverrobotics_description/share/roverrobotics_description/urdf/indoor_miti.urdf
[0.226s] -- Up-to-date: /home/blank/projects/path-planning/install/roverrobotics_description/share/roverrobotics_description/urdf/rover_4wd.urdf
[0.226s] -- Up-to-date: /home/blank/projects/path-planning/install/roverrobotics_description/share/ament_index/resource_index/package_run_dependencies/roverrobotics_description
[0.226s] -- Up-to-date: /home/blank/projects/path-planning/install/roverrobotics_description/share/ament_index/resource_index/parent_prefix_path/roverrobotics_description
[0.226s] -- Up-to-date: /home/blank/projects/path-planning/install/roverrobotics_description/share/roverrobotics_description/environment/ament_prefix_path.sh
[0.226s] -- Up-to-date: /home/blank/projects/path-planning/install/roverrobotics_description/share/roverrobotics_description/environment/ament_prefix_path.dsv
[0.226s] -- Up-to-date: /home/blank/projects/path-planning/install/roverrobotics_description/share/roverrobotics_description/environment/path.sh
[0.226s] -- Up-to-date: /home/blank/projects/path-planning/install/roverrobotics_description/share/roverrobotics_description/environment/path.dsv
[0.226s] -- Up-to-date: /home/blank/projects/path-planning/install/roverrobotics_description/share/roverrobotics_description/local_setup.bash
[0.227s] -- Up-to-date: /home/blank/projects/path-planning/install/roverrobotics_description/share/roverrobotics_description/local_setup.sh
[0.227s] -- Up-to-date: /home/blank/projects/path-planning/install/roverrobotics_description/share/roverrobotics_description/local_setup.zsh
[0.227s] -- Up-to-date: /home/blank/projects/path-planning/install/roverrobotics_description/share/roverrobotics_description/local_setup.dsv
[0.228s] -- Installing: /home/blank/projects/path-planning/install/roverrobotics_description/share/roverrobotics_description/package.dsv
[0.228s] -- Up-to-date: /home/blank/projects/path-planning/install/roverrobotics_description/share/ament_index/resource_index/packages/roverrobotics_description
[0.228s] -- Up-to-date: /home/blank/projects/path-planning/install/roverrobotics_description/share/roverrobotics_description/cmake/roverrobotics_descriptionConfig.cmake
[0.228s] -- Up-to-date: /home/blank/projects/path-planning/install/roverrobotics_description/share/roverrobotics_description/cmake/roverrobotics_descriptionConfig-version.cmake
[0.229s] -- Up-to-date: /home/blank/projects/path-planning/install/roverrobotics_description/share/roverrobotics_description/package.xml
[0.274s] Invoked command in '/home/blank/projects/path-planning/build/roverrobotics_description' returned '0': CMAKE_PREFIX_PATH=${CMAKE_PREFIX_PATH}:/opt/ros/humble CONDA_PROMPT_MODIFIER=(base) /usr/bin/cmake --install /home/blank/projects/path-planning/build/roverrobotics_description
